2025-09-12 02:43:21,477 [INFO] Them Dogs Gonna Get'm
2025-09-12 02:43:22,736 [INFO] Launching headless Chromium
2025-09-12 02:43:24,030 [INFO] Visiting NYPD Trials: https://www.nyc.gov/site/nypd/bureaus/administrative/trials.page
2025-09-12 02:43:26,558 [INFO] Found 1 tables on the NYPD Trials page
2025-09-12 02:43:27,716 [INFO] Table scored 7.0 points based on keywords
2025-09-12 02:43:27,716 [INFO] Selected 1 tables with threshold >= 2
2025-09-12 02:43:28,675 [INFO] Extracted 15 rows from table (headers: ['Date', 'Time', 'Rank', 'Name', 'Trial Room', 'Case Type'])
2025-09-12 02:43:28,675 [INFO] Table #1: extracted 15 rows
2025-09-12 02:43:28,675 [INFO] Record #1 parsed Name -> First: 'Frankie' Last: 'Palaguachi'
2025-09-12 02:43:28,675 [INFO] Record #2 parsed Name -> First: 'Jenrryis' Last: 'Fiallo'
2025-09-12 02:43:28,676 [INFO] Record #3 parsed Name -> First: 'Jeffrey' Last: 'Lansinger'
2025-09-12 02:43:28,676 [INFO] Record #4 parsed Name -> First: 'Alan' Last: 'Ye'
2025-09-12 02:43:28,676 [INFO] Record #5 parsed Name -> First: 'Alan' Last: 'Ye'
2025-09-12 02:43:28,676 [INFO] Record #6 parsed Name -> First: 'Stephan' Last: 'Grant'
2025-09-12 02:43:28,676 [INFO] Record #7 parsed Name -> First: 'Steven' Last: 'Dulcey'
2025-09-12 02:43:28,676 [INFO] Record #8 parsed Name -> First: 'Matthew' Last: 'Arguinzoni'
2025-09-12 02:43:28,676 [INFO] Record #9 parsed Name -> First: 'Harry' Last: 'Espinal'
2025-09-12 02:43:28,676 [INFO] Record #10 parsed Name -> First: 'Brooks' Last: 'Ingram'
2025-09-12 02:43:28,676 [INFO] Record #11 parsed Name -> First: 'Laura' Last: 'Devoy'
2025-09-12 02:43:28,676 [INFO] Record #12 parsed Name -> First: 'Richard' Last: 'Zimmer'
2025-09-12 02:43:28,676 [INFO] Record #13 parsed Name -> First: 'Joel' Last: 'Ayala'
2025-09-12 02:43:28,676 [INFO] Record #14 parsed Name -> First: 'Jonathan' Last: 'Baptiste'
2025-09-12 02:43:28,676 [INFO] Record #15 parsed Name -> First: 'Andres' Last: 'Matos'
2025-09-12 02:43:28,676 [INFO] Total trial records extracted: 15
2025-09-12 02:43:28,676 [INFO] Main: extracted 15 records from NYPDTRIAL
2025-09-12 02:43:28,677 [INFO] Main: beginning 50-a enrichment pass
2025-09-12 02:43:28,677 [INFO] Main: 50-a enrich record #1 - Frankie Palaguachi
2025-09-12 02:43:28,677 [INFO] 50-a: Searching for 'Frankie Palaguachi' (First='Frankie' Last='Palaguachi')
2025-09-12 02:43:30,080 [INFO] 50-a: loaded https://www.50-a.org/
2025-09-12 02:43:30,357 [INFO] 50-a: 5 search results for 'Frankie Palaguachi'
2025-09-12 02:43:30,372 [INFO] 50-a: candidate#1 'Palaguachi, Frankie F.' -> First='Frankie' Last='Palaguachi'
2025-09-12 02:43:30,373 [INFO] 50-a: exact match found on candidate#1 'Palaguachi, Frankie F.'
2025-09-12 02:43:30,632 [INFO] 50-a: officer profile loaded
2025-09-12 02:43:30,655 [INFO] 50-a: identity snippet (first 300 chars): Frankie F. Palaguachi
Badge #27476, Hispanic Male
Police Officer at Quartermaster Section since April 2024
Also served at Housing Bureau, Patrol Services Bureau, Transit Bureau
Service started January 2015, made $210,000 last year, Tax #957932
2025-09-12 02:43:30,687 [INFO] 50-a: badge extracted via selector 'span.badge': 27476
2025-09-12 02:43:30,710 [INFO] 50-a: service_start parsed: 01/01/2015
2025-09-12 02:43:30,723 [INFO] 50-a: last_earned extracted from span.compensation: $210,000
2025-09-12 02:43:30,733 [INFO] 50-a: has_discipline=N has_articles=N
2025-09-12 02:43:30,741 [INFO] 50-a: enrichment complete for 'Frankie Palaguachi' (badge=27476, pct=59, started=01/01/2015, last_earned=$210,000)
2025-09-12 02:43:30,741 [INFO] Main: 50-a enrich record #2 - Jenrryis Fiallo
2025-09-12 02:43:30,741 [INFO] 50-a: Searching for 'Jenrryis Fiallo' (First='Jenrryis' Last='Fiallo')
2025-09-12 02:43:31,262 [INFO] 50-a: loaded https://www.50-a.org/
2025-09-12 02:43:31,506 [INFO] 50-a: 2 search results for 'Jenrryis Fiallo'
2025-09-12 02:43:31,519 [INFO] 50-a: candidate#1 'Fiallo, Jenrryis' -> First='Jenrryis' Last='Fiallo'
2025-09-12 02:43:31,519 [INFO] 50-a: exact match found on candidate#1 'Fiallo, Jenrryis'
2025-09-12 02:43:31,913 [INFO] 50-a: officer profile loaded
2025-09-12 02:43:31,930 [INFO] 50-a: identity snippet (first 300 chars): Jenrryis Fiallo
Badge #21907, Hispanic Male
Police Officer at Brooklyn Court Section since June 2022
Also served at Transit Bureau District 20
Service started July 2015, made $238,000 last year, Tax #958588


Substantiated Allegations:
Abuse of Authority: Failure to provide RTKA card (2)
Abuse of Au
2025-09-12 02:43:31,944 [INFO] 50-a: badge extracted via selector 'span.badge': 21907
2025-09-12 02:43:31,959 [INFO] 50-a: service_start parsed: 07/01/2015
2025-09-12 02:43:31,973 [INFO] 50-a: last_earned extracted from span.compensation: $238,000
2025-09-12 02:43:31,993 [INFO] 50-a: has_discipline=Y has_articles=N
2025-09-12 02:43:32,065 [INFO] 50-a: summary 'Allegations' -> 4
2025-09-12 02:43:32,092 [INFO] 50-a: summary 'Substantiated' -> 4
2025-09-12 02:43:32,122 [INFO] 50-a: enrichment complete for 'Jenrryis Fiallo' (badge=21907, pct=36, started=07/01/2015, last_earned=$238,000)
2025-09-12 02:43:32,122 [INFO] Main: 50-a enrich record #3 - Jeffrey Lansinger
2025-09-12 02:43:32,122 [INFO] 50-a: Searching for 'Jeffrey Lansinger' (First='Jeffrey' Last='Lansinger')
2025-09-12 02:43:32,647 [INFO] 50-a: loaded https://www.50-a.org/
2025-09-12 02:43:32,906 [INFO] 50-a: 19 search results for 'Jeffrey Lansinger'
2025-09-12 02:43:32,937 [INFO] 50-a: candidate#1 'Lansinger, Jeffrey J.' -> First='Jeffrey' Last='Lansinger'
2025-09-12 02:43:32,938 [INFO] 50-a: exact match found on candidate#1 'Lansinger, Jeffrey J.'
2025-09-12 02:43:33,123 [INFO] 50-a: officer profile loaded
2025-09-12 02:43:33,139 [INFO] 50-a: identity snippet (first 300 chars): Jeffrey J. Lansinger
Badge #4415, White Male
Detective Grade 3 at Real Time Crime Center since December 2021
Also served at 123rd Precinct Detective Squad
Service started July 2012, made $191,000 last year, Tax #952963
2025-09-12 02:43:33,152 [INFO] 50-a: badge extracted via selector 'span.badge': 4415
2025-09-12 02:43:33,166 [INFO] 50-a: service_start parsed: 07/01/2012
2025-09-12 02:43:33,179 [INFO] 50-a: last_earned extracted from span.compensation: $191,000
2025-09-12 02:43:33,190 [INFO] 50-a: has_discipline=N has_articles=N
2025-09-12 02:43:33,198 [INFO] 50-a: enrichment complete for 'Jeffrey Lansinger' (badge=4415, pct=375, started=07/01/2012, last_earned=$191,000)
2025-09-12 02:43:33,199 [INFO] Main: 50-a enrich record #4 - Alan Ye
2025-09-12 02:43:33,199 [INFO] 50-a: Searching for 'Alan Ye' (First='Alan' Last='Ye')
2025-09-12 02:43:33,721 [INFO] 50-a: loaded https://www.50-a.org/
2025-09-12 02:43:40,596 [INFO] 50-a: 13 search results for 'Alan Ye'
2025-09-12 02:43:40,612 [INFO] 50-a: candidate#1 'Ye, Alan M.' -> First='Alan' Last='Ye'
2025-09-12 02:43:40,612 [INFO] 50-a: exact match found on candidate#1 'Ye, Alan M.'
2025-09-12 02:43:40,810 [INFO] 50-a: officer profile loaded
2025-09-12 02:43:40,827 [INFO] 50-a: identity snippet (first 300 chars): Alan M. Ye
Badge #3354, Asian Male
Sergeant at 60th Precinct since March 2022
Also served at 81st Precinct
Service started January 2006, made $179,000 last year, Tax #940930


Lawsuit Settlements:
$15,001   Andrews v. City of New York et al, EDNY
View Details
2025-09-12 02:43:40,842 [INFO] 50-a: badge extracted via selector 'span.badge': 3354
2025-09-12 02:43:40,854 [INFO] 50-a: service_start parsed: 01/01/2006
2025-09-12 02:43:40,868 [INFO] 50-a: last_earned extracted from span.compensation: $179,000
2025-09-12 02:43:40,878 [INFO] 50-a: has_discipline=N has_articles=N
2025-09-12 02:43:40,975 [INFO] 50-a: summary 'Substantiated' -> 0
2025-09-12 02:43:41,004 [INFO] 50-a: summary 'Unsubstantiated' -> 1
2025-09-12 02:43:41,015 [INFO] 50-a: lawsuits=2 settlements=15001
2025-09-12 02:43:41,016 [INFO] 50-a: enrichment complete for 'Alan Ye' (badge=3354, pct=60, started=01/01/2006, last_earned=$179,000)
2025-09-12 02:43:41,016 [INFO] Main: 50-a enrich record #5 - Alan Ye
2025-09-12 02:43:41,016 [INFO] 50-a: Searching for 'Alan Ye' (First='Alan' Last='Ye')
2025-09-12 02:43:41,540 [INFO] 50-a: loaded https://www.50-a.org/
2025-09-12 02:43:41,661 [INFO] 50-a: 13 search results for 'Alan Ye'
2025-09-12 02:43:41,672 [INFO] 50-a: candidate#1 'Ye, Alan M.' -> First='Alan' Last='Ye'
2025-09-12 02:43:41,672 [INFO] 50-a: exact match found on candidate#1 'Ye, Alan M.'
2025-09-12 02:43:41,766 [INFO] 50-a: officer profile loaded
2025-09-12 02:43:41,790 [INFO] 50-a: identity snippet (first 300 chars): Alan M. Ye
Badge #3354, Asian Male
Sergeant at 60th Precinct since March 2022
Also served at 81st Precinct
Service started January 2006, made $179,000 last year, Tax #940930


Lawsuit Settlements:
$15,001   Andrews v. City of New York et al, EDNY
View Details
2025-09-12 02:43:41,810 [INFO] 50-a: badge extracted via selector 'span.badge': 3354
2025-09-12 02:43:41,827 [INFO] 50-a: service_start parsed: 01/01/2006
2025-09-12 02:43:41,844 [INFO] 50-a: last_earned extracted from span.compensation: $179,000
2025-09-12 02:43:41,857 [INFO] 50-a: has_discipline=N has_articles=N
2025-09-12 02:43:41,977 [INFO] 50-a: summary 'Substantiated' -> 0
2025-09-12 02:43:42,008 [INFO] 50-a: summary 'Unsubstantiated' -> 1
2025-09-12 02:43:42,023 [INFO] 50-a: lawsuits=2 settlements=15001
2025-09-12 02:43:42,023 [INFO] 50-a: enrichment complete for 'Alan Ye' (badge=3354, pct=60, started=01/01/2006, last_earned=$179,000)
2025-09-12 02:43:42,023 [INFO] Main: 50-a enrich record #6 - Stephan Grant
2025-09-12 02:43:42,023 [INFO] 50-a: Searching for 'Stephan Grant' (First='Stephan' Last='Grant')
2025-09-12 02:43:42,550 [INFO] 50-a: loaded https://www.50-a.org/
2025-09-12 02:43:50,423 [INFO] 50-a: 28 search results for 'Stephan Grant'
2025-09-12 02:43:50,436 [INFO] 50-a: candidate#1 'Grant, Stephan C.' -> First='Stephan' Last='Grant'
2025-09-12 02:43:50,436 [INFO] 50-a: exact match found on candidate#1 'Grant, Stephan C.'
2025-09-12 02:43:50,629 [INFO] 50-a: officer profile loaded
2025-09-12 02:43:50,655 [INFO] 50-a: identity snippet (first 300 chars): Stephan C. Grant
Badge #21275, Black Male
Police Officer at 23rd Precinct since April 2023
Also served at Military and Extended Leave Desk
Service started January 2017, made $197,000 last year, Tax #963058


Substantiated Allegations:
Force: Nonlethal restraining device
Force: Physical force



Disc
2025-09-12 02:43:50,668 [INFO] 50-a: badge extracted via selector 'span.badge': 21275
2025-09-12 02:43:50,682 [INFO] 50-a: service_start parsed: 01/01/2017
2025-09-12 02:43:50,694 [INFO] 50-a: last_earned extracted from span.compensation: $197,000
2025-09-12 02:43:50,716 [INFO] 50-a: has_discipline=Y has_articles=N
2025-09-12 02:43:50,767 [INFO] 50-a: summary 'Complaints' -> 2
2025-09-12 02:43:50,795 [INFO] 50-a: summary 'Allegations' -> 5
2025-09-12 02:43:50,822 [INFO] 50-a: summary 'Substantiated' -> 2
2025-09-12 02:43:50,850 [INFO] 50-a: summary 'Substantiated (Charges)' -> 2
2025-09-12 02:43:50,927 [INFO] 50-a: summary 'Within NYPD Guidelines' -> 1
2025-09-12 02:43:50,940 [INFO] 50-a: lawsuits=2 settlements=20000
2025-09-12 02:43:50,940 [INFO] 50-a: enrichment complete for 'Stephan Grant' (badge=21275, pct=23, started=01/01/2017, last_earned=$197,000)
2025-09-12 02:43:50,940 [INFO] Main: 50-a enrich record #7 - Steven Dulcey
2025-09-12 02:43:50,940 [INFO] 50-a: Searching for 'Steven Dulcey' (First='Steven' Last='Dulcey')
2025-09-12 02:43:51,461 [INFO] 50-a: loaded https://www.50-a.org/
2025-09-12 02:44:00,393 [INFO] 50-a: 28 search results for 'Steven Dulcey'
2025-09-12 02:44:00,407 [INFO] 50-a: candidate#1 'Dulcey, Steven E.' -> First='Steven' Last='Dulcey'
2025-09-12 02:44:00,407 [INFO] 50-a: exact match found on candidate#1 'Dulcey, Steven E.'
2025-09-12 02:44:00,630 [INFO] 50-a: officer profile loaded
2025-09-12 02:44:00,654 [INFO] 50-a: identity snippet (first 300 chars): Steven E. Dulcey
Badge #5205, Hispanic Male
Police Officer at Police Service Area 4 VIPER since June 2023
Also served at Specialized Training Section, Military and Extended Leave Desk, Police Service Area 3
Service started October 2017, made $129,000 last year, Tax #964497


Substantiated Allegation
2025-09-12 02:44:00,670 [INFO] 50-a: badge extracted via selector 'span.badge': 5205
2025-09-12 02:44:00,685 [INFO] 50-a: service_start parsed: 10/01/2017
2025-09-12 02:44:00,703 [INFO] 50-a: last_earned extracted from span.compensation: $129,000
2025-09-12 02:44:00,728 [INFO] 50-a: has_discipline=Y has_articles=N
2025-09-12 02:44:00,779 [INFO] 50-a: summary 'Complaints' -> 3
2025-09-12 02:44:00,807 [INFO] 50-a: summary 'Allegations' -> 7
2025-09-12 02:44:00,837 [INFO] 50-a: summary 'Substantiated' -> 2
2025-09-12 02:44:00,945 [INFO] 50-a: enrichment complete for 'Steven Dulcey' (badge=5205, pct=931, started=10/01/2017, last_earned=$129,000)
2025-09-12 02:44:00,945 [INFO] Main: 50-a enrich record #8 - Matthew Arguinzoni
2025-09-12 02:44:00,945 [INFO] 50-a: Searching for 'Matthew Arguinzoni' (First='Matthew' Last='Arguinzoni')
2025-09-12 02:44:01,470 [INFO] 50-a: loaded https://www.50-a.org/
2025-09-12 02:44:10,402 [INFO] 50-a: 29 search results for 'Matthew Arguinzoni'
2025-09-12 02:44:10,413 [INFO] 50-a: candidate#1 'Arguinzoni, Matthew A.' -> First='Matthew' Last='Arguinzoni'
2025-09-12 02:44:10,413 [INFO] 50-a: exact match found on candidate#1 'Arguinzoni, Matthew A.'
2025-09-12 02:44:10,597 [INFO] 50-a: officer profile loaded
2025-09-12 02:44:10,614 [INFO] 50-a: identity snippet (first 300 chars): Matthew A. Arguinzoni
Badge #19557, Hispanic Male
Police Officer at Military and Extended Leave Desk since November 2023
Also served at Housing Borough Brooklyn Impact Response Team, Police Service Area 3
Service started July 2017, made $158,000 last year, Tax #963852
2025-09-12 02:44:10,626 [INFO] 50-a: badge extracted via selector 'span.badge': 19557
2025-09-12 02:44:10,637 [INFO] 50-a: service_start parsed: 07/01/2017
2025-09-12 02:44:10,649 [INFO] 50-a: last_earned extracted from span.compensation: $158,000
2025-09-12 02:44:10,658 [INFO] 50-a: has_discipline=N has_articles=N
2025-09-12 02:44:10,665 [INFO] 50-a: enrichment complete for 'Matthew Arguinzoni' (badge=19557, pct=MELD, started=07/01/2017, last_earned=$158,000)
2025-09-12 02:44:10,665 [INFO] Main: 50-a enrich record #9 - Harry Espinal
2025-09-12 02:44:10,665 [INFO] 50-a: Searching for 'Harry Espinal' (First='Harry' Last='Espinal')
2025-09-12 02:44:11,188 [INFO] 50-a: loaded https://www.50-a.org/
2025-09-12 02:44:20,519 [INFO] 50-a: 33 search results for 'Harry Espinal'
2025-09-12 02:44:20,533 [INFO] 50-a: candidate#1 'Espinal, Harry' -> First='Harry' Last='Espinal'
2025-09-12 02:44:20,533 [INFO] 50-a: exact match found on candidate#1 'Espinal, Harry'
2025-09-12 02:44:20,735 [INFO] 50-a: officer profile loaded
2025-09-12 02:44:20,751 [INFO] 50-a: identity snippet (first 300 chars): Harry Espinal
Badge #19236, Hispanic Male
Police Officer at Manhattan Court Section since August 2023
Also served at Specialized Training Section, 88th Precinct
Service started July 2015, made $190,000 last year, Tax #958556
2025-09-12 02:44:20,762 [INFO] 50-a: badge extracted via selector 'span.badge': 19236
2025-09-12 02:44:20,774 [INFO] 50-a: service_start parsed: 07/01/2015
2025-09-12 02:44:20,786 [INFO] 50-a: last_earned extracted from span.compensation: $190,000
2025-09-12 02:44:20,796 [INFO] 50-a: has_discipline=N has_articles=N
2025-09-12 02:44:20,802 [INFO] 50-a: enrichment complete for 'Harry Espinal' (badge=19236, pct=127, started=07/01/2015, last_earned=$190,000)
2025-09-12 02:44:20,802 [INFO] Main: 50-a enrich record #10 - Brooks Ingram
2025-09-12 02:44:20,803 [INFO] 50-a: Searching for 'Brooks Ingram' (First='Brooks' Last='Ingram')
2025-09-12 02:44:21,326 [INFO] 50-a: loaded https://www.50-a.org/
2025-09-12 02:44:30,396 [INFO] 50-a: 12 search results for 'Brooks Ingram'
2025-09-12 02:44:30,410 [INFO] 50-a: candidate#1 'Ingram, Brooks' -> First='Brooks' Last='Ingram'
2025-09-12 02:44:30,410 [INFO] 50-a: exact match found on candidate#1 'Ingram, Brooks'
2025-09-12 02:44:30,594 [INFO] 50-a: officer profile loaded
2025-09-12 02:44:30,611 [INFO] 50-a: identity snippet (first 300 chars): Brooks Ingram
Badge #22859, Black Male
Police Officer at Police Service Area 2 VIPER since September 2024
Also served at Manhattan Court Section, 120th Precinct Detective Squad
Service started January 2017, made $239,000 last year, Tax #963077
2025-09-12 02:44:30,623 [INFO] 50-a: badge extracted via selector 'span.badge': 22859
2025-09-12 02:44:30,634 [INFO] 50-a: service_start parsed: 01/01/2017
2025-09-12 02:44:30,645 [INFO] 50-a: last_earned extracted from span.compensation: $239,000
2025-09-12 02:44:30,654 [INFO] 50-a: has_discipline=N has_articles=N
2025-09-12 02:44:30,700 [INFO] 50-a: summary 'Complaints' -> 2
2025-09-12 02:44:30,726 [INFO] 50-a: summary 'Allegations' -> 2
2025-09-12 02:44:30,750 [INFO] 50-a: summary 'Substantiated' -> 0
2025-09-12 02:44:30,795 [INFO] 50-a: summary 'Unsubstantiated' -> 1
2025-09-12 02:44:30,799 [INFO] 50-a: enrichment complete for 'Brooks Ingram' (badge=22859, pct=929, started=01/01/2017, last_earned=$239,000)
2025-09-12 02:44:30,799 [INFO] Main: 50-a enrich record #11 - Laura Devoy
2025-09-12 02:44:30,799 [INFO] 50-a: Searching for 'Laura Devoy' (First='Laura' Last='Devoy')
2025-09-12 02:44:31,314 [INFO] 50-a: loaded https://www.50-a.org/
2025-09-12 02:44:40,583 [INFO] 50-a: 10 search results for 'Laura Devoy'
2025-09-12 02:44:40,595 [INFO] 50-a: candidate#1 'Delohery, Maura F.' -> First='Maura' Last='Delohery'
2025-09-12 02:44:40,606 [INFO] 50-a: candidate#2 'Delacruzsoriano, Laura T.' -> First='Laura' Last='Delacruzsoriano'
2025-09-12 02:44:40,618 [INFO] 50-a: candidate#3 'Varisco, Laura M.' -> First='Laura' Last='Varisco'
2025-09-12 02:44:40,629 [INFO] 50-a: candidate#4 'Colwell, Laura' -> First='Laura' Last='Colwell'
2025-09-12 02:44:40,640 [INFO] 50-a: candidate#5 'Bromley, Laura E.' -> First='Laura' Last='Bromley'
2025-09-12 02:44:40,651 [INFO] 50-a: candidate#6 'Diblasi, Laura' -> First='Laura' Last='Diblasi'
2025-09-12 02:44:40,662 [INFO] 50-a: candidate#7 'Gaon, Laura M.' -> First='Laura' Last='Gaon'
2025-09-12 02:44:40,674 [INFO] 50-a: candidate#8 'Roberts, Laura' -> First='Laura' Last='Roberts'
2025-09-12 02:44:40,685 [INFO] 50-a: candidate#9 'Torressantana, Laura M.' -> First='Laura' Last='Torressantana'
2025-09-12 02:44:40,696 [INFO] 50-a: candidate#10 'Cespedes, Laura' -> First='Laura' Last='Cespedes'
2025-09-12 02:44:40,696 [WARNING] 50-a: no exact name match found for 'Laura Devoy'. Trying partial-last fallback.
2025-09-12 02:44:40,804 [WARNING] 50-a: still no match for 'Laura Devoy'. Skipping 50-a enrichment.
2025-09-12 02:44:40,805 [INFO] Main: 50-a enrich record #12 - Richard Zimmer
2025-09-12 02:44:40,805 [INFO] 50-a: Searching for 'Richard Zimmer' (First='Richard' Last='Zimmer')
2025-09-12 02:44:41,325 [INFO] 50-a: loaded https://www.50-a.org/
2025-09-12 02:44:50,407 [INFO] 50-a: 14 search results for 'Richard Zimmer'
2025-09-12 02:44:50,419 [INFO] 50-a: candidate#1 'Zimmer, Richard F.' -> First='Richard' Last='Zimmer'
2025-09-12 02:44:50,419 [INFO] 50-a: exact match found on candidate#1 'Zimmer, Richard F.'
2025-09-12 02:44:50,605 [INFO] 50-a: officer profile loaded
2025-09-12 02:44:50,621 [INFO] 50-a: identity snippet (first 300 chars): Richard F. Zimmer
Badge #788, White Male
Detective Grade 3 at 50th Precinct Detective Squad since November 2021
Also served at 50th Precinct, 42nd Precinct
Service started January 2014, made $179,000 last year, Tax #956082



Discipline Cases:

Case: 2019-20012
Closed: 3/22/2019

View Details
2025-09-12 02:44:50,633 [INFO] 50-a: badge extracted via selector 'span.badge': 788
2025-09-12 02:44:50,645 [INFO] 50-a: service_start parsed: 01/01/2014
2025-09-12 02:44:50,656 [INFO] 50-a: last_earned extracted from span.compensation: $179,000
2025-09-12 02:44:50,674 [INFO] 50-a: has_discipline=Y has_articles=N
2025-09-12 02:44:50,735 [INFO] 50-a: summary 'Allegations' -> 2
2025-09-12 02:44:50,757 [INFO] 50-a: summary 'Substantiated' -> 0
2025-09-12 02:44:50,780 [INFO] 50-a: summary 'Unsubstantiated' -> 2
2025-09-12 02:44:50,783 [INFO] 50-a: enrichment complete for 'Richard Zimmer' (badge=788, pct=50, started=01/01/2014, last_earned=$179,000)
2025-09-12 02:44:50,784 [INFO] Main: 50-a enrich record #13 - Joel Ayala
2025-09-12 02:44:50,784 [INFO] 50-a: Searching for 'Joel Ayala' (First='Joel' Last='Ayala')
2025-09-12 02:44:51,306 [INFO] 50-a: loaded https://www.50-a.org/
2025-09-12 02:45:00,467 [INFO] 50-a: 32 search results for 'Joel Ayala'
2025-09-12 02:45:00,479 [INFO] 50-a: candidate#1 'Ayala, Joel K.' -> First='Joel' Last='Ayala'
2025-09-12 02:45:00,479 [INFO] 50-a: exact match found on candidate#1 'Ayala, Joel K.'
2025-09-12 02:45:00,696 [INFO] 50-a: officer profile loaded
2025-09-12 02:45:00,712 [INFO] 50-a: identity snippet (first 300 chars): Joel K. Ayala
Badge #4081, Hispanic Male, 33
Sergeant at 46th Precinct since January 2024
Also served at Gun Violence Suppression Division Zone 02, Patrol Borough Bronx, 52nd Precinct, Strategic Response Group
Service started July 2013, made $210,000 last year, Tax #954509


Substantiated Allegation
2025-09-12 02:45:00,724 [INFO] 50-a: badge extracted via selector 'span.badge': 4081
2025-09-12 02:45:00,735 [INFO] 50-a: service_start parsed: 07/01/2013
2025-09-12 02:45:00,747 [INFO] 50-a: last_earned extracted from span.compensation: $210,000
2025-09-12 02:45:00,785 [INFO] 50-a: has_discipline=Y has_articles=Y
2025-09-12 02:45:00,840 [INFO] 50-a: summary 'Complaints' -> 22
2025-09-12 02:45:00,863 [INFO] 50-a: summary 'Allegations' -> 78
2025-09-12 02:45:00,886 [INFO] 50-a: summary 'Substantiated' -> 31
2025-09-12 02:45:00,957 [INFO] 50-a: summary 'Substantiated (Charges)' -> 3
2025-09-12 02:45:01,141 [INFO] 50-a: summary 'Unsubstantiated' -> 14
2025-09-12 02:45:01,164 [INFO] 50-a: summary 'Within NYPD Guidelines' -> 7
2025-09-12 02:45:01,176 [INFO] 50-a: lawsuits=14 settlements=621000
2025-09-12 02:45:01,177 [INFO] 50-a: enrichment complete for 'Joel Ayala' (badge=4081, pct=46, started=07/01/2013, last_earned=$210,000)
2025-09-12 02:45:01,177 [INFO] Main: 50-a enrich record #14 - Jonathan Baptiste
2025-09-12 02:45:01,177 [INFO] 50-a: Searching for 'Jonathan Baptiste' (First='Jonathan' Last='Baptiste')
2025-09-12 02:45:01,697 [INFO] 50-a: loaded https://www.50-a.org/
2025-09-12 02:45:10,446 [INFO] 50-a: 28 search results for 'Jonathan Baptiste'
2025-09-12 02:45:10,464 [INFO] 50-a: candidate#1 'Baptiste, Jonathan E.' -> First='Jonathan' Last='Baptiste'
2025-09-12 02:45:10,464 [INFO] 50-a: exact match found on candidate#1 'Baptiste, Jonathan E.'
2025-09-12 02:45:10,648 [INFO] 50-a: officer profile loaded
2025-09-12 02:45:10,664 [INFO] 50-a: identity snippet (first 300 chars): Jonathan E. Baptiste
Badge #22798, Black Male
Police Officer at Patrol Borough Bronx Community Response Team since December 2024
Also served at Bx Crt, 52nd Precinct
Service started February 2021, made $105,000 last year, Tax #970985


Substantiated Allegations:
Abuse of Authority: Failure to provid
2025-09-12 02:45:10,675 [INFO] 50-a: badge extracted via selector 'span.badge': 22798
2025-09-12 02:45:10,687 [INFO] 50-a: service_start parsed: 02/01/2021
2025-09-12 02:45:10,699 [INFO] 50-a: last_earned extracted from span.compensation: $105,000
2025-09-12 02:45:10,721 [INFO] 50-a: has_discipline=Y has_articles=N
2025-09-12 02:45:10,769 [INFO] 50-a: summary 'Complaints' -> 7
2025-09-12 02:45:10,794 [INFO] 50-a: summary 'Allegations' -> 28
2025-09-12 02:45:10,818 [INFO] 50-a: summary 'Substantiated' -> 6
2025-09-12 02:45:10,981 [INFO] 50-a: summary 'Within NYPD Guidelines' -> 8
2025-09-12 02:45:10,993 [INFO] 50-a: lawsuits=4 settlements=0
2025-09-12 02:45:10,993 [INFO] 50-a: enrichment complete for 'Jonathan Baptiste' (badge=22798, pct=769, started=02/01/2021, last_earned=$105,000)
2025-09-12 02:45:10,993 [INFO] Main: 50-a enrich record #15 - Andres Matos
2025-09-12 02:45:10,993 [INFO] 50-a: Searching for 'Andres Matos' (First='Andres' Last='Matos')
2025-09-12 02:45:11,512 [INFO] 50-a: loaded https://www.50-a.org/
2025-09-12 02:45:20,559 [INFO] 50-a: 34 search results for 'Andres Matos'
2025-09-12 02:45:20,573 [INFO] 50-a: candidate#1 'Matos, Andres D.' -> First='Andres' Last='Matos'
2025-09-12 02:45:20,574 [INFO] 50-a: exact match found on candidate#1 'Matos, Andres D.'
2025-09-12 02:45:20,757 [INFO] 50-a: officer profile loaded
2025-09-12 02:45:20,774 [INFO] 50-a: identity snippet (first 300 chars): Andres D. Matos
Badge #12432, Hispanic Male
Police Officer at Fleet Services Division since August 2024
Also served at Property Clerk Division, Narcotics Borough Brooklyn North, 63rd Precinct, Real Time Crime Center, Building Maintenance Section
Service started January 2014, made $178,000 last year,
2025-09-12 02:45:20,786 [INFO] 50-a: badge extracted via selector 'span.badge': 12432
2025-09-12 02:45:20,801 [INFO] 50-a: service_start parsed: 01/01/2014
2025-09-12 02:45:20,813 [INFO] 50-a: last_earned extracted from span.compensation: $178,000
2025-09-12 02:45:20,823 [INFO] 50-a: has_discipline=N has_articles=N
2025-09-12 02:45:20,830 [INFO] 50-a: enrichment complete for 'Andres Matos' (badge=12432, pct=27, started=01/01/2014, last_earned=$178,000)
2025-09-12 02:45:20,830 [INFO] Main: beginning payroll enrichment pass
2025-09-12 02:45:20,920 [INFO] Main: payroll enrich record #1 - First='Frankie' Last='Palaguachi'
2025-09-12 02:45:20,920 [INFO] Payroll: Searching for 'Frankie Palaguachi'
2025-09-12 02:45:28,641 [INFO] Payroll: loaded https://data.cityofnewyork.us/City-Government/Citywide-Payroll-Data-Fiscal-Year-/k397-673e/explore/query/SELECT%0A%20%20%60fiscal_year%60%2C%0A%20%20%60payroll_number%60%2C%0A%20%20%60agency_name%60%2C%0A%20%20%60last_name%60%2C%0A%20%20%60first_name%60%2C%0A%20%20%60mid_init%60%2C%0A%20%20%60agency_start_date%60%2C%0A%20%20%60work_location_borough%60%2C%0A%20%20%60title_description%60%2C%0A%20%20%60leave_status_as_of_june_30%60%2C%0A%20%20%60base_salary%60%2C%0A%20%20%60pay_basis%60%2C%0A%20%20%60regular_hours%60%2C%0A%20%20%60regular_gross_paid%60%2C%0A%20%20%60ot_hours%60%2C%0A%20%20%60total_ot_paid%60%2C%0A%20%20%60total_other_pay%60%0AWHERE%0A%20%20caseless_one_of%28%0A%20%20%20%20%60agency_name%60%2C%0A%20%20%20%20%22Police%20Department%22%2C%0A%20%20%20%20%22POLICE%20DEPARTMENT%22%0A%20%20%29%0AORDER%20BY%20%60agency_name%60%20ASC%20NULL%20LAST%2C%20%60fiscal_year%60%20DESC%20NULL%20FIRST/page/filter
2025-09-12 02:45:29,876 [INFO] Payroll: found 100 table rows for 'Frankie Palaguachi'
2025-09-12 02:45:29,876 [INFO] Payroll: targeting 2024 first, then 2023
2025-09-12 02:45:29,877 [INFO] Payroll: using service_start tie-breaker = 2015-01-01
2025-09-12 02:45:30,024 [INFO] Payroll: row#1 -> year=2024, first='FRANKIE', last='PALAGUACHI', agency_start='01/07/2015'
2025-09-12 02:45:30,024 [INFO] Last-name match: source='Palaguachi' candidate='PALAGUACHI' -> True
2025-09-12 02:45:30,024 [INFO] Payroll: row#1 is 2024, chosen immediately, breaking loop
2025-09-12 02:45:30,024 [INFO] Payroll: chosen row year=2024 agency_start=01/07/2015 status=ACTIVE - payroll fields updated
2025-09-12 02:45:30,024 [INFO] Main: payroll enrich record #2 - First='Jenrryis' Last='Fiallo'
2025-09-12 02:45:30,024 [INFO] Payroll: Searching for 'Jenrryis Fiallo'
2025-09-12 02:45:32,455 [INFO] Payroll: loaded https://data.cityofnewyork.us/City-Government/Citywide-Payroll-Data-Fiscal-Year-/k397-673e/explore/query/SELECT%0A%20%20%60fiscal_year%60%2C%0A%20%20%60payroll_number%60%2C%0A%20%20%60agency_name%60%2C%0A%20%20%60last_name%60%2C%0A%20%20%60first_name%60%2C%0A%20%20%60mid_init%60%2C%0A%20%20%60agency_start_date%60%2C%0A%20%20%60work_location_borough%60%2C%0A%20%20%60title_description%60%2C%0A%20%20%60leave_status_as_of_june_30%60%2C%0A%20%20%60base_salary%60%2C%0A%20%20%60pay_basis%60%2C%0A%20%20%60regular_hours%60%2C%0A%20%20%60regular_gross_paid%60%2C%0A%20%20%60ot_hours%60%2C%0A%20%20%60total_ot_paid%60%2C%0A%20%20%60total_other_pay%60%0AWHERE%0A%20%20caseless_one_of%28%0A%20%20%20%20%60agency_name%60%2C%0A%20%20%20%20%22Police%20Department%22%2C%0A%20%20%20%20%22POLICE%20DEPARTMENT%22%0A%20%20%29%0AORDER%20BY%20%60agency_name%60%20ASC%20NULL%20LAST%2C%20%60fiscal_year%60%20DESC%20NULL%20FIRST/page/filter
2025-09-12 02:45:33,578 [INFO] Payroll: found 100 table rows for 'Jenrryis Fiallo'
2025-09-12 02:45:33,578 [INFO] Payroll: targeting 2024 first, then 2023
2025-09-12 02:45:33,578 [INFO] Payroll: using service_start tie-breaker = 2015-07-01
2025-09-12 02:45:33,887 [INFO] Payroll: row#1 -> year=2014, first='JENRRYIS', last='FIALLO', agency_start='10/29/2013'
2025-09-12 02:45:34,038 [INFO] Payroll: row#2 -> year=2024, first='JENRRYIS', last='FIALLO', agency_start='07/08/2015'
2025-09-12 02:45:34,038 [INFO] Last-name match: source='Fiallo' candidate='FIALLO' -> True
2025-09-12 02:45:34,038 [INFO] Payroll: row#2 is 2024, chosen immediately, breaking loop
2025-09-12 02:45:34,039 [INFO] Payroll: chosen row year=2024 agency_start=07/08/2015 status=ACTIVE - payroll fields updated
2025-09-12 02:45:34,039 [INFO] Main: payroll enrich record #3 - First='Jeffrey' Last='Lansinger'
2025-09-12 02:45:34,039 [INFO] Payroll: Searching for 'Jeffrey Lansinger'
2025-09-12 02:45:36,678 [INFO] Payroll: loaded https://data.cityofnewyork.us/City-Government/Citywide-Payroll-Data-Fiscal-Year-/k397-673e/explore/query/SELECT%0A%20%20%60fiscal_year%60%2C%0A%20%20%60payroll_number%60%2C%0A%20%20%60agency_name%60%2C%0A%20%20%60last_name%60%2C%0A%20%20%60first_name%60%2C%0A%20%20%60mid_init%60%2C%0A%20%20%60agency_start_date%60%2C%0A%20%20%60work_location_borough%60%2C%0A%20%20%60title_description%60%2C%0A%20%20%60leave_status_as_of_june_30%60%2C%0A%20%20%60base_salary%60%2C%0A%20%20%60pay_basis%60%2C%0A%20%20%60regular_hours%60%2C%0A%20%20%60regular_gross_paid%60%2C%0A%20%20%60ot_hours%60%2C%0A%20%20%60total_ot_paid%60%2C%0A%20%20%60total_other_pay%60%0AWHERE%0A%20%20caseless_one_of%28%0A%20%20%20%20%60agency_name%60%2C%0A%20%20%20%20%22Police%20Department%22%2C%0A%20%20%20%20%22POLICE%20DEPARTMENT%22%0A%20%20%29%0AORDER%20BY%20%60agency_name%60%20ASC%20NULL%20LAST%2C%20%60fiscal_year%60%20DESC%20NULL%20FIRST/page/filter
2025-09-12 02:45:37,668 [INFO] Payroll: found 100 table rows for 'Jeffrey Lansinger'
2025-09-12 02:45:37,669 [INFO] Payroll: targeting 2024 first, then 2023
2025-09-12 02:45:37,669 [INFO] Payroll: using service_start tie-breaker = 2012-07-01
2025-09-12 02:45:38,060 [INFO] Payroll: row#1 -> year=2014, first='JEFFREY', last='LANSINGER', agency_start='07/11/2012'
2025-09-12 02:45:38,207 [INFO] Payroll: row#2 -> year=2024, first='JEFFREY', last='LANSINGER', agency_start='07/11/2012'
2025-09-12 02:45:38,208 [INFO] Last-name match: source='Lansinger' candidate='LANSINGER' -> True
2025-09-12 02:45:38,208 [INFO] Payroll: row#2 is 2024, chosen immediately, breaking loop
2025-09-12 02:45:38,208 [INFO] Payroll: chosen row year=2024 agency_start=07/11/2012 status=ACTIVE - payroll fields updated
2025-09-12 02:45:38,208 [INFO] Main: payroll enrich record #4 - First='Alan' Last='Ye'
2025-09-12 02:45:38,208 [INFO] Payroll: Searching for 'Alan Ye'
2025-09-12 02:45:41,050 [INFO] Payroll: loaded https://data.cityofnewyork.us/City-Government/Citywide-Payroll-Data-Fiscal-Year-/k397-673e/explore/query/SELECT%0A%20%20%60fiscal_year%60%2C%0A%20%20%60payroll_number%60%2C%0A%20%20%60agency_name%60%2C%0A%20%20%60last_name%60%2C%0A%20%20%60first_name%60%2C%0A%20%20%60mid_init%60%2C%0A%20%20%60agency_start_date%60%2C%0A%20%20%60work_location_borough%60%2C%0A%20%20%60title_description%60%2C%0A%20%20%60leave_status_as_of_june_30%60%2C%0A%20%20%60base_salary%60%2C%0A%20%20%60pay_basis%60%2C%0A%20%20%60regular_hours%60%2C%0A%20%20%60regular_gross_paid%60%2C%0A%20%20%60ot_hours%60%2C%0A%20%20%60total_ot_paid%60%2C%0A%20%20%60total_other_pay%60%0AWHERE%0A%20%20caseless_one_of%28%0A%20%20%20%20%60agency_name%60%2C%0A%20%20%20%20%22Police%20Department%22%2C%0A%20%20%20%20%22POLICE%20DEPARTMENT%22%0A%20%20%29%0AORDER%20BY%20%60agency_name%60%20ASC%20NULL%20LAST%2C%20%60fiscal_year%60%20DESC%20NULL%20FIRST/page/filter
2025-09-12 02:45:44,989 [INFO] Payroll: found 100 table rows for 'Alan Ye'
2025-09-12 02:45:44,990 [INFO] Payroll: targeting 2024 first, then 2023
2025-09-12 02:45:44,990 [INFO] Payroll: using service_start tie-breaker = 2006-01-01
2025-09-12 02:45:45,260 [INFO] Payroll: row#1 -> year=2014, first='ALAN', last='YE', agency_start='01/09/2006'
2025-09-12 02:45:45,374 [INFO] Payroll: row#2 -> year=2024, first='ALAN', last='YE', agency_start='01/09/2006'
2025-09-12 02:45:45,374 [INFO] Last-name match: source='Ye' candidate='YE' -> True
2025-09-12 02:45:45,374 [INFO] Payroll: row#2 is 2024, chosen immediately, breaking loop
2025-09-12 02:45:45,374 [INFO] Payroll: chosen row year=2024 agency_start=01/09/2006 status=ACTIVE - payroll fields updated
2025-09-12 02:45:45,374 [INFO] Main: payroll enrich record #5 - First='Alan' Last='Ye'
2025-09-12 02:45:45,374 [INFO] Payroll: Searching for 'Alan Ye'
2025-09-12 02:45:47,446 [INFO] Payroll: loaded https://data.cityofnewyork.us/City-Government/Citywide-Payroll-Data-Fiscal-Year-/k397-673e/explore/query/SELECT%0A%20%20%60fiscal_year%60%2C%0A%20%20%60payroll_number%60%2C%0A%20%20%60agency_name%60%2C%0A%20%20%60last_name%60%2C%0A%20%20%60first_name%60%2C%0A%20%20%60mid_init%60%2C%0A%20%20%60agency_start_date%60%2C%0A%20%20%60work_location_borough%60%2C%0A%20%20%60title_description%60%2C%0A%20%20%60leave_status_as_of_june_30%60%2C%0A%20%20%60base_salary%60%2C%0A%20%20%60pay_basis%60%2C%0A%20%20%60regular_hours%60%2C%0A%20%20%60regular_gross_paid%60%2C%0A%20%20%60ot_hours%60%2C%0A%20%20%60total_ot_paid%60%2C%0A%20%20%60total_other_pay%60%0AWHERE%0A%20%20caseless_one_of%28%0A%20%20%20%20%60agency_name%60%2C%0A%20%20%20%20%22Police%20Department%22%2C%0A%20%20%20%20%22POLICE%20DEPARTMENT%22%0A%20%20%29%0AORDER%20BY%20%60agency_name%60%20ASC%20NULL%20LAST%2C%20%60fiscal_year%60%20DESC%20NULL%20FIRST/page/filter
2025-09-12 02:45:48,411 [INFO] Payroll: found 100 table rows for 'Alan Ye'
2025-09-12 02:45:48,412 [INFO] Payroll: targeting 2024 first, then 2023
2025-09-12 02:45:48,412 [INFO] Payroll: using service_start tie-breaker = 2006-01-01
2025-09-12 02:45:48,978 [INFO] Payroll: row#1 -> year=2014, first='ALAN', last='YE', agency_start='01/09/2006'
2025-09-12 02:45:49,093 [INFO] Payroll: row#2 -> year=2024, first='ALAN', last='YE', agency_start='01/09/2006'
2025-09-12 02:45:49,093 [INFO] Last-name match: source='Ye' candidate='YE' -> True
2025-09-12 02:45:49,093 [INFO] Payroll: row#2 is 2024, chosen immediately, breaking loop
2025-09-12 02:45:49,093 [INFO] Payroll: chosen row year=2024 agency_start=01/09/2006 status=ACTIVE - payroll fields updated
2025-09-12 02:45:49,093 [INFO] Main: payroll enrich record #6 - First='Stephan' Last='Grant'
2025-09-12 02:45:49,093 [INFO] Payroll: Searching for 'Stephan Grant'
2025-09-12 02:45:52,028 [INFO] Payroll: loaded https://data.cityofnewyork.us/City-Government/Citywide-Payroll-Data-Fiscal-Year-/k397-673e/explore/query/SELECT%0A%20%20%60fiscal_year%60%2C%0A%20%20%60payroll_number%60%2C%0A%20%20%60agency_name%60%2C%0A%20%20%60last_name%60%2C%0A%20%20%60first_name%60%2C%0A%20%20%60mid_init%60%2C%0A%20%20%60agency_start_date%60%2C%0A%20%20%60work_location_borough%60%2C%0A%20%20%60title_description%60%2C%0A%20%20%60leave_status_as_of_june_30%60%2C%0A%20%20%60base_salary%60%2C%0A%20%20%60pay_basis%60%2C%0A%20%20%60regular_hours%60%2C%0A%20%20%60regular_gross_paid%60%2C%0A%20%20%60ot_hours%60%2C%0A%20%20%60total_ot_paid%60%2C%0A%20%20%60total_other_pay%60%0AWHERE%0A%20%20caseless_one_of%28%0A%20%20%20%20%60agency_name%60%2C%0A%20%20%20%20%22Police%20Department%22%2C%0A%20%20%20%20%22POLICE%20DEPARTMENT%22%0A%20%20%29%0AORDER%20BY%20%60agency_name%60%20ASC%20NULL%20LAST%2C%20%60fiscal_year%60%20DESC%20NULL%20FIRST/page/filter
2025-09-12 02:45:53,173 [INFO] Payroll: found 100 table rows for 'Stephan Grant'
2025-09-12 02:45:53,173 [INFO] Payroll: targeting 2024 first, then 2023
2025-09-12 02:45:53,173 [INFO] Payroll: using service_start tie-breaker = 2017-01-01
2025-09-12 02:45:53,338 [INFO] Payroll: row#1 -> year=2024, first='STEPHAN', last='GRANT JR', agency_start='01/04/2017'
2025-09-12 02:45:53,338 [INFO] Last-name match: source='Grant' candidate='GRANT JR' -> True
2025-09-12 02:45:53,338 [INFO] Payroll: row#1 is 2024, chosen immediately, breaking loop
2025-09-12 02:45:53,338 [INFO] Payroll: chosen row year=2024 agency_start=01/04/2017 status=ACTIVE - payroll fields updated
2025-09-12 02:45:53,339 [INFO] Main: payroll enrich record #7 - First='Steven' Last='Dulcey'
2025-09-12 02:45:53,339 [INFO] Payroll: Searching for 'Steven Dulcey'
2025-09-12 02:45:55,916 [INFO] Payroll: loaded https://data.cityofnewyork.us/City-Government/Citywide-Payroll-Data-Fiscal-Year-/k397-673e/explore/query/SELECT%0A%20%20%60fiscal_year%60%2C%0A%20%20%60payroll_number%60%2C%0A%20%20%60agency_name%60%2C%0A%20%20%60last_name%60%2C%0A%20%20%60first_name%60%2C%0A%20%20%60mid_init%60%2C%0A%20%20%60agency_start_date%60%2C%0A%20%20%60work_location_borough%60%2C%0A%20%20%60title_description%60%2C%0A%20%20%60leave_status_as_of_june_30%60%2C%0A%20%20%60base_salary%60%2C%0A%20%20%60pay_basis%60%2C%0A%20%20%60regular_hours%60%2C%0A%20%20%60regular_gross_paid%60%2C%0A%20%20%60ot_hours%60%2C%0A%20%20%60total_ot_paid%60%2C%0A%20%20%60total_other_pay%60%0AWHERE%0A%20%20caseless_one_of%28%0A%20%20%20%20%60agency_name%60%2C%0A%20%20%20%20%22Police%20Department%22%2C%0A%20%20%20%20%22POLICE%20DEPARTMENT%22%0A%20%20%29%0AORDER%20BY%20%60agency_name%60%20ASC%20NULL%20LAST%2C%20%60fiscal_year%60%20DESC%20NULL%20FIRST/page/filter
2025-09-12 02:45:56,695 [INFO] Payroll: found 100 table rows for 'Steven Dulcey'
2025-09-12 02:45:56,695 [INFO] Payroll: targeting 2024 first, then 2023
2025-09-12 02:45:56,695 [INFO] Payroll: using service_start tie-breaker = 2017-10-01
2025-09-12 02:45:57,181 [INFO] Payroll: row#1 -> year=2024, first='STEVEN', last='DULCEY', agency_start='10/18/2017'
2025-09-12 02:45:57,181 [INFO] Last-name match: source='Dulcey' candidate='DULCEY' -> True
2025-09-12 02:45:57,181 [INFO] Payroll: row#1 is 2024, chosen immediately, breaking loop
2025-09-12 02:45:57,181 [INFO] Payroll: chosen row year=2024 agency_start=10/18/2017 status=ACTIVE - payroll fields updated
2025-09-12 02:45:57,182 [INFO] Main: payroll enrich record #8 - First='Matthew' Last='Arguinzoni'
2025-09-12 02:45:57,182 [INFO] Payroll: Searching for 'Matthew Arguinzoni'
2025-09-12 02:45:59,323 [INFO] Payroll: loaded https://data.cityofnewyork.us/City-Government/Citywide-Payroll-Data-Fiscal-Year-/k397-673e/explore/query/SELECT%0A%20%20%60fiscal_year%60%2C%0A%20%20%60payroll_number%60%2C%0A%20%20%60agency_name%60%2C%0A%20%20%60last_name%60%2C%0A%20%20%60first_name%60%2C%0A%20%20%60mid_init%60%2C%0A%20%20%60agency_start_date%60%2C%0A%20%20%60work_location_borough%60%2C%0A%20%20%60title_description%60%2C%0A%20%20%60leave_status_as_of_june_30%60%2C%0A%20%20%60base_salary%60%2C%0A%20%20%60pay_basis%60%2C%0A%20%20%60regular_hours%60%2C%0A%20%20%60regular_gross_paid%60%2C%0A%20%20%60ot_hours%60%2C%0A%20%20%60total_ot_paid%60%2C%0A%20%20%60total_other_pay%60%0AWHERE%0A%20%20caseless_one_of%28%0A%20%20%20%20%60agency_name%60%2C%0A%20%20%20%20%22Police%20Department%22%2C%0A%20%20%20%20%22POLICE%20DEPARTMENT%22%0A%20%20%29%0AORDER%20BY%20%60agency_name%60%20ASC%20NULL%20LAST%2C%20%60fiscal_year%60%20DESC%20NULL%20FIRST/page/filter
2025-09-12 02:46:00,872 [INFO] Payroll: found 100 table rows for 'Matthew Arguinzoni'
2025-09-12 02:46:00,873 [INFO] Payroll: targeting 2024 first, then 2023
2025-09-12 02:46:00,873 [INFO] Payroll: using service_start tie-breaker = 2017-07-01
2025-09-12 02:46:01,111 [INFO] Payroll: row#1 -> year=2024, first='MATTHEW', last='ARGUINZONI', agency_start='07/05/2017'
2025-09-12 02:46:01,111 [INFO] Last-name match: source='Arguinzoni' candidate='ARGUINZONI' -> True
2025-09-12 02:46:01,111 [INFO] Payroll: row#1 is 2024, chosen immediately, breaking loop
2025-09-12 02:46:01,111 [INFO] Payroll: chosen row year=2024 agency_start=07/05/2017 status=ACTIVE - payroll fields updated
2025-09-12 02:46:01,111 [INFO] Main: payroll enrich record #9 - First='Harry' Last='Espinal'
2025-09-12 02:46:01,112 [INFO] Payroll: Searching for 'Harry Espinal'
2025-09-12 02:46:03,555 [INFO] Payroll: loaded https://data.cityofnewyork.us/City-Government/Citywide-Payroll-Data-Fiscal-Year-/k397-673e/explore/query/SELECT%0A%20%20%60fiscal_year%60%2C%0A%20%20%60payroll_number%60%2C%0A%20%20%60agency_name%60%2C%0A%20%20%60last_name%60%2C%0A%20%20%60first_name%60%2C%0A%20%20%60mid_init%60%2C%0A%20%20%60agency_start_date%60%2C%0A%20%20%60work_location_borough%60%2C%0A%20%20%60title_description%60%2C%0A%20%20%60leave_status_as_of_june_30%60%2C%0A%20%20%60base_salary%60%2C%0A%20%20%60pay_basis%60%2C%0A%20%20%60regular_hours%60%2C%0A%20%20%60regular_gross_paid%60%2C%0A%20%20%60ot_hours%60%2C%0A%20%20%60total_ot_paid%60%2C%0A%20%20%60total_other_pay%60%0AWHERE%0A%20%20caseless_one_of%28%0A%20%20%20%20%60agency_name%60%2C%0A%20%20%20%20%22Police%20Department%22%2C%0A%20%20%20%20%22POLICE%20DEPARTMENT%22%0A%20%20%29%0AORDER%20BY%20%60agency_name%60%20ASC%20NULL%20LAST%2C%20%60fiscal_year%60%20DESC%20NULL%20FIRST/page/filter
2025-09-12 02:46:05,177 [INFO] Payroll: found 100 table rows for 'Harry Espinal'
2025-09-12 02:46:05,177 [INFO] Payroll: targeting 2024 first, then 2023
2025-09-12 02:46:05,177 [INFO] Payroll: using service_start tie-breaker = 2015-07-01
2025-09-12 02:46:05,430 [INFO] Payroll: row#1 -> year=2024, first='HARRY', last='ESPINAL', agency_start='07/08/2015'
2025-09-12 02:46:05,430 [INFO] Last-name match: source='Espinal' candidate='ESPINAL' -> True
2025-09-12 02:46:05,430 [INFO] Payroll: row#1 is 2024, chosen immediately, breaking loop
2025-09-12 02:46:05,430 [INFO] Payroll: chosen row year=2024 agency_start=07/08/2015 status=ACTIVE - payroll fields updated
2025-09-12 02:46:05,430 [INFO] Main: payroll enrich record #10 - First='Brooks' Last='Ingram'
2025-09-12 02:46:05,430 [INFO] Payroll: Searching for 'Brooks Ingram'
2025-09-12 02:46:08,074 [INFO] Payroll: loaded https://data.cityofnewyork.us/City-Government/Citywide-Payroll-Data-Fiscal-Year-/k397-673e/explore/query/SELECT%0A%20%20%60fiscal_year%60%2C%0A%20%20%60payroll_number%60%2C%0A%20%20%60agency_name%60%2C%0A%20%20%60last_name%60%2C%0A%20%20%60first_name%60%2C%0A%20%20%60mid_init%60%2C%0A%20%20%60agency_start_date%60%2C%0A%20%20%60work_location_borough%60%2C%0A%20%20%60title_description%60%2C%0A%20%20%60leave_status_as_of_june_30%60%2C%0A%20%20%60base_salary%60%2C%0A%20%20%60pay_basis%60%2C%0A%20%20%60regular_hours%60%2C%0A%20%20%60regular_gross_paid%60%2C%0A%20%20%60ot_hours%60%2C%0A%20%20%60total_ot_paid%60%2C%0A%20%20%60total_other_pay%60%0AWHERE%0A%20%20caseless_one_of%28%0A%20%20%20%20%60agency_name%60%2C%0A%20%20%20%20%22Police%20Department%22%2C%0A%20%20%20%20%22POLICE%20DEPARTMENT%22%0A%20%20%29%0AORDER%20BY%20%60agency_name%60%20ASC%20NULL%20LAST%2C%20%60fiscal_year%60%20DESC%20NULL%20FIRST/page/filter
2025-09-12 02:46:09,022 [INFO] Payroll: found 100 table rows for 'Brooks Ingram'
2025-09-12 02:46:09,022 [INFO] Payroll: targeting 2024 first, then 2023
2025-09-12 02:46:09,022 [INFO] Payroll: using service_start tie-breaker = 2017-01-01
2025-09-12 02:46:09,530 [INFO] Payroll: row#1 -> year=2024, first='BROOKS', last='INGRAM III', agency_start='01/04/2017'
2025-09-12 02:46:09,530 [INFO] Last-name match: source='Ingram' candidate='INGRAM III' -> True
2025-09-12 02:46:09,531 [INFO] Payroll: row#1 is 2024, chosen immediately, breaking loop
2025-09-12 02:46:09,531 [INFO] Payroll: chosen row year=2024 agency_start=01/04/2017 status=ON LEAVE - payroll fields updated
2025-09-12 02:46:09,531 [INFO] Main: payroll enrich record #11 - First='Laura' Last='Devoy'
2025-09-12 02:46:09,531 [INFO] Payroll: Searching for 'Laura Devoy'
2025-09-12 02:46:11,278 [INFO] Payroll: loaded https://data.cityofnewyork.us/City-Government/Citywide-Payroll-Data-Fiscal-Year-/k397-673e/explore/query/SELECT%0A%20%20%60fiscal_year%60%2C%0A%20%20%60payroll_number%60%2C%0A%20%20%60agency_name%60%2C%0A%20%20%60last_name%60%2C%0A%20%20%60first_name%60%2C%0A%20%20%60mid_init%60%2C%0A%20%20%60agency_start_date%60%2C%0A%20%20%60work_location_borough%60%2C%0A%20%20%60title_description%60%2C%0A%20%20%60leave_status_as_of_june_30%60%2C%0A%20%20%60base_salary%60%2C%0A%20%20%60pay_basis%60%2C%0A%20%20%60regular_hours%60%2C%0A%20%20%60regular_gross_paid%60%2C%0A%20%20%60ot_hours%60%2C%0A%20%20%60total_ot_paid%60%2C%0A%20%20%60total_other_pay%60%0AWHERE%0A%20%20caseless_one_of%28%0A%20%20%20%20%60agency_name%60%2C%0A%20%20%20%20%22Police%20Department%22%2C%0A%20%20%20%20%22POLICE%20DEPARTMENT%22%0A%20%20%29%0AORDER%20BY%20%60agency_name%60%20ASC%20NULL%20LAST%2C%20%60fiscal_year%60%20DESC%20NULL%20FIRST/page/filter
2025-09-12 02:46:13,440 [INFO] Payroll: found 100 table rows for 'Laura Devoy'
2025-09-12 02:46:13,440 [INFO] Payroll: targeting 2024 first, then 2023
2025-09-12 02:46:13,618 [INFO] Payroll: row#1 -> year=2014, first='THOMAS', last='ADAMS', agency_start='01/10/2007'
2025-09-12 02:46:13,727 [INFO] Payroll: row#2 -> year=2014, first='WALE', last='ADEBAYO', agency_start='11/29/1999'
2025-09-12 02:46:13,840 [INFO] Payroll: row#3 -> year=2014, first='EMMANUEL', last='ADEDOKUN', agency_start='10/24/1991'
2025-09-12 02:46:13,949 [INFO] Payroll: row#4 -> year=2014, first='BOLANLE', last='ADEGOKE', agency_start='06/18/2001'
2025-09-12 02:46:14,063 [INFO] Payroll: row#5 -> year=2014, first='FRANCISCO', last='AGIS', agency_start='01/20/2004'
2025-09-12 02:46:14,172 [INFO] Payroll: row#6 -> year=2014, first='PAUL', last='AGLI', agency_start='07/07/1999'
2025-09-12 02:46:14,289 [INFO] Payroll: row#7 -> year=2014, first='ROBERT', last='AGLIALORO', agency_start='07/06/2010'
2025-09-12 02:46:14,394 [INFO] Payroll: row#8 -> year=2014, first='ROBERT', last='AGLIETTI', agency_start='06/30/1992'
2025-09-12 02:46:14,502 [INFO] Payroll: row#9 -> year=2014, first='MICHAEL', last='AGNESE', agency_start='08/30/1993'
2025-09-12 02:46:14,616 [INFO] Payroll: row#10 -> year=2014, first='MIKELJAN', last='AGOLLI', agency_start='07/06/2011'
2025-09-12 02:46:14,616 [INFO] Payroll: reached 5 rows without finding 2024/2023, stopping early
2025-09-12 02:46:14,616 [WARNING] Payroll: no suitable payroll match found for 'Laura Devoy'
2025-09-12 02:46:14,616 [INFO] Main: payroll enrich record #12 - First='Richard' Last='Zimmer'
2025-09-12 02:46:14,616 [INFO] Payroll: Searching for 'Richard Zimmer'
2025-09-12 02:46:17,413 [INFO] Payroll: loaded https://data.cityofnewyork.us/City-Government/Citywide-Payroll-Data-Fiscal-Year-/k397-673e/explore/query/SELECT%0A%20%20%60fiscal_year%60%2C%0A%20%20%60payroll_number%60%2C%0A%20%20%60agency_name%60%2C%0A%20%20%60last_name%60%2C%0A%20%20%60first_name%60%2C%0A%20%20%60mid_init%60%2C%0A%20%20%60agency_start_date%60%2C%0A%20%20%60work_location_borough%60%2C%0A%20%20%60title_description%60%2C%0A%20%20%60leave_status_as_of_june_30%60%2C%0A%20%20%60base_salary%60%2C%0A%20%20%60pay_basis%60%2C%0A%20%20%60regular_hours%60%2C%0A%20%20%60regular_gross_paid%60%2C%0A%20%20%60ot_hours%60%2C%0A%20%20%60total_ot_paid%60%2C%0A%20%20%60total_other_pay%60%0AWHERE%0A%20%20caseless_one_of%28%0A%20%20%20%20%60agency_name%60%2C%0A%20%20%20%20%22Police%20Department%22%2C%0A%20%20%20%20%22POLICE%20DEPARTMENT%22%0A%20%20%29%0AORDER%20BY%20%60agency_name%60%20ASC%20NULL%20LAST%2C%20%60fiscal_year%60%20DESC%20NULL%20FIRST/page/filter
2025-09-12 02:46:18,191 [INFO] Payroll: found 100 table rows for 'Richard Zimmer'
2025-09-12 02:46:18,191 [INFO] Payroll: targeting 2024 first, then 2023
2025-09-12 02:46:18,191 [INFO] Payroll: using service_start tie-breaker = 2014-01-01
2025-09-12 02:46:18,621 [INFO] Payroll: row#1 -> year=2014, first='RICHARD', last='ZIMMER', agency_start='01/08/2014'
2025-09-12 02:46:18,781 [INFO] Payroll: row#2 -> year=2024, first='RICHARD', last='ZIMMER', agency_start='01/08/2014'
2025-09-12 02:46:18,781 [INFO] Last-name match: source='Zimmer' candidate='ZIMMER' -> True
2025-09-12 02:46:18,782 [INFO] Payroll: row#2 is 2024, chosen immediately, breaking loop
2025-09-12 02:46:18,782 [INFO] Payroll: chosen row year=2024 agency_start=01/08/2014 status=ACTIVE - payroll fields updated
2025-09-12 02:46:18,782 [INFO] Main: payroll enrich record #13 - First='Joel' Last='Ayala'
2025-09-12 02:46:18,782 [INFO] Payroll: Searching for 'Joel Ayala'
2025-09-12 02:46:21,222 [INFO] Payroll: loaded https://data.cityofnewyork.us/City-Government/Citywide-Payroll-Data-Fiscal-Year-/k397-673e/explore/query/SELECT%0A%20%20%60fiscal_year%60%2C%0A%20%20%60payroll_number%60%2C%0A%20%20%60agency_name%60%2C%0A%20%20%60last_name%60%2C%0A%20%20%60first_name%60%2C%0A%20%20%60mid_init%60%2C%0A%20%20%60agency_start_date%60%2C%0A%20%20%60work_location_borough%60%2C%0A%20%20%60title_description%60%2C%0A%20%20%60leave_status_as_of_june_30%60%2C%0A%20%20%60base_salary%60%2C%0A%20%20%60pay_basis%60%2C%0A%20%20%60regular_hours%60%2C%0A%20%20%60regular_gross_paid%60%2C%0A%20%20%60ot_hours%60%2C%0A%20%20%60total_ot_paid%60%2C%0A%20%20%60total_other_pay%60%0AWHERE%0A%20%20caseless_one_of%28%0A%20%20%20%20%60agency_name%60%2C%0A%20%20%20%20%22Police%20Department%22%2C%0A%20%20%20%20%22POLICE%20DEPARTMENT%22%0A%20%20%29%0AORDER%20BY%20%60agency_name%60%20ASC%20NULL%20LAST%2C%20%60fiscal_year%60%20DESC%20NULL%20FIRST/page/filter
2025-09-12 02:46:23,057 [INFO] Payroll: found 100 table rows for 'Joel Ayala'
2025-09-12 02:46:23,058 [INFO] Payroll: targeting 2024 first, then 2023
2025-09-12 02:46:23,058 [INFO] Payroll: using service_start tie-breaker = 2013-07-01
2025-09-12 02:46:23,247 [INFO] Payroll: row#1 -> year=2014, first='JOEL', last='AYALA', agency_start='07/09/2013'
2025-09-12 02:46:23,394 [INFO] Payroll: row#2 -> year=2024, first='JOEL', last='AYALA', agency_start='07/09/2013'
2025-09-12 02:46:23,394 [INFO] Last-name match: source='Ayala' candidate='AYALA' -> True
2025-09-12 02:46:23,395 [INFO] Payroll: row#2 is 2024, chosen immediately, breaking loop
2025-09-12 02:46:23,395 [INFO] Payroll: chosen row year=2024 agency_start=07/09/2013 status=ACTIVE - payroll fields updated
2025-09-12 02:46:23,395 [INFO] Main: payroll enrich record #14 - First='Jonathan' Last='Baptiste'
2025-09-12 02:46:23,395 [INFO] Payroll: Searching for 'Jonathan Baptiste'
2025-09-12 02:46:25,837 [INFO] Payroll: loaded https://data.cityofnewyork.us/City-Government/Citywide-Payroll-Data-Fiscal-Year-/k397-673e/explore/query/SELECT%0A%20%20%60fiscal_year%60%2C%0A%20%20%60payroll_number%60%2C%0A%20%20%60agency_name%60%2C%0A%20%20%60last_name%60%2C%0A%20%20%60first_name%60%2C%0A%20%20%60mid_init%60%2C%0A%20%20%60agency_start_date%60%2C%0A%20%20%60work_location_borough%60%2C%0A%20%20%60title_description%60%2C%0A%20%20%60leave_status_as_of_june_30%60%2C%0A%20%20%60base_salary%60%2C%0A%20%20%60pay_basis%60%2C%0A%20%20%60regular_hours%60%2C%0A%20%20%60regular_gross_paid%60%2C%0A%20%20%60ot_hours%60%2C%0A%20%20%60total_ot_paid%60%2C%0A%20%20%60total_other_pay%60%0AWHERE%0A%20%20caseless_one_of%28%0A%20%20%20%20%60agency_name%60%2C%0A%20%20%20%20%22Police%20Department%22%2C%0A%20%20%20%20%22POLICE%20DEPARTMENT%22%0A%20%20%29%0AORDER%20BY%20%60agency_name%60%20ASC%20NULL%20LAST%2C%20%60fiscal_year%60%20DESC%20NULL%20FIRST/page/filter
2025-09-12 02:46:27,837 [INFO] Payroll: found 100 table rows for 'Jonathan Baptiste'
2025-09-12 02:46:27,837 [INFO] Payroll: targeting 2024 first, then 2023
2025-09-12 02:46:27,837 [INFO] Payroll: using service_start tie-breaker = 2021-02-01
2025-09-12 02:46:28,148 [INFO] Payroll: row#1 -> year=2024, first='JONATHAN', last='BAPTISTE', agency_start='02/24/2021'
2025-09-12 02:46:28,149 [INFO] Last-name match: source='Baptiste' candidate='BAPTISTE' -> True
2025-09-12 02:46:28,149 [INFO] Payroll: row#1 is 2024, chosen immediately, breaking loop
2025-09-12 02:46:28,149 [INFO] Payroll: chosen row year=2024 agency_start=02/24/2021 status=ACTIVE - payroll fields updated
2025-09-12 02:46:28,150 [INFO] Main: payroll enrich record #15 - First='Andres' Last='Matos'
2025-09-12 02:46:28,150 [INFO] Payroll: Searching for 'Andres Matos'
2025-09-12 02:46:30,745 [INFO] Payroll: loaded https://data.cityofnewyork.us/City-Government/Citywide-Payroll-Data-Fiscal-Year-/k397-673e/explore/query/SELECT%0A%20%20%60fiscal_year%60%2C%0A%20%20%60payroll_number%60%2C%0A%20%20%60agency_name%60%2C%0A%20%20%60last_name%60%2C%0A%20%20%60first_name%60%2C%0A%20%20%60mid_init%60%2C%0A%20%20%60agency_start_date%60%2C%0A%20%20%60work_location_borough%60%2C%0A%20%20%60title_description%60%2C%0A%20%20%60leave_status_as_of_june_30%60%2C%0A%20%20%60base_salary%60%2C%0A%20%20%60pay_basis%60%2C%0A%20%20%60regular_hours%60%2C%0A%20%20%60regular_gross_paid%60%2C%0A%20%20%60ot_hours%60%2C%0A%20%20%60total_ot_paid%60%2C%0A%20%20%60total_other_pay%60%0AWHERE%0A%20%20caseless_one_of%28%0A%20%20%20%20%60agency_name%60%2C%0A%20%20%20%20%22Police%20Department%22%2C%0A%20%20%20%20%22POLICE%20DEPARTMENT%22%0A%20%20%29%0AORDER%20BY%20%60agency_name%60%20ASC%20NULL%20LAST%2C%20%60fiscal_year%60%20DESC%20NULL%20FIRST/page/filter
2025-09-12 02:46:32,627 [INFO] Payroll: found 100 table rows for 'Andres Matos'
2025-09-12 02:46:32,628 [INFO] Payroll: targeting 2024 first, then 2023
2025-09-12 02:46:32,628 [INFO] Payroll: using service_start tie-breaker = 2014-01-01
2025-09-12 02:46:32,982 [INFO] Payroll: row#1 -> year=2014, first='ANDRES', last='MATOS', agency_start='01/08/2014'
2025-09-12 02:46:33,166 [INFO] Payroll: row#2 -> year=2024, first='ANDRES', last='MATOS', agency_start='01/08/2014'
2025-09-12 02:46:33,167 [INFO] Last-name match: source='Matos' candidate='MATOS' -> True
2025-09-12 02:46:33,167 [INFO] Payroll: row#2 is 2024, chosen immediately, breaking loop
2025-09-12 02:46:33,167 [INFO] Payroll: chosen row year=2024 agency_start=01/08/2014 status=ACTIVE - payroll fields updated
2025-09-12 02:46:33,375 [INFO] Browser closed, Dogs returned
2025-09-12 02:46:33,403 [INFO] Writing CSV to copwatchdog.csv
2025-09-12 02:46:33,406 [INFO] CSV write complete. Rows written: 15
