[2025-10-14 14:48:18] [INFO] Starting import_to_db.sh
[2025-10-14 14:48:18] [INFO] Starting database import process
[2025-10-14 14:48:18] [INFO] Found 2 CSV files to process:
[2025-10-14 14:48:18] [INFO]   - 2509-copwatchdog.csv
[2025-10-14 14:48:18] [INFO]   - 2510-copwatchdog.csv
[2025-10-14 14:48:18] [INFO] Importing /Users/vicstizzi/ART/YUMYODA/TECH/HERMES/THOTH/NYC/CSV/2509-copwatchdog.csv
[2025-10-14 14:48:18] [INFO] Using service=copwatchdog configuration
[2025-10-14 14:48:18] [INFO] Using helper script to import /Users/vicstizzi/ART/YUMYODA/TECH/HERMES/THOTH/NYC/CSV/2509-copwatchdog.csv
[DEBUG] Current working directory: /Users/vicstizzi/ART/YUMYODA/TECH/HERMES/THOTH/NYC/BRAIN
/Users/vicstizzi/ART/YUMYODA/TECH/HERMES/scripts/db/import_into_cwd_raw.sh:12: command not found: realpath
[DEBUG] Full path to CSV: 
[DEBUG] File exists and is readable
[DEBUG] File contents preview:
Date,Time,Rank,First,Last,Room,Case Type,Badge,PCT,PCT URL,Started,Last Earned,Disciplined,Articles,# Complaints,# Allegations,# Substantiated,# Charges,# Unsubstantiated,# Guidelined,# Lawsuits,Total Settlements,Status,Base Salary,Pay Basis,Regular Hours,Regular Gross Paid,OT Hours,Total OT Paid,Total Other Pay
9/3/2025,1000,Detective,Frankie,Palaguachi,A,Drug Test,27476,59,https://50-a.org/command/59,01/01/2015,"$210,000",N,N,0,0,0,0,0,0,0,0,ACTIVE,"$105,146.00",per Annum,"1,834.28","$122,949.07",653.15,"$66,635.22","$20,595.58"
Loading /Users/vicstizzi/ART/YUMYODA/TECH/HERMES/THOTH/NYC/CSV/2509-copwatchdog.csv into cwd_raw.officers_raw
BEGIN
CREATE TABLE
COPY 15
ERROR:  duplicate key value violates unique constraint "officers_raw_pkey"
DETAIL:  Key (officer_id)=(090325AB27476) already exists.
[2025-10-14 14:48:18] [ERROR] Import FAILED for /Users/vicstizzi/ART/YUMYODA/TECH/HERMES/THOTH/NYC/CSV/2509-copwatchdog.csv
