[2025-12-16 19:52:18] [INFO] [COPWATCHDOG] [run_copwatchdog.sh] Release the hounds!
[2025-12-16 19:52:18] [INFO] [COPWATCHDOG] [run_copwatchdog.sh] Found .env file in HERMES root directory
[2025-12-16 19:52:18] [INFO] [COPWATCHDOG] [run_copwatchdog.sh] Starting copwatchdog scraper...
[2025-12-16 19:59:40] [INFO] [COPWATCHDOG] [run_copwatchdog.sh] THOTH completed successfully
[2025-12-16 19:59:40] [INFO] [HERMES] [run_copwatchdog.sh] Waiting for THOTH data collection and enrichment to complete...
[2025-12-16 19:59:40] [INFO] [HERMES] [run_copwatchdog.sh] THOTH data collection and enrichment completed successfully
[2025-12-16 19:59:40] [INFO] [HERMES] [run_copwatchdog.sh] Setting up database connection...
[2025-12-16 20:00:10] [WARNING] [COPWATCHDOG] [run_copwatchdog.sh] Direct database connection failed, trying SSH tunnel...
[2025-12-16 20:00:10] [INFO] [DB_TUNNEL] [setup_db_tunnel.sh] Starting DB tunnel setup script
[2025-12-16 20:00:10] [INFO] [DB_TUNNEL] [setup_db_tunnel.sh] No dependency installation script found, skipping
[2025-12-16 20:00:10] [INFO] [DB_TUNNEL] [setup_db_tunnel.sh] Environment variables loaded successfully
[2025-12-16 20:00:10] [INFO] [DB_TUNNEL] [setup_db_tunnel.sh] SSH tunnel is already running and healthy
[2025-12-16 20:00:13] [INFO] [DB_TUNNEL] [setup_db_tunnel.sh] Testing database connection (this may take a moment)...
[2025-12-16 20:00:13] [INFO] [DB_TUNNEL] [setup_db_tunnel.sh] Attempting to connect to database through tunnel...
[2025-12-16 20:00:14] [INFO] [DB_TUNNEL] [setup_db_tunnel.sh] Attempt 1/3: Testing database connection with default settings
[2025-12-16 20:00:14] [INFO] [DB_TUNNEL] [setup_db_tunnel.sh] Connection successful with default settings
[2025-12-16 20:00:14] [INFO] [DB_TUNNEL] [setup_db_tunnel.sh] Database connection successful through SSH tunnel
[2025-12-16 20:00:14] [INFO] [THOTH] [run_copwatchdog.sh] SSH tunnel established successfully
[2025-12-16 20:00:14] [INFO] [THOTH] [run_copwatchdog.sh] Starting database import process...
[2025-12-16 20:00:14] [INFO] [THOTH_IMPORT] [import_to_db.sh] Starting THOTH import script
[2025-12-16 20:00:14] [INFO] [THOTH_IMPORT] [import_to_db.sh] Starting database import process
[2025-12-16 20:00:14] [INFO] [COPWATCHDOG] [import_to_db.sh] Loaded environment from /Users/vicstizzi/ART/YUMYODA/TECH/COPWATCHDOG/HERMES/.env
[2025-12-16 20:00:14] [INFO] [THOTH_IMPORT] [import_to_db.sh] Using SSH tunnel for database connection
[2025-12-16 20:00:14] [INFO] [THOTH_IMPORT] [import_to_db.sh] Proceeding to CSV import...
[2025-12-16 20:00:14] [INFO] [THOTH_IMPORT] [import_to_db.sh] Applying schema fixes before import
[2025-12-16 20:00:16] [INFO] [THOTH_IMPORT] [import_to_db.sh] Schema fixes applied successfully
[2025-12-16 20:00:16] [INFO] [THOTH_IMPORT] [import_to_db.sh] Found 4 officer CSV files to process
[2025-12-16 20:00:16] [INFO] [THOTH_IMPORT] [import_to_db.sh]   - 2509-copwatchdog.csv
[2025-12-16 20:00:16] [INFO] [THOTH_IMPORT] [import_to_db.sh]   - 2510-copwatchdog.csv
[2025-12-16 20:00:16] [INFO] [THOTH_IMPORT] [import_to_db.sh]   - 2511-copwatchdog.csv
[2025-12-16 20:00:16] [INFO] [THOTH_IMPORT] [import_to_db.sh]   - 2512-copwatchdog.csv
[2025-12-16 20:00:16] [INFO] [THOTH_IMPORT] [import_to_db.sh] Importing /Users/vicstizzi/ART/YUMYODA/TECH/COPWATCHDOG/THOTH/NYC/CSV/2509-copwatchdog.csv
[2025-12-16 20:00:16] [INFO] [THOTH_IMPORT] [import_to_db.sh] Using service=copwatchdog configuration
[2025-12-16 20:00:16] [INFO] [THOTH_IMPORT] [import_to_db.sh] Using helper script to import /Users/vicstizzi/ART/YUMYODA/TECH/COPWATCHDOG/THOTH/NYC/CSV/2509-copwatchdog.csv
[2025-12-16 20:00:16] [INFO] [DB_IMPORT] [import_into_cwd_raw.sh] Starting CSV import script
[2025-12-16 20:00:16] [DEBUG] [DB_IMPORT] [import_into_cwd_raw.sh] Extracted version_tag: 2509 from 2509-copwatchdog.csv
[2025-12-16 20:00:16] [INFO] [DB_IMPORT] [import_into_cwd_raw.sh] Target CSV file: /Users/vicstizzi/ART/YUMYODA/TECH/COPWATCHDOG/THOTH/NYC/CSV/2509-copwatchdog.csv
[2025-12-16 20:00:16] [DEBUG] [DB_IMPORT] [import_into_cwd_raw.sh] Current working directory: /Users/vicstizzi/ART/YUMYODA/TECH/COPWATCHDOG/THOTH/NYC/BRAIN
[2025-12-16 20:00:16] [DEBUG] [DB_IMPORT] [import_into_cwd_raw.sh] Full path to CSV: /Users/vicstizzi/ART/YUMYODA/TECH/COPWATCHDOG/THOTH/NYC/CSV/2509-copwatchdog.csv
[2025-12-16 20:00:16] [DEBUG] [DB_IMPORT] [import_into_cwd_raw.sh] File exists and is readable
[2025-12-16 20:00:16] [DEBUG] [DB_IMPORT] [import_into_cwd_raw.sh] File contents preview:
[2025-12-16 20:00:16] [INFO] [DB_IMPORT] [import_into_cwd_raw.sh] Loading /Users/vicstizzi/ART/YUMYODA/TECH/COPWATCHDOG/THOTH/NYC/CSV/2509-copwatchdog.csv into cwd_raw.officers_raw
[2025-12-16 20:00:16] [INFO] [DB_IMPORT] [import_into_cwd_raw.sh] Detected 37 columns in CSV header
[2025-12-16 20:00:16] [INFO] [DB_IMPORT] [import_into_cwd_raw.sh] Using 37-column format (legacy, no Officer Image or Profile URL)
[2025-12-16 20:00:17] [DEBUG] [DB_IMPORT] [import_into_cwd_raw.sh] SQL_OUTPUT temp file: /var/folders/rp/qy300jzx1qs91kh1rzlthhf40000gn/T/tmp.NYokCFMI
[2025-12-16 20:00:17] [DEBUG] [DB_IMPORT] [import_into_cwd_raw.sh] SQL_STDERR temp file: /var/folders/rp/qy300jzx1qs91kh1rzlthhf40000gn/T/tmp.m10dC0xZ
[2025-12-16 20:00:17] [DEBUG] [DB_IMPORT] [import_into_cwd_raw.sh] SQL stdout: BEGIN
CREATE TABLE
COPY 15
INSERT 0 15
COMMIT
[2025-12-16 20:00:17] [DEBUG] [DB_IMPORT] [import_into_cwd_raw.sh] SQL stderr was empty
[2025-12-16 20:00:17] [INFO] [DB_IMPORT] [import_into_cwd_raw.sh] CSV import completed successfully
[2025-12-16 20:00:17] [INFO] [DB_IMPORT] [import_into_cwd_raw.sh] Import complete. Recent rows:
[2025-12-16 20:00:17] [INFO] [THOTH_IMPORT] [import_to_db.sh] Import succeeded for /Users/vicstizzi/ART/YUMYODA/TECH/COPWATCHDOG/THOTH/NYC/CSV/2509-copwatchdog.csv
[2025-12-16 20:00:17] [DEBUG] [THOTH_IMPORT] [import_to_db.sh] Recording import metadata: version_tag=2509, schema_version=1.0
ERROR:  column "officers_raw.race" must appear in the GROUP BY clause or be used in an aggregate function
LINE 22:         CASE WHEN race IS NULL THEN 'race' END AS field,
                           ^
[2025-12-16 20:00:17] [INFO] [THOTH_IMPORT] [import_to_db.sh] Metadata logged to data_sources for 2509-copwatchdog.csv
[2025-12-16 20:00:17] [INFO] [THOTH_IMPORT] [import_to_db.sh] Importing /Users/vicstizzi/ART/YUMYODA/TECH/COPWATCHDOG/THOTH/NYC/CSV/2510-copwatchdog.csv
[2025-12-16 20:00:17] [INFO] [THOTH_IMPORT] [import_to_db.sh] Using service=copwatchdog configuration
[2025-12-16 20:00:18] [INFO] [THOTH_IMPORT] [import_to_db.sh] Using helper script to import /Users/vicstizzi/ART/YUMYODA/TECH/COPWATCHDOG/THOTH/NYC/CSV/2510-copwatchdog.csv
[2025-12-16 20:00:18] [INFO] [DB_IMPORT] [import_into_cwd_raw.sh] Starting CSV import script
[2025-12-16 20:00:18] [DEBUG] [DB_IMPORT] [import_into_cwd_raw.sh] Extracted version_tag: 2510 from 2510-copwatchdog.csv
[2025-12-16 20:00:18] [INFO] [DB_IMPORT] [import_into_cwd_raw.sh] Target CSV file: /Users/vicstizzi/ART/YUMYODA/TECH/COPWATCHDOG/THOTH/NYC/CSV/2510-copwatchdog.csv
[2025-12-16 20:00:18] [DEBUG] [DB_IMPORT] [import_into_cwd_raw.sh] Current working directory: /Users/vicstizzi/ART/YUMYODA/TECH/COPWATCHDOG/THOTH/NYC/BRAIN
[2025-12-16 20:00:18] [DEBUG] [DB_IMPORT] [import_into_cwd_raw.sh] Full path to CSV: /Users/vicstizzi/ART/YUMYODA/TECH/COPWATCHDOG/THOTH/NYC/CSV/2510-copwatchdog.csv
[2025-12-16 20:00:18] [DEBUG] [DB_IMPORT] [import_into_cwd_raw.sh] File exists and is readable
[2025-12-16 20:00:18] [DEBUG] [DB_IMPORT] [import_into_cwd_raw.sh] File contents preview:
[2025-12-16 20:00:18] [INFO] [DB_IMPORT] [import_into_cwd_raw.sh] Loading /Users/vicstizzi/ART/YUMYODA/TECH/COPWATCHDOG/THOTH/NYC/CSV/2510-copwatchdog.csv into cwd_raw.officers_raw
[2025-12-16 20:00:18] [INFO] [DB_IMPORT] [import_into_cwd_raw.sh] Detected 37 columns in CSV header
[2025-12-16 20:00:18] [INFO] [DB_IMPORT] [import_into_cwd_raw.sh] Using 37-column format (legacy, no Officer Image or Profile URL)
[2025-12-16 20:00:18] [DEBUG] [DB_IMPORT] [import_into_cwd_raw.sh] SQL_OUTPUT temp file: /var/folders/rp/qy300jzx1qs91kh1rzlthhf40000gn/T/tmp.4PZWCZcz
[2025-12-16 20:00:18] [DEBUG] [DB_IMPORT] [import_into_cwd_raw.sh] SQL_STDERR temp file: /var/folders/rp/qy300jzx1qs91kh1rzlthhf40000gn/T/tmp.V2AEp6wu
[2025-12-16 20:00:18] [DEBUG] [DB_IMPORT] [import_into_cwd_raw.sh] SQL stdout: BEGIN
CREATE TABLE
COPY 28
INSERT 0 28
COMMIT
[2025-12-16 20:00:18] [DEBUG] [DB_IMPORT] [import_into_cwd_raw.sh] SQL stderr was empty
[2025-12-16 20:00:18] [INFO] [DB_IMPORT] [import_into_cwd_raw.sh] CSV import completed successfully
[2025-12-16 20:00:19] [INFO] [DB_IMPORT] [import_into_cwd_raw.sh] Import complete. Recent rows:
[2025-12-16 20:00:19] [INFO] [THOTH_IMPORT] [import_to_db.sh] Import succeeded for /Users/vicstizzi/ART/YUMYODA/TECH/COPWATCHDOG/THOTH/NYC/CSV/2510-copwatchdog.csv
[2025-12-16 20:00:19] [DEBUG] [THOTH_IMPORT] [import_to_db.sh] Recording import metadata: version_tag=2510, schema_version=1.0
ERROR:  column "officers_raw.race" must appear in the GROUP BY clause or be used in an aggregate function
LINE 22:         CASE WHEN race IS NULL THEN 'race' END AS field,
                           ^
[2025-12-16 20:00:19] [INFO] [THOTH_IMPORT] [import_to_db.sh] Metadata logged to data_sources for 2510-copwatchdog.csv
[2025-12-16 20:00:19] [INFO] [THOTH_IMPORT] [import_to_db.sh] Importing /Users/vicstizzi/ART/YUMYODA/TECH/COPWATCHDOG/THOTH/NYC/CSV/2511-copwatchdog.csv
[2025-12-16 20:00:19] [INFO] [THOTH_IMPORT] [import_to_db.sh] Using service=copwatchdog configuration
[2025-12-16 20:00:19] [INFO] [THOTH_IMPORT] [import_to_db.sh] Using helper script to import /Users/vicstizzi/ART/YUMYODA/TECH/COPWATCHDOG/THOTH/NYC/CSV/2511-copwatchdog.csv
[2025-12-16 20:00:19] [INFO] [DB_IMPORT] [import_into_cwd_raw.sh] Starting CSV import script
[2025-12-16 20:00:19] [DEBUG] [DB_IMPORT] [import_into_cwd_raw.sh] Extracted version_tag: 2511 from 2511-copwatchdog.csv
[2025-12-16 20:00:19] [INFO] [DB_IMPORT] [import_into_cwd_raw.sh] Target CSV file: /Users/vicstizzi/ART/YUMYODA/TECH/COPWATCHDOG/THOTH/NYC/CSV/2511-copwatchdog.csv
[2025-12-16 20:00:19] [DEBUG] [DB_IMPORT] [import_into_cwd_raw.sh] Current working directory: /Users/vicstizzi/ART/YUMYODA/TECH/COPWATCHDOG/THOTH/NYC/BRAIN
[2025-12-16 20:00:20] [DEBUG] [DB_IMPORT] [import_into_cwd_raw.sh] Full path to CSV: /Users/vicstizzi/ART/YUMYODA/TECH/COPWATCHDOG/THOTH/NYC/CSV/2511-copwatchdog.csv
[2025-12-16 20:00:20] [DEBUG] [DB_IMPORT] [import_into_cwd_raw.sh] File exists and is readable
[2025-12-16 20:00:20] [DEBUG] [DB_IMPORT] [import_into_cwd_raw.sh] File contents preview:
[2025-12-16 20:00:20] [INFO] [DB_IMPORT] [import_into_cwd_raw.sh] Loading /Users/vicstizzi/ART/YUMYODA/TECH/COPWATCHDOG/THOTH/NYC/CSV/2511-copwatchdog.csv into cwd_raw.officers_raw
[2025-12-16 20:00:20] [INFO] [DB_IMPORT] [import_into_cwd_raw.sh] Detected 37 columns in CSV header
[2025-12-16 20:00:20] [INFO] [DB_IMPORT] [import_into_cwd_raw.sh] Using 37-column format (legacy, no Officer Image or Profile URL)
[2025-12-16 20:00:20] [DEBUG] [DB_IMPORT] [import_into_cwd_raw.sh] SQL_OUTPUT temp file: /var/folders/rp/qy300jzx1qs91kh1rzlthhf40000gn/T/tmp.iUhzXiLg
[2025-12-16 20:00:20] [DEBUG] [DB_IMPORT] [import_into_cwd_raw.sh] SQL_STDERR temp file: /var/folders/rp/qy300jzx1qs91kh1rzlthhf40000gn/T/tmp.VJODrrIL
[2025-12-16 20:00:20] [DEBUG] [DB_IMPORT] [import_into_cwd_raw.sh] SQL stdout: BEGIN
CREATE TABLE
COPY 19
INSERT 0 19
COMMIT
[2025-12-16 20:00:20] [DEBUG] [DB_IMPORT] [import_into_cwd_raw.sh] SQL stderr was empty
[2025-12-16 20:00:20] [INFO] [DB_IMPORT] [import_into_cwd_raw.sh] CSV import completed successfully
[2025-12-16 20:00:20] [INFO] [DB_IMPORT] [import_into_cwd_raw.sh] Import complete. Recent rows:
[2025-12-16 20:00:20] [INFO] [THOTH_IMPORT] [import_to_db.sh] Import succeeded for /Users/vicstizzi/ART/YUMYODA/TECH/COPWATCHDOG/THOTH/NYC/CSV/2511-copwatchdog.csv
[2025-12-16 20:00:20] [DEBUG] [THOTH_IMPORT] [import_to_db.sh] Recording import metadata: version_tag=2511, schema_version=1.0
ERROR:  column "officers_raw.race" must appear in the GROUP BY clause or be used in an aggregate function
LINE 22:         CASE WHEN race IS NULL THEN 'race' END AS field,
                           ^
[2025-12-16 20:00:21] [INFO] [THOTH_IMPORT] [import_to_db.sh] Metadata logged to data_sources for 2511-copwatchdog.csv
[2025-12-16 20:00:21] [INFO] [THOTH_IMPORT] [import_to_db.sh] Importing /Users/vicstizzi/ART/YUMYODA/TECH/COPWATCHDOG/THOTH/NYC/CSV/2512-copwatchdog.csv
[2025-12-16 20:00:21] [INFO] [THOTH_IMPORT] [import_to_db.sh] Using service=copwatchdog configuration
[2025-12-16 20:00:21] [INFO] [THOTH_IMPORT] [import_to_db.sh] Using helper script to import /Users/vicstizzi/ART/YUMYODA/TECH/COPWATCHDOG/THOTH/NYC/CSV/2512-copwatchdog.csv
[2025-12-16 20:00:21] [INFO] [DB_IMPORT] [import_into_cwd_raw.sh] Starting CSV import script
[2025-12-16 20:00:21] [DEBUG] [DB_IMPORT] [import_into_cwd_raw.sh] Extracted version_tag: 2512 from 2512-copwatchdog.csv
[2025-12-16 20:00:21] [INFO] [DB_IMPORT] [import_into_cwd_raw.sh] Target CSV file: /Users/vicstizzi/ART/YUMYODA/TECH/COPWATCHDOG/THOTH/NYC/CSV/2512-copwatchdog.csv
[2025-12-16 20:00:21] [DEBUG] [DB_IMPORT] [import_into_cwd_raw.sh] Current working directory: /Users/vicstizzi/ART/YUMYODA/TECH/COPWATCHDOG/THOTH/NYC/BRAIN
[2025-12-16 20:00:21] [DEBUG] [DB_IMPORT] [import_into_cwd_raw.sh] Full path to CSV: /Users/vicstizzi/ART/YUMYODA/TECH/COPWATCHDOG/THOTH/NYC/CSV/2512-copwatchdog.csv
[2025-12-16 20:00:21] [DEBUG] [DB_IMPORT] [import_into_cwd_raw.sh] File exists and is readable
[2025-12-16 20:00:21] [DEBUG] [DB_IMPORT] [import_into_cwd_raw.sh] File contents preview:
[2025-12-16 20:00:21] [INFO] [DB_IMPORT] [import_into_cwd_raw.sh] Loading /Users/vicstizzi/ART/YUMYODA/TECH/COPWATCHDOG/THOTH/NYC/CSV/2512-copwatchdog.csv into cwd_raw.officers_raw
[2025-12-16 20:00:21] [INFO] [DB_IMPORT] [import_into_cwd_raw.sh] Detected 39 columns in CSV header
[2025-12-16 20:00:21] [INFO] [DB_IMPORT] [import_into_cwd_raw.sh] Using 39-column format (includes Officer Image, Profile URL)
[2025-12-16 20:00:22] [DEBUG] [DB_IMPORT] [import_into_cwd_raw.sh] SQL_OUTPUT temp file: /var/folders/rp/qy300jzx1qs91kh1rzlthhf40000gn/T/tmp.aUq9Ammu
[2025-12-16 20:00:22] [DEBUG] [DB_IMPORT] [import_into_cwd_raw.sh] SQL_STDERR temp file: /var/folders/rp/qy300jzx1qs91kh1rzlthhf40000gn/T/tmp.QIyNi1uE
[2025-12-16 20:00:22] [DEBUG] [DB_IMPORT] [import_into_cwd_raw.sh] SQL stdout: BEGIN
CREATE TABLE
COPY 20
INSERT 0 20
COMMIT
[2025-12-16 20:00:22] [DEBUG] [DB_IMPORT] [import_into_cwd_raw.sh] SQL stderr was empty
[2025-12-16 20:00:22] [INFO] [DB_IMPORT] [import_into_cwd_raw.sh] CSV import completed successfully
[2025-12-16 20:00:22] [INFO] [DB_IMPORT] [import_into_cwd_raw.sh] Import complete. Recent rows:
[2025-12-16 20:00:22] [INFO] [THOTH_IMPORT] [import_to_db.sh] Import succeeded for /Users/vicstizzi/ART/YUMYODA/TECH/COPWATCHDOG/THOTH/NYC/CSV/2512-copwatchdog.csv
[2025-12-16 20:00:22] [DEBUG] [THOTH_IMPORT] [import_to_db.sh] Recording import metadata: version_tag=2512, schema_version=1.0
ERROR:  column "officers_raw.race" must appear in the GROUP BY clause or be used in an aggregate function
LINE 22:         CASE WHEN race IS NULL THEN 'race' END AS field,
                           ^
[2025-12-16 20:00:22] [INFO] [THOTH_IMPORT] [import_to_db.sh] Metadata logged to data_sources for 2512-copwatchdog.csv
[2025-12-16 20:00:22] [INFO] [THOTH_IMPORT] [import_to_db.sh] Import run complete: processed=4 failed=0
[2025-12-16 20:00:22] [INFO] [THOTH_IMPORT] [import_to_db.sh] 4 CSVs imported successfully into cwd_raw.officers_raw
[2025-12-16 20:00:22] [INFO] [ARTICLES_IMPORT] [import_to_db.sh] Importing articles from /Users/vicstizzi/ART/YUMYODA/TECH/COPWATCHDOG/THOTH/NYC/CSV/articles.csv
[2025-12-16 20:00:23] [INFO] [ARTICLES_IMPORT] [import_to_db.sh] Articles import succeeded: CREATE TABLE
COPY 13
INSERT 0 13
 imported 
----------
       13
(1 row)
[2025-12-16 20:00:23] [INFO] [THOTH_IMPORT] [import_to_db.sh] Database import process completed successfully
[2025-12-16 20:00:23] [INFO] [THOTH] [run_copwatchdog.sh] Database import completed successfully
[2025-12-16 20:00:23] [INFO] [THOTH] [run_copwatchdog.sh] Data now available in cwd_raw.officers_raw (cwd_clean schema removed, no ETL needed)
[2025-12-16 20:00:23] [INFO] [HERMES] [run_copwatchdog.sh] Starting Phase II incremental re-scrape analysis...
[2025-12-16 20:00:23] [INFO] [HERMES] [run_copwatchdog.sh] Detecting officers with incomplete data (high NULL density)...
========================================
Incremental Re-Scrape Workflow (Phase II)
========================================
DB: copwatchdog (user: copwatchdog)
Null Threshold: 5%
TTL Days: 30
Dry Run: false
Enrich Mode: false
========================================
TTL Days: 30
Dry Run: false
========================================
[1/5] Detecting rows needing refresh across all version tags...
[2025-12-16 20:00:24] [INFO] [DELTA_DETECT] [detect_deltas.sh] Loaded database credentials from .env
[2025-12-16 20:00:24] [INFO] [DELTA_DETECT] [detect_deltas.sh] Starting delta detection (null_threshold=5%, ttl=30d)
[2025-12-16 20:00:24] [INFO] [DELTA_DETECT] [detect_deltas.sh] Discovering data columns from schema...
ERROR:  column "columns.ordinal_position" must appear in the GROUP BY clause or be used in an aggregate function
LINE 7: ORDER BY ordinal_position;
                 ^
[2025-12-16 20:00:24] [WARNING] [HERMES] [run_copwatchdog.sh] Incremental re-scrape encountered issues but continuing
[2025-12-16 20:00:24] [INFO] [THOTH] [run_copwatchdog.sh] Copwatchdog run completed successfully
