2025-10-19 00:42:22,013 [INFO] Them Dogs Gonna Get'm
2025-10-19 00:42:23,026 [INFO] Launching headless Chromium
2025-10-19 00:42:25,570 [INFO] Visiting NYPD Trials: https://www.nyc.gov/site/nypd/bureaus/administrative/trials.page
2025-10-19 00:42:25,582 [INFO] Trails: Attempt 1/3 to load NYPD Trials page...
2025-10-19 00:42:27,668 [INFO] Trails: Page loaded successfully
2025-10-19 00:42:27,706 [INFO] Trails: Found table elements on the page
2025-10-19 00:42:27,723 [INFO] Trails: Found 1 tables on the NYPD Trials page
2025-10-19 00:42:29,164 [INFO] Table scored 6.5 points based on keywords
2025-10-19 00:42:29,165 [INFO] Trails: Selected 1 tables with threshold >= 2
2025-10-19 00:42:30,513 [INFO] Extracted 28 rows from table (headers: ['Date', 'Time', 'Rank', 'Name', 'Trial Room', 'Case Type'])
2025-10-19 00:42:30,514 [INFO] Trails: Table #1: extracted 28 rows
2025-10-19 00:42:30,514 [INFO] Trails: Record #1 parsed Name -> First: 'Julian' Last: 'Reyes'
2025-10-19 00:42:30,514 [INFO] Trails: Record #2 parsed Name -> First: 'Jovanna' Last: 'Martes'
2025-10-19 00:42:30,514 [INFO] Trails: Record #3 parsed Name -> First: 'Lucia' Last: 'Gaynor'
2025-10-19 00:42:30,514 [INFO] Trails: Record #4 parsed Name -> First: 'Alan' Last: 'Ye'
2025-10-19 00:42:30,514 [INFO] Trails: Record #5 parsed Name -> First: 'Kenneth' Last: 'Farrell'
2025-10-19 00:42:30,514 [INFO] Trails: Record #6 parsed Name -> First: 'Alan' Last: 'Ye'
2025-10-19 00:42:30,514 [INFO] Trails: Record #7 parsed Name -> First: 'Lateef' Last: 'Stinson'
2025-10-19 00:42:30,514 [INFO] Trails: Record #8 parsed Name -> First: 'Rayna' Last: 'Rampaul'
2025-10-19 00:42:30,515 [INFO] Trails: Record #9 parsed Name -> First: 'Ivan' Last: 'Villanueva'
2025-10-19 00:42:30,515 [INFO] Trails: Record #10 parsed Name -> First: 'Gregory' Last: 'Howard'
2025-10-19 00:42:30,515 [INFO] Trails: Record #11 parsed Name -> First: 'Ivan' Last: 'Villanueva'
2025-10-19 00:42:30,515 [INFO] Trails: Record #12 parsed Name -> First: 'Christopher' Last: 'Musa'
2025-10-19 00:42:30,515 [INFO] Trails: Record #13 parsed Name -> First: 'Gregory' Last: 'Howard'
2025-10-19 00:42:30,515 [INFO] Trails: Record #14 parsed Name -> First: 'Harry' Last: 'Espinal'
2025-10-19 00:42:30,515 [INFO] Trails: Record #15 parsed Name -> First: 'Christopher' Last: 'Musa'
2025-10-19 00:42:30,515 [INFO] Trails: Record #16 parsed Name -> First: 'Laura' Last: 'Devoy'
2025-10-19 00:42:30,515 [INFO] Trails: Record #17 parsed Name -> First: 'Miguel' Last: 'Estevez'
2025-10-19 00:42:30,515 [INFO] Trails: Record #18 parsed Name -> First: 'Michael' Last: 'Velazquez'
2025-10-19 00:42:30,515 [INFO] Trails: Record #19 parsed Name -> First: 'Miguel' Last: 'Estevez'
2025-10-19 00:42:30,515 [INFO] Trails: Record #20 parsed Name -> First: 'Donald' Last: 'Aridas'
2025-10-19 00:42:30,515 [INFO] Trails: Record #21 parsed Name -> First: 'Anthony' Last: 'Diaz'
2025-10-19 00:42:30,516 [INFO] Trails: Record #22 parsed Name -> First: 'Christopher' Last: 'Rodrigo'
2025-10-19 00:42:30,516 [INFO] Trails: Record #23 parsed Name -> First: 'Michelle' Last: 'Bonaparte'
2025-10-19 00:42:30,516 [INFO] Trails: Record #24 parsed Name -> First: 'Michelle' Last: 'Bonaparte'
2025-10-19 00:42:30,516 [INFO] Trails: Record #25 parsed Name -> First: 'Michelle' Last: 'Bonaparte'
2025-10-19 00:42:30,516 [INFO] Trails: Record #26 parsed Name -> First: 'Ariel' Last: 'Peraltayascaribay'
2025-10-19 00:42:30,516 [INFO] Trails: Record #27 parsed Name -> First: 'Lenita' Last: 'Harrison'
2025-10-19 00:42:30,516 [INFO] Trails: Record #28 parsed Name -> First: 'Lenita' Last: 'Harrison'
2025-10-19 00:42:30,516 [INFO] Trails: Total trial records extracted: 28
2025-10-19 00:42:30,516 [INFO] Main: extracted 28 records from NYPDTRIAL
2025-10-19 00:42:30,516 [INFO] Main: beginning 50-a enrichment pass
2025-10-19 00:42:30,516 [INFO] Main: 50-a enrich record #1 - Julian Reyes
2025-10-19 00:42:30,516 [INFO] 50-a: Searching for 'Julian Reyes' (First='Julian' Last='Reyes')
2025-10-19 00:42:31,535 [INFO] 50-a: loaded https://www.50-a.org/
2025-10-19 00:42:31,885 [INFO] 50-a: 28 search results for 'Julian Reyes'
2025-10-19 00:42:31,897 [INFO] 50-a: candidate#1 'Reyes, Julian' -> First='Julian' Last='Reyes'
2025-10-19 00:42:31,897 [INFO] 50-a: exact match found on candidate#1 'Reyes, Julian'
2025-10-19 00:42:32,156 [INFO] 50-a: officer profile loaded
2025-10-19 00:42:32,174 [INFO] 50-a: identity snippet (first 300 chars): Julian Reyes
Badge #19056, Hispanic Male
Police Officer at 44th Precinct since December 2015
Service started July 2015, made $141,000 last year, Tax #959128


Substantiated Allegations:
Force: Chokehold
Force: Physical force
Force: Restricted Breathing
2025-10-19 00:42:32,185 [INFO] 50-a: badge extracted via selector 'span.badge': 19056
2025-10-19 00:42:32,203 [INFO] 50-a: service_start parsed: 07/01/2015
2025-10-19 00:42:32,216 [INFO] 50-a: last_earned extracted from span.compensation: $141,000
2025-10-19 00:42:32,227 [INFO] 50-a: has_discipline=N has_articles=N
2025-10-19 00:42:32,294 [INFO] 50-a: summary 'Allegations' -> 4
2025-10-19 00:42:32,318 [INFO] 50-a: summary 'Substantiated' -> 3
2025-10-19 00:42:32,340 [INFO] 50-a: summary 'Substantiated (Charges)' -> 1
2025-10-19 00:42:32,387 [INFO] 50-a: summary 'Within NYPD Guidelines' -> 1
2025-10-19 00:42:32,392 [INFO] 50-a: enrichment complete for 'Julian Reyes' (badge=19056, pct=44, started=07/01/2015, last_earned=$141,000)
2025-10-19 00:42:32,392 [INFO] Main: 50-a enrich record #2 - Jovanna Martes
2025-10-19 00:42:32,392 [INFO] 50-a: Searching for 'Jovanna Martes' (First='Jovanna' Last='Martes')
2025-10-19 00:42:32,916 [INFO] 50-a: loaded https://www.50-a.org/
2025-10-19 00:42:33,216 [INFO] 50-a: 30 search results for 'Jovanna Martes'
2025-10-19 00:42:33,228 [INFO] 50-a: candidate#1 'Martes, Jovanna' -> First='Jovanna' Last='Martes'
2025-10-19 00:42:33,228 [INFO] 50-a: exact match found on candidate#1 'Martes, Jovanna'
2025-10-19 00:42:33,444 [INFO] 50-a: officer profile loaded
2025-10-19 00:42:33,459 [INFO] 50-a: identity snippet (first 300 chars): Jovanna Martes
Badge #24350, Hispanic Female
Police Officer at 44th Precinct since November 2014
Also served at Patrol Borough Bronx
Service started July 2012, made $146,000 last year, Tax #953055
Other names: Jovanna Woloski


Substantiated Allegations:
Force: Chokehold
Force: Physical force (2)
Fo
2025-10-19 00:42:33,471 [INFO] 50-a: badge extracted via selector 'span.badge': 24350
2025-10-19 00:42:33,482 [INFO] 50-a: service_start parsed: 07/01/2012
2025-10-19 00:42:33,494 [INFO] 50-a: last_earned extracted from span.compensation: $146,000
2025-10-19 00:42:33,504 [INFO] 50-a: has_discipline=N has_articles=N
2025-10-19 00:42:33,570 [INFO] 50-a: summary 'Complaints' -> 5
2025-10-19 00:42:33,593 [INFO] 50-a: summary 'Allegations' -> 24
2025-10-19 00:42:33,617 [INFO] 50-a: summary 'Substantiated' -> 8
2025-10-19 00:42:33,665 [INFO] 50-a: summary 'Substantiated (Charges)' -> 1
2025-10-19 00:42:33,792 [INFO] 50-a: summary 'Unsubstantiated' -> 3
2025-10-19 00:42:33,819 [INFO] 50-a: summary 'Within NYPD Guidelines' -> 9
2025-10-19 00:42:33,823 [INFO] 50-a: enrichment complete for 'Jovanna Martes' (badge=24350, pct=44, started=07/01/2012, last_earned=$146,000)
2025-10-19 00:42:33,823 [INFO] Main: 50-a enrich record #3 - Lucia Gaynor
2025-10-19 00:42:33,823 [INFO] 50-a: Searching for 'Lucia Gaynor' (First='Lucia' Last='Gaynor')
2025-10-19 00:42:34,347 [INFO] 50-a: loaded https://www.50-a.org/
2025-10-19 00:42:34,601 [INFO] 50-a: 4 search results for 'Lucia Gaynor'
2025-10-19 00:42:34,613 [INFO] 50-a: candidate#1 'Gaynor, Lucia F.' -> First='Lucia' Last='Gaynor'
2025-10-19 00:42:34,613 [INFO] 50-a: exact match found on candidate#1 'Gaynor, Lucia F.'
2025-10-19 00:42:34,839 [INFO] 50-a: officer profile loaded
2025-10-19 00:42:34,855 [INFO] 50-a: identity snippet (first 300 chars): Lucia F. Gaynor
Badge #314, Hispanic Female
Police Officer at 50th Precinct since September 2023
Also served at Legal Bureau
Service started July 2013, made $142,000 last year, Tax #955148
2025-10-19 00:42:34,867 [INFO] 50-a: badge extracted via selector 'span.badge': 314
2025-10-19 00:42:34,880 [INFO] 50-a: service_start parsed: 07/01/2013
2025-10-19 00:42:34,891 [INFO] 50-a: last_earned extracted from span.compensation: $142,000
2025-10-19 00:42:34,901 [INFO] 50-a: has_discipline=N has_articles=N
2025-10-19 00:42:34,944 [INFO] 50-a: summary 'Complaints' -> 2
2025-10-19 00:42:34,968 [INFO] 50-a: summary 'Allegations' -> 5
2025-10-19 00:42:34,992 [INFO] 50-a: summary 'Substantiated' -> 0
2025-10-19 00:42:35,064 [INFO] 50-a: summary 'Unsubstantiated' -> 1
2025-10-19 00:42:35,068 [INFO] 50-a: enrichment complete for 'Lucia Gaynor' (badge=314, pct=50, started=07/01/2013, last_earned=$142,000)
2025-10-19 00:42:35,068 [INFO] Main: 50-a enrich record #4 - Alan Ye
2025-10-19 00:42:35,068 [INFO] 50-a: Searching for 'Alan Ye' (First='Alan' Last='Ye')
2025-10-19 00:42:35,592 [INFO] 50-a: loaded https://www.50-a.org/
2025-10-19 00:42:41,949 [INFO] 50-a: 13 search results for 'Alan Ye'
2025-10-19 00:42:41,961 [INFO] 50-a: candidate#1 'Ye, Alan M.' -> First='Alan' Last='Ye'
2025-10-19 00:42:41,962 [INFO] 50-a: exact match found on candidate#1 'Ye, Alan M.'
2025-10-19 00:42:42,196 [INFO] 50-a: officer profile loaded
2025-10-19 00:42:42,215 [INFO] 50-a: identity snippet (first 300 chars): Alan M. Ye
Badge #3354, Asian Male
Sergeant at 60th Precinct since March 2022
Also served at 81st Precinct
Service started January 2006, made $135,000 last year, Tax #940930


Lawsuit Settlements:
$15,001   Andrews v. City of New York et al, EDNY
View Details
2025-10-19 00:42:42,227 [INFO] 50-a: badge extracted via selector 'span.badge': 3354
2025-10-19 00:42:42,240 [INFO] 50-a: service_start parsed: 01/01/2006
2025-10-19 00:42:42,251 [INFO] 50-a: last_earned extracted from span.compensation: $135,000
2025-10-19 00:42:42,260 [INFO] 50-a: has_discipline=N has_articles=N
2025-10-19 00:42:42,346 [INFO] 50-a: summary 'Substantiated' -> 0
2025-10-19 00:42:42,369 [INFO] 50-a: summary 'Unsubstantiated' -> 1
2025-10-19 00:42:42,381 [INFO] 50-a: lawsuits=2 settlements=15001
2025-10-19 00:42:42,381 [INFO] 50-a: enrichment complete for 'Alan Ye' (badge=3354, pct=60, started=01/01/2006, last_earned=$135,000)
2025-10-19 00:42:42,381 [INFO] Main: 50-a enrich record #5 - Kenneth Farrell
2025-10-19 00:42:42,381 [INFO] 50-a: Searching for 'Kenneth Farrell' (First='Kenneth' Last='Farrell')
2025-10-19 00:42:42,906 [INFO] 50-a: loaded https://www.50-a.org/
2025-10-19 00:42:52,192 [INFO] 50-a: 17 search results for 'Kenneth Farrell'
2025-10-19 00:42:52,203 [INFO] 50-a: candidate#1 'Farrell, Kenneth M.' -> First='Kenneth' Last='Farrell'
2025-10-19 00:42:52,204 [INFO] 50-a: exact match found on candidate#1 'Farrell, Kenneth M.'
2025-10-19 00:42:55,473 [INFO] 50-a: officer profile loaded
2025-10-19 00:42:55,490 [INFO] 50-a: identity snippet (first 300 chars): Kenneth M. Farrell
Lieutenant at Medical Division since November 2023
Also served at 105th Precinct, Police Service Area 2, 107th Precinct
Service started January 2007, made $200,000 last year, Tax #943220
White Male


Lawsuit Settlements:
$82,500   Regan, Ronald vs City of New York, et al., 2016 ED
2025-10-19 00:42:55,521 [INFO] 50-a: service_start parsed: 01/01/2007
2025-10-19 00:42:55,532 [INFO] 50-a: last_earned extracted from span.compensation: $200,000
2025-10-19 00:42:55,552 [INFO] 50-a: has_discipline=N has_articles=Y
2025-10-19 00:42:55,598 [INFO] 50-a: summary 'Complaints' -> 3
2025-10-19 00:42:55,622 [INFO] 50-a: summary 'Allegations' -> 10
2025-10-19 00:42:55,646 [INFO] 50-a: summary 'Substantiated' -> 0
2025-10-19 00:42:55,746 [INFO] 50-a: summary 'Unsubstantiated' -> 3
2025-10-19 00:42:55,757 [INFO] 50-a: lawsuits=0 settlements=0
2025-10-19 00:42:55,758 [INFO] 50-a: enrichment complete for 'Kenneth Farrell' (badge=None, pct=324, started=01/01/2007, last_earned=$200,000)
2025-10-19 00:42:55,758 [INFO] Main: 50-a enrich record #6 - Alan Ye
2025-10-19 00:42:55,758 [INFO] 50-a: Searching for 'Alan Ye' (First='Alan' Last='Ye')
2025-10-19 00:42:56,281 [INFO] 50-a: loaded https://www.50-a.org/
2025-10-19 00:42:56,397 [INFO] 50-a: 13 search results for 'Alan Ye'
2025-10-19 00:42:56,408 [INFO] 50-a: candidate#1 'Ye, Alan M.' -> First='Alan' Last='Ye'
2025-10-19 00:42:56,409 [INFO] 50-a: exact match found on candidate#1 'Ye, Alan M.'
2025-10-19 00:42:56,466 [INFO] 50-a: officer profile loaded
2025-10-19 00:42:56,482 [INFO] 50-a: identity snippet (first 300 chars): Alan M. Ye
Badge #3354, Asian Male
Sergeant at 60th Precinct since March 2022
Also served at 81st Precinct
Service started January 2006, made $135,000 last year, Tax #940930


Lawsuit Settlements:
$15,001   Andrews v. City of New York et al, EDNY
View Details
2025-10-19 00:42:56,495 [INFO] 50-a: badge extracted via selector 'span.badge': 3354
2025-10-19 00:42:56,509 [INFO] 50-a: service_start parsed: 01/01/2006
2025-10-19 00:42:56,521 [INFO] 50-a: last_earned extracted from span.compensation: $135,000
2025-10-19 00:42:56,531 [INFO] 50-a: has_discipline=N has_articles=N
2025-10-19 00:42:56,616 [INFO] 50-a: summary 'Substantiated' -> 0
2025-10-19 00:42:56,641 [INFO] 50-a: summary 'Unsubstantiated' -> 1
2025-10-19 00:42:56,652 [INFO] 50-a: lawsuits=2 settlements=15001
2025-10-19 00:42:56,652 [INFO] 50-a: enrichment complete for 'Alan Ye' (badge=3354, pct=60, started=01/01/2006, last_earned=$135,000)
2025-10-19 00:42:56,652 [INFO] Main: 50-a enrich record #7 - Lateef Stinson
2025-10-19 00:42:56,652 [INFO] 50-a: Searching for 'Lateef Stinson' (First='Lateef' Last='Stinson')
2025-10-19 00:42:57,176 [INFO] 50-a: loaded https://www.50-a.org/
2025-10-19 00:43:02,000 [INFO] 50-a: 2 search results for 'Lateef Stinson'
2025-10-19 00:43:02,012 [INFO] 50-a: candidate#1 'Stinson, Lateef S.' -> First='Lateef' Last='Stinson'
2025-10-19 00:43:02,012 [INFO] 50-a: exact match found on candidate#1 'Stinson, Lateef S.'
2025-10-19 00:43:02,244 [INFO] 50-a: officer profile loaded
2025-10-19 00:43:02,261 [INFO] 50-a: identity snippet (first 300 chars): Lateef S. Stinson
Badge #15203, Black Male
Police Officer at 67th Precinct since July 2024
Also served at Brooklyn Court Section, 41st Precinct, Quartermaster Section, 7th Precinct
Service started July 2017, made $170,000 last year, Tax #964300



Discipline Cases:

Case: 2020-22004
Closed: 4/28/202
2025-10-19 00:43:02,273 [INFO] 50-a: badge extracted via selector 'span.badge': 15203
2025-10-19 00:43:02,285 [INFO] 50-a: service_start parsed: 07/01/2017
2025-10-19 00:43:02,297 [INFO] 50-a: last_earned extracted from span.compensation: $170,000
2025-10-19 00:43:02,314 [INFO] 50-a: has_discipline=Y has_articles=N
2025-10-19 00:43:02,366 [INFO] 50-a: summary 'Complaints' -> 2
2025-10-19 00:43:02,390 [INFO] 50-a: summary 'Allegations' -> 5
2025-10-19 00:43:02,413 [INFO] 50-a: summary 'Substantiated' -> 0
2025-10-19 00:43:02,460 [INFO] 50-a: summary 'Unsubstantiated' -> 4
2025-10-19 00:43:02,470 [INFO] 50-a: lawsuits=2 settlements=16500
2025-10-19 00:43:02,470 [INFO] 50-a: enrichment complete for 'Lateef Stinson' (badge=15203, pct=67, started=07/01/2017, last_earned=$170,000)
2025-10-19 00:43:02,471 [INFO] Main: 50-a enrich record #8 - Rayna Rampaul
2025-10-19 00:43:02,471 [INFO] 50-a: Searching for 'Rayna Rampaul' (First='Rayna' Last='Rampaul')
2025-10-19 00:43:02,996 [INFO] 50-a: loaded https://www.50-a.org/
2025-10-19 00:43:11,878 [INFO] 50-a: 2 search results for 'Rayna Rampaul'
2025-10-19 00:43:11,889 [INFO] 50-a: candidate#1 'Rampaul, Rayna V.' -> First='Rayna' Last='Rampaul'
2025-10-19 00:43:11,889 [INFO] 50-a: exact match found on candidate#1 'Rampaul, Rayna V.'
2025-10-19 00:43:12,145 [INFO] 50-a: officer profile loaded
2025-10-19 00:43:12,162 [INFO] 50-a: identity snippet (first 300 chars): Rayna V. Rampaul
Badge #4816, Black Female
Sergeant Detective Squad at Manhattan Court Section since March 2025
Also served at Fleet Services Division, Photo Unit, Photo Unit, 7th Precinct Detective Squad, 67th Precinct, Patrol Borough Brooklyn North, 13th Precinct Detective Squad
Service started Ja
2025-10-19 00:43:12,173 [INFO] 50-a: badge extracted via selector 'span.badge': 4816
2025-10-19 00:43:12,185 [INFO] 50-a: service_start parsed: 01/01/2006
2025-10-19 00:43:12,197 [INFO] 50-a: last_earned extracted from span.compensation: $193,000
2025-10-19 00:43:12,218 [INFO] 50-a: has_discipline=N has_articles=Y
2025-10-19 00:43:12,282 [INFO] 50-a: summary 'Complaints' -> 7
2025-10-19 00:43:12,305 [INFO] 50-a: summary 'Allegations' -> 14
2025-10-19 00:43:12,329 [INFO] 50-a: summary 'Substantiated' -> 0
2025-10-19 00:43:12,450 [INFO] 50-a: summary 'Unsubstantiated' -> 6
2025-10-19 00:43:12,461 [INFO] 50-a: lawsuits=4 settlements=136000
2025-10-19 00:43:12,461 [INFO] 50-a: enrichment complete for 'Rayna Rampaul' (badge=4816, pct=127, started=01/01/2006, last_earned=$193,000)
2025-10-19 00:43:12,461 [INFO] Main: 50-a enrich record #9 - Ivan Villanueva
2025-10-19 00:43:12,461 [INFO] 50-a: Searching for 'Ivan Villanueva' (First='Ivan' Last='Villanueva')
2025-10-19 00:43:12,984 [INFO] 50-a: loaded https://www.50-a.org/
2025-10-19 00:43:21,909 [INFO] 50-a: 16 search results for 'Ivan Villanueva'
2025-10-19 00:43:21,920 [INFO] 50-a: candidate#1 'Villanueva, Ivan' -> First='Ivan' Last='Villanueva'
2025-10-19 00:43:21,920 [INFO] 50-a: exact match found on candidate#1 'Villanueva, Ivan'
2025-10-19 00:43:22,150 [INFO] 50-a: officer profile loaded
2025-10-19 00:43:22,166 [INFO] 50-a: identity snippet (first 300 chars): Ivan Villanueva
Badge #4982, Hispanic Male
Detective Grade 2 at Military and Extended Leave Desk since February 2025
Also served at Police Service Area 9 VIPER, Organized Crime Investigation Division, Patrol Borough Queens Impact Response Team, 113th Precinct Detective Squad, 102nd Precinct Detectiv
2025-10-19 00:43:22,178 [INFO] 50-a: badge extracted via selector 'span.badge': 4982
2025-10-19 00:43:22,191 [INFO] 50-a: service_start parsed: 07/01/2008
2025-10-19 00:43:22,203 [INFO] 50-a: last_earned extracted from span.compensation: $179,000
2025-10-19 00:43:22,212 [INFO] 50-a: has_discipline=N has_articles=N
2025-10-19 00:43:22,253 [INFO] 50-a: summary 'Complaints' -> 4
2025-10-19 00:43:22,276 [INFO] 50-a: summary 'Allegations' -> 4
2025-10-19 00:43:22,299 [INFO] 50-a: summary 'Substantiated' -> 0
2025-10-19 00:43:22,369 [INFO] 50-a: summary 'Unsubstantiated' -> 2
2025-10-19 00:43:22,381 [INFO] 50-a: lawsuits=6 settlements=72500
2025-10-19 00:43:22,381 [INFO] 50-a: enrichment complete for 'Ivan Villanueva' (badge=4982, pct=MELD, started=07/01/2008, last_earned=$179,000)
2025-10-19 00:43:22,381 [INFO] Main: 50-a enrich record #10 - Gregory Howard
2025-10-19 00:43:22,381 [INFO] 50-a: Searching for 'Gregory Howard' (First='Gregory' Last='Howard')
2025-10-19 00:43:22,901 [INFO] 50-a: loaded https://www.50-a.org/
2025-10-19 00:43:31,947 [INFO] 50-a: 32 search results for 'Gregory Howard'
2025-10-19 00:43:31,960 [INFO] 50-a: candidate#1 'Howard, Gregory' -> First='Gregory' Last='Howard'
2025-10-19 00:43:31,960 [INFO] 50-a: exact match found on candidate#1 'Howard, Gregory'
2025-10-19 00:43:32,185 [INFO] 50-a: officer profile loaded
2025-10-19 00:43:32,200 [INFO] 50-a: identity snippet (first 300 chars): Gregory Howard
Badge #706, Black Male
Detective Specialist at Military and Extended Leave Desk since July 2025
Also served at 120th Precinct
Service started January 2006, made $161,000 last year, Tax #941042



Discipline Cases:

Case: 2019-20807
Closed: 9/13/2019

View Details


Lawsuit Settlements
2025-10-19 00:43:32,212 [INFO] 50-a: badge extracted via selector 'span.badge': 706
2025-10-19 00:43:32,223 [INFO] 50-a: service_start parsed: 01/01/2006
2025-10-19 00:43:32,235 [INFO] 50-a: last_earned extracted from span.compensation: $161,000
2025-10-19 00:43:32,264 [INFO] 50-a: has_discipline=Y has_articles=Y
2025-10-19 00:43:32,305 [INFO] 50-a: summary 'Complaints' -> 4
2025-10-19 00:43:32,327 [INFO] 50-a: summary 'Allegations' -> 4
2025-10-19 00:43:32,351 [INFO] 50-a: summary 'Substantiated' -> 0
2025-10-19 00:43:32,398 [INFO] 50-a: summary 'Unsubstantiated' -> 3
2025-10-19 00:43:32,409 [INFO] 50-a: lawsuits=11 settlements=79000
2025-10-19 00:43:32,409 [INFO] 50-a: enrichment complete for 'Gregory Howard' (badge=706, pct=MELD, started=01/01/2006, last_earned=$161,000)
2025-10-19 00:43:32,409 [INFO] Main: 50-a enrich record #11 - Ivan Villanueva
2025-10-19 00:43:32,409 [INFO] 50-a: Searching for 'Ivan Villanueva' (First='Ivan' Last='Villanueva')
2025-10-19 00:43:32,934 [INFO] 50-a: loaded https://www.50-a.org/
2025-10-19 00:43:33,050 [INFO] 50-a: 16 search results for 'Ivan Villanueva'
2025-10-19 00:43:33,061 [INFO] 50-a: candidate#1 'Villanueva, Ivan' -> First='Ivan' Last='Villanueva'
2025-10-19 00:43:33,061 [INFO] 50-a: exact match found on candidate#1 'Villanueva, Ivan'
2025-10-19 00:43:33,137 [INFO] 50-a: officer profile loaded
2025-10-19 00:43:33,155 [INFO] 50-a: identity snippet (first 300 chars): Ivan Villanueva
Badge #4982, Hispanic Male
Detective Grade 2 at Military and Extended Leave Desk since February 2025
Also served at Police Service Area 9 VIPER, Organized Crime Investigation Division, Patrol Borough Queens Impact Response Team, 113th Precinct Detective Squad, 102nd Precinct Detectiv
2025-10-19 00:43:33,167 [INFO] 50-a: badge extracted via selector 'span.badge': 4982
2025-10-19 00:43:33,180 [INFO] 50-a: service_start parsed: 07/01/2008
2025-10-19 00:43:33,192 [INFO] 50-a: last_earned extracted from span.compensation: $179,000
2025-10-19 00:43:33,202 [INFO] 50-a: has_discipline=N has_articles=N
2025-10-19 00:43:33,245 [INFO] 50-a: summary 'Complaints' -> 4
2025-10-19 00:43:33,268 [INFO] 50-a: summary 'Allegations' -> 4
2025-10-19 00:43:33,291 [INFO] 50-a: summary 'Substantiated' -> 0
2025-10-19 00:43:33,360 [INFO] 50-a: summary 'Unsubstantiated' -> 2
2025-10-19 00:43:33,371 [INFO] 50-a: lawsuits=6 settlements=72500
2025-10-19 00:43:33,371 [INFO] 50-a: enrichment complete for 'Ivan Villanueva' (badge=4982, pct=MELD, started=07/01/2008, last_earned=$179,000)
2025-10-19 00:43:33,371 [INFO] Main: 50-a enrich record #12 - Christopher Musa
2025-10-19 00:43:33,371 [INFO] 50-a: Searching for 'Christopher Musa' (First='Christopher' Last='Musa')
2025-10-19 00:43:33,891 [INFO] 50-a: loaded https://www.50-a.org/
2025-10-19 00:43:42,001 [INFO] 50-a: 31 search results for 'Christopher Musa'
2025-10-19 00:43:42,014 [INFO] 50-a: candidate#1 'Musa, Christopher F.' -> First='Christopher' Last='Musa'
2025-10-19 00:43:42,014 [INFO] 50-a: exact match found on candidate#1 'Musa, Christopher F.'
2025-10-19 00:43:42,262 [INFO] 50-a: officer profile loaded
2025-10-19 00:43:42,277 [INFO] 50-a: identity snippet (first 300 chars): Christopher F. Musa
Badge #3353, White Male
Sergeant at 73rd Precinct since December 2018
Also served at 110th Precinct
Service started January 2012, made $147,000 last year, Tax #952040


Substantiated Allegations:
Force: Chokehold
Force: Hit against inanimate object
Force: Physical force
Force: Re
2025-10-19 00:43:42,289 [INFO] 50-a: badge extracted via selector 'span.badge': 3353
2025-10-19 00:43:42,302 [INFO] 50-a: service_start parsed: 01/01/2012
2025-10-19 00:43:42,314 [INFO] 50-a: last_earned extracted from span.compensation: $147,000
2025-10-19 00:43:42,331 [INFO] 50-a: has_discipline=Y has_articles=N
2025-10-19 00:43:42,390 [INFO] 50-a: summary 'Complaints' -> 14
2025-10-19 00:43:42,413 [INFO] 50-a: summary 'Allegations' -> 39
2025-10-19 00:43:42,437 [INFO] 50-a: summary 'Substantiated' -> 8
2025-10-19 00:43:42,506 [INFO] 50-a: summary 'Substantiated (Charges)' -> 3
2025-10-19 00:43:42,727 [INFO] 50-a: summary 'Unsubstantiated' -> 2
2025-10-19 00:43:42,752 [INFO] 50-a: summary 'Within NYPD Guidelines' -> 5
2025-10-19 00:43:42,763 [INFO] 50-a: lawsuits=4 settlements=1598000
2025-10-19 00:43:42,764 [INFO] 50-a: enrichment complete for 'Christopher Musa' (badge=3353, pct=73, started=01/01/2012, last_earned=$147,000)
2025-10-19 00:43:42,764 [INFO] Main: 50-a enrich record #13 - Gregory Howard
2025-10-19 00:43:42,764 [INFO] 50-a: Searching for 'Gregory Howard' (First='Gregory' Last='Howard')
2025-10-19 00:43:43,284 [INFO] 50-a: loaded https://www.50-a.org/
2025-10-19 00:43:43,418 [INFO] 50-a: 32 search results for 'Gregory Howard'
2025-10-19 00:43:43,430 [INFO] 50-a: candidate#1 'Howard, Gregory' -> First='Gregory' Last='Howard'
2025-10-19 00:43:43,430 [INFO] 50-a: exact match found on candidate#1 'Howard, Gregory'
2025-10-19 00:43:43,504 [INFO] 50-a: officer profile loaded
2025-10-19 00:43:43,519 [INFO] 50-a: identity snippet (first 300 chars): Gregory Howard
Badge #706, Black Male
Detective Specialist at Military and Extended Leave Desk since July 2025
Also served at 120th Precinct
Service started January 2006, made $161,000 last year, Tax #941042



Discipline Cases:

Case: 2019-20807
Closed: 9/13/2019

View Details


Lawsuit Settlements
2025-10-19 00:43:43,532 [INFO] 50-a: badge extracted via selector 'span.badge': 706
2025-10-19 00:43:43,544 [INFO] 50-a: service_start parsed: 01/01/2006
2025-10-19 00:43:43,555 [INFO] 50-a: last_earned extracted from span.compensation: $161,000
2025-10-19 00:43:43,582 [INFO] 50-a: has_discipline=Y has_articles=Y
2025-10-19 00:43:43,622 [INFO] 50-a: summary 'Complaints' -> 4
2025-10-19 00:43:43,646 [INFO] 50-a: summary 'Allegations' -> 4
2025-10-19 00:43:43,669 [INFO] 50-a: summary 'Substantiated' -> 0
2025-10-19 00:43:43,715 [INFO] 50-a: summary 'Unsubstantiated' -> 3
2025-10-19 00:43:43,727 [INFO] 50-a: lawsuits=11 settlements=79000
2025-10-19 00:43:43,728 [INFO] 50-a: enrichment complete for 'Gregory Howard' (badge=706, pct=MELD, started=01/01/2006, last_earned=$161,000)
2025-10-19 00:43:43,728 [INFO] Main: 50-a enrich record #14 - Harry Espinal
2025-10-19 00:43:43,728 [INFO] 50-a: Searching for 'Harry Espinal' (First='Harry' Last='Espinal')
2025-10-19 00:43:44,247 [INFO] 50-a: loaded https://www.50-a.org/
2025-10-19 00:43:51,925 [INFO] 50-a: 33 search results for 'Harry Espinal'
2025-10-19 00:43:51,938 [INFO] 50-a: candidate#1 'Espinal, Harry' -> First='Harry' Last='Espinal'
2025-10-19 00:43:51,938 [INFO] 50-a: exact match found on candidate#1 'Espinal, Harry'
2025-10-19 00:43:52,185 [INFO] 50-a: officer profile loaded
2025-10-19 00:43:52,200 [INFO] 50-a: identity snippet (first 300 chars): Harry Espinal
Badge #19236, Hispanic Male
Police Officer at Manhattan Court Section since August 2023
Also served at Specialized Training Section, 88th Precinct
Service started July 2015, made $166,000 last year, Tax #958556
2025-10-19 00:43:52,212 [INFO] 50-a: badge extracted via selector 'span.badge': 19236
2025-10-19 00:43:52,224 [INFO] 50-a: service_start parsed: 07/01/2015
2025-10-19 00:43:52,235 [INFO] 50-a: last_earned extracted from span.compensation: $166,000
2025-10-19 00:43:52,244 [INFO] 50-a: has_discipline=N has_articles=N
2025-10-19 00:43:52,251 [INFO] 50-a: enrichment complete for 'Harry Espinal' (badge=19236, pct=127, started=07/01/2015, last_earned=$166,000)
2025-10-19 00:43:52,251 [INFO] Main: 50-a enrich record #15 - Christopher Musa
2025-10-19 00:43:52,251 [INFO] 50-a: Searching for 'Christopher Musa' (First='Christopher' Last='Musa')
2025-10-19 00:43:52,775 [INFO] 50-a: loaded https://www.50-a.org/
2025-10-19 00:43:52,910 [INFO] 50-a: 31 search results for 'Christopher Musa'
2025-10-19 00:43:52,923 [INFO] 50-a: candidate#1 'Musa, Christopher F.' -> First='Christopher' Last='Musa'
2025-10-19 00:43:52,923 [INFO] 50-a: exact match found on candidate#1 'Musa, Christopher F.'
2025-10-19 00:43:53,005 [INFO] 50-a: officer profile loaded
2025-10-19 00:43:53,025 [INFO] 50-a: identity snippet (first 300 chars): Christopher F. Musa
Badge #3353, White Male
Sergeant at 73rd Precinct since December 2018
Also served at 110th Precinct
Service started January 2012, made $147,000 last year, Tax #952040


Substantiated Allegations:
Force: Chokehold
Force: Hit against inanimate object
Force: Physical force
Force: Re
2025-10-19 00:43:53,037 [INFO] 50-a: badge extracted via selector 'span.badge': 3353
2025-10-19 00:43:53,048 [INFO] 50-a: service_start parsed: 01/01/2012
2025-10-19 00:43:53,060 [INFO] 50-a: last_earned extracted from span.compensation: $147,000
2025-10-19 00:43:53,077 [INFO] 50-a: has_discipline=Y has_articles=N
2025-10-19 00:43:53,134 [INFO] 50-a: summary 'Complaints' -> 14
2025-10-19 00:43:53,158 [INFO] 50-a: summary 'Allegations' -> 39
2025-10-19 00:43:53,180 [INFO] 50-a: summary 'Substantiated' -> 8
2025-10-19 00:43:53,258 [INFO] 50-a: summary 'Substantiated (Charges)' -> 3
2025-10-19 00:43:53,467 [INFO] 50-a: summary 'Unsubstantiated' -> 2
2025-10-19 00:43:53,489 [INFO] 50-a: summary 'Within NYPD Guidelines' -> 5
2025-10-19 00:43:53,501 [INFO] 50-a: lawsuits=4 settlements=1598000
2025-10-19 00:43:53,501 [INFO] 50-a: enrichment complete for 'Christopher Musa' (badge=3353, pct=73, started=01/01/2012, last_earned=$147,000)
2025-10-19 00:43:53,501 [INFO] Main: 50-a enrich record #16 - Laura Devoy
2025-10-19 00:43:53,501 [INFO] 50-a: Searching for 'Laura Devoy' (First='Laura' Last='Devoy')
2025-10-19 00:43:54,026 [INFO] 50-a: loaded https://www.50-a.org/
2025-10-19 00:44:02,015 [INFO] 50-a: 10 search results for 'Laura Devoy'
2025-10-19 00:44:02,026 [INFO] 50-a: candidate#1 'Delohery, Maura F.' -> First='Maura' Last='Delohery'
2025-10-19 00:44:02,037 [INFO] 50-a: candidate#2 'Delacruzsoriano, Laura T.' -> First='Laura' Last='Delacruzsoriano'
2025-10-19 00:44:02,048 [INFO] 50-a: candidate#3 'Varisco, Laura M.' -> First='Laura' Last='Varisco'
2025-10-19 00:44:02,060 [INFO] 50-a: candidate#4 'Colwell, Laura' -> First='Laura' Last='Colwell'
2025-10-19 00:44:02,071 [INFO] 50-a: candidate#5 'Bromley, Laura E.' -> First='Laura' Last='Bromley'
2025-10-19 00:44:02,082 [INFO] 50-a: candidate#6 'Diblasi, Laura' -> First='Laura' Last='Diblasi'
2025-10-19 00:44:02,093 [INFO] 50-a: candidate#7 'Gaon, Laura M.' -> First='Laura' Last='Gaon'
2025-10-19 00:44:02,104 [INFO] 50-a: candidate#8 'Roberts, Laura' -> First='Laura' Last='Roberts'
2025-10-19 00:44:02,115 [INFO] 50-a: candidate#9 'Torressantana, Laura M.' -> First='Laura' Last='Torressantana'
2025-10-19 00:44:02,126 [INFO] 50-a: candidate#10 'Cespedes, Laura' -> First='Laura' Last='Cespedes'
2025-10-19 00:44:02,126 [WARNING] 50-a: no exact name match found for 'Laura Devoy'. Trying partial-last fallback.
2025-10-19 00:44:02,237 [WARNING] 50-a: still no match for 'Laura Devoy'. Skipping 50-a enrichment.
2025-10-19 00:44:02,237 [INFO] Main: 50-a enrich record #17 - Miguel Estevez
2025-10-19 00:44:02,237 [INFO] 50-a: Searching for 'Miguel Estevez' (First='Miguel' Last='Estevez')
2025-10-19 00:44:02,757 [INFO] 50-a: loaded https://www.50-a.org/
2025-10-19 00:44:12,083 [INFO] 50-a: 31 search results for 'Miguel Estevez'
2025-10-19 00:44:12,096 [INFO] 50-a: candidate#1 'Estevez, Miguel E.' -> First='Miguel' Last='Estevez'
2025-10-19 00:44:12,096 [INFO] 50-a: exact match found on candidate#1 'Estevez, Miguel E.'
2025-10-19 00:44:12,337 [INFO] 50-a: officer profile loaded
2025-10-19 00:44:12,354 [INFO] 50-a: identity snippet (first 300 chars): Miguel E. Estevez
Badge #1301, Hispanic Male
Sergeant at 41st Precinct since November 2023
Also served at Police Service Area 8, Transit Bureau District 11, Narcotics Borough Bronx, 108th Precinct
Service started July 2005, made $184,000 last year, Tax #938446
miguel.estevez@nypd.org


Lawsuit Settl
2025-10-19 00:44:12,376 [INFO] 50-a: badge extracted via selector 'span.badge': 1301
2025-10-19 00:44:12,394 [INFO] 50-a: service_start parsed: 07/01/2005
2025-10-19 00:44:12,406 [INFO] 50-a: last_earned extracted from span.compensation: $184,000
2025-10-19 00:44:12,418 [INFO] 50-a: has_discipline=N has_articles=N
2025-10-19 00:44:12,474 [INFO] 50-a: summary 'Complaints' -> 5
2025-10-19 00:44:12,516 [INFO] 50-a: summary 'Allegations' -> 7
2025-10-19 00:44:12,541 [INFO] 50-a: summary 'Substantiated' -> 0
2025-10-19 00:44:12,718 [INFO] 50-a: summary 'Unsubstantiated' -> 2
2025-10-19 00:44:12,745 [INFO] 50-a: lawsuits=8 settlements=197500
2025-10-19 00:44:12,745 [INFO] 50-a: enrichment complete for 'Miguel Estevez' (badge=1301, pct=41, started=07/01/2005, last_earned=$184,000)
2025-10-19 00:44:12,745 [INFO] Main: 50-a enrich record #18 - Michael Velazquez
2025-10-19 00:44:12,745 [INFO] 50-a: Searching for 'Michael Velazquez' (First='Michael' Last='Velazquez')
2025-10-19 00:44:13,273 [INFO] 50-a: loaded https://www.50-a.org/
2025-10-19 00:44:21,916 [INFO] 50-a: 12 search results for 'Michael Velazquez'
2025-10-19 00:44:21,927 [INFO] 50-a: candidate#1 'Velazquez, Michael V.' -> First='Michael' Last='Velazquez'
2025-10-19 00:44:21,927 [INFO] 50-a: exact match found on candidate#1 'Velazquez, Michael V.'
2025-10-19 00:44:22,161 [INFO] 50-a: officer profile loaded
2025-10-19 00:44:22,176 [INFO] 50-a: identity snippet (first 300 chars): Michael V. Velazquez
Badge #20892, Hispanic Male
Police Officer at 50th Precinct since May 2019
Service started January 2017, made $178,000 last year, Tax #963312
2025-10-19 00:44:22,187 [INFO] 50-a: badge extracted via selector 'span.badge': 20892
2025-10-19 00:44:22,199 [INFO] 50-a: service_start parsed: 01/01/2017
2025-10-19 00:44:22,210 [INFO] 50-a: last_earned extracted from span.compensation: $178,000
2025-10-19 00:44:22,219 [INFO] 50-a: has_discipline=N has_articles=N
2025-10-19 00:44:22,271 [INFO] 50-a: summary 'Complaints' -> 3
2025-10-19 00:44:22,296 [INFO] 50-a: summary 'Allegations' -> 5
2025-10-19 00:44:22,319 [INFO] 50-a: summary 'Substantiated' -> 0
2025-10-19 00:44:22,399 [INFO] 50-a: lawsuits=0 settlements=0
2025-10-19 00:44:22,399 [INFO] 50-a: enrichment complete for 'Michael Velazquez' (badge=20892, pct=50, started=01/01/2017, last_earned=$178,000)
2025-10-19 00:44:22,399 [INFO] Main: 50-a enrich record #19 - Miguel Estevez
2025-10-19 00:44:22,399 [INFO] 50-a: Searching for 'Miguel Estevez' (First='Miguel' Last='Estevez')
2025-10-19 00:44:22,925 [INFO] 50-a: loaded https://www.50-a.org/
2025-10-19 00:44:23,053 [INFO] 50-a: 31 search results for 'Miguel Estevez'
2025-10-19 00:44:23,065 [INFO] 50-a: candidate#1 'Estevez, Miguel E.' -> First='Miguel' Last='Estevez'
2025-10-19 00:44:23,065 [INFO] 50-a: exact match found on candidate#1 'Estevez, Miguel E.'
2025-10-19 00:44:23,146 [INFO] 50-a: officer profile loaded
2025-10-19 00:44:23,162 [INFO] 50-a: identity snippet (first 300 chars): Miguel E. Estevez
Badge #1301, Hispanic Male
Sergeant at 41st Precinct since November 2023
Also served at Police Service Area 8, Transit Bureau District 11, Narcotics Borough Bronx, 108th Precinct
Service started July 2005, made $184,000 last year, Tax #938446
miguel.estevez@nypd.org


Lawsuit Settl
2025-10-19 00:44:23,174 [INFO] 50-a: badge extracted via selector 'span.badge': 1301
2025-10-19 00:44:23,185 [INFO] 50-a: service_start parsed: 07/01/2005
2025-10-19 00:44:23,197 [INFO] 50-a: last_earned extracted from span.compensation: $184,000
2025-10-19 00:44:23,206 [INFO] 50-a: has_discipline=N has_articles=N
2025-10-19 00:44:23,250 [INFO] 50-a: summary 'Complaints' -> 5
2025-10-19 00:44:23,272 [INFO] 50-a: summary 'Allegations' -> 7
2025-10-19 00:44:23,298 [INFO] 50-a: summary 'Substantiated' -> 0
2025-10-19 00:44:23,414 [INFO] 50-a: summary 'Unsubstantiated' -> 2
2025-10-19 00:44:23,425 [INFO] 50-a: lawsuits=8 settlements=197500
2025-10-19 00:44:23,425 [INFO] 50-a: enrichment complete for 'Miguel Estevez' (badge=1301, pct=41, started=07/01/2005, last_earned=$184,000)
2025-10-19 00:44:23,425 [INFO] Main: 50-a enrich record #20 - Donald Aridas
2025-10-19 00:44:23,425 [INFO] 50-a: Searching for 'Donald Aridas' (First='Donald' Last='Aridas')
2025-10-19 00:44:23,950 [INFO] 50-a: loaded https://www.50-a.org/
2025-10-19 00:44:32,022 [INFO] 50-a: 12 search results for 'Donald Aridas'
2025-10-19 00:44:32,034 [INFO] 50-a: candidate#1 'Aridas, Donald A.' -> First='Donald' Last='Aridas'
2025-10-19 00:44:32,034 [INFO] 50-a: exact match found on candidate#1 'Aridas, Donald A.'
2025-10-19 00:44:32,272 [INFO] 50-a: officer profile loaded
2025-10-19 00:44:32,288 [INFO] 50-a: identity snippet (first 300 chars): Donald A. Aridas
Badge #30787, White Male
Police Officer at 19th Precinct since January 2007
Service started January 2006, made $192,000 last year, Tax #939882
donald.aridas@nypd.org


Substantiated Allegations:
Force: Pepper spray
Abuse of Authority: Refusal to obtain medical treatment
2025-10-19 00:44:32,299 [INFO] 50-a: badge extracted via selector 'span.badge': 30787
2025-10-19 00:44:32,311 [INFO] 50-a: service_start parsed: 01/01/2006
2025-10-19 00:44:32,323 [INFO] 50-a: last_earned extracted from span.compensation: $192,000
2025-10-19 00:44:32,332 [INFO] 50-a: has_discipline=N has_articles=N
2025-10-19 00:44:32,392 [INFO] 50-a: summary 'Complaints' -> 9
2025-10-19 00:44:32,415 [INFO] 50-a: summary 'Allegations' -> 17
2025-10-19 00:44:32,438 [INFO] 50-a: summary 'Substantiated' -> 2
2025-10-19 00:44:32,461 [INFO] 50-a: summary 'Substantiated (Charges)' -> 2
2025-10-19 00:44:32,553 [INFO] 50-a: summary 'Unsubstantiated' -> 4
2025-10-19 00:44:32,576 [INFO] 50-a: summary 'Within NYPD Guidelines' -> 2
2025-10-19 00:44:32,580 [INFO] 50-a: enrichment complete for 'Donald Aridas' (badge=30787, pct=19, started=01/01/2006, last_earned=$192,000)
2025-10-19 00:44:32,580 [INFO] Main: 50-a enrich record #21 - Anthony Diaz
2025-10-19 00:44:32,581 [INFO] 50-a: Searching for 'Anthony Diaz' (First='Anthony' Last='Diaz')
2025-10-19 00:44:33,103 [INFO] 50-a: loaded https://www.50-a.org/
2025-10-19 00:44:41,976 [INFO] 50-a: 30 search results for 'Anthony Diaz'
2025-10-19 00:44:41,989 [INFO] 50-a: candidate#1 'Diaz, Anthony' -> First='Anthony' Last='Diaz'
2025-10-19 00:44:41,989 [INFO] 50-a: exact match found on candidate#1 'Diaz, Anthony'
2025-10-19 00:44:42,208 [INFO] 50-a: officer profile loaded
2025-10-19 00:44:42,223 [INFO] 50-a: identity snippet (first 300 chars): Anthony Diaz
Badge #24331, Hispanic Male
Police Officer at Bronx Court Section since April 2025
Also served at Manhattan Court Section, Police Service Area 6, 52nd Precinct, 108th Precinct
Service started July 2013, made $187,000 last year, Tax #954730



Discipline Cases:

Case: 2018-18739
Closed: 
2025-10-19 00:44:42,234 [INFO] 50-a: badge extracted via selector 'span.badge': 24331
2025-10-19 00:44:42,247 [INFO] 50-a: service_start parsed: 07/01/2013
2025-10-19 00:44:42,259 [INFO] 50-a: last_earned extracted from span.compensation: $187,000
2025-10-19 00:44:42,276 [INFO] 50-a: has_discipline=Y has_articles=N
2025-10-19 00:44:42,326 [INFO] 50-a: summary 'Complaints' -> 2
2025-10-19 00:44:42,350 [INFO] 50-a: summary 'Allegations' -> 3
2025-10-19 00:44:42,373 [INFO] 50-a: summary 'Substantiated' -> 0
2025-10-19 00:44:42,407 [INFO] 50-a: lawsuits=0 settlements=0
2025-10-19 00:44:42,407 [INFO] 50-a: enrichment complete for 'Anthony Diaz' (badge=24331, pct=89, started=07/01/2013, last_earned=$187,000)
2025-10-19 00:44:42,407 [INFO] Main: 50-a enrich record #22 - Christopher Rodrigo
2025-10-19 00:44:42,408 [INFO] 50-a: Searching for 'Christopher Rodrigo' (First='Christopher' Last='Rodrigo')
2025-10-19 00:44:42,931 [INFO] 50-a: loaded https://www.50-a.org/
2025-10-19 00:44:51,966 [INFO] 50-a: 39 search results for 'Christopher Rodrigo'
2025-10-19 00:44:51,979 [INFO] 50-a: candidate#1 'Rodrigo, Christopher A.' -> First='Christopher' Last='Rodrigo'
2025-10-19 00:44:51,979 [INFO] 50-a: exact match found on candidate#1 'Rodrigo, Christopher A.'
2025-10-19 00:44:52,218 [INFO] 50-a: officer profile loaded
2025-10-19 00:44:52,232 [INFO] 50-a: identity snippet (first 300 chars): Christopher A. Rodrigo
Badge #7729, Hispanic Male
Detective Specialist at Patrol Borough Manhattan North Community Affairs Section since March 2023
Also served at Narcotics Division, Narcotics Borough Brooklyn North, 32nd Precinct
Service started July 2001, made $183,000 last year, Tax #929060



Di
2025-10-19 00:44:52,244 [INFO] 50-a: badge extracted via selector 'span.badge': 7729
2025-10-19 00:44:52,255 [INFO] 50-a: service_start parsed: 07/01/2001
2025-10-19 00:44:52,267 [INFO] 50-a: last_earned extracted from span.compensation: $183,000
2025-10-19 00:44:52,285 [INFO] 50-a: has_discipline=Y has_articles=N
2025-10-19 00:44:52,339 [INFO] 50-a: summary 'Complaints' -> 14
2025-10-19 00:44:52,366 [INFO] 50-a: summary 'Allegations' -> 27
2025-10-19 00:44:52,388 [INFO] 50-a: summary 'Substantiated' -> 0
2025-10-19 00:44:52,481 [INFO] 50-a: summary 'Unsubstantiated' -> 13
2025-10-19 00:44:52,492 [INFO] 50-a: lawsuits=4 settlements=287500
2025-10-19 00:44:52,492 [INFO] 50-a: enrichment complete for 'Christopher Rodrigo' (badge=7729, pct=761, started=07/01/2001, last_earned=$183,000)
2025-10-19 00:44:52,492 [INFO] Main: 50-a enrich record #23 - Michelle Bonaparte
2025-10-19 00:44:52,492 [INFO] 50-a: Searching for 'Michelle Bonaparte' (First='Michelle' Last='Bonaparte')
2025-10-19 00:44:53,015 [INFO] 50-a: loaded https://www.50-a.org/
2025-10-19 00:45:02,034 [INFO] 50-a: 21 search results for 'Michelle Bonaparte'
2025-10-19 00:45:02,046 [INFO] 50-a: candidate#1 'Bonaparte, Michelle' -> First='Michelle' Last='Bonaparte'
2025-10-19 00:45:02,046 [INFO] 50-a: exact match found on candidate#1 'Bonaparte, Michelle'
2025-10-19 00:45:02,276 [INFO] 50-a: officer profile loaded
2025-10-19 00:45:02,291 [INFO] 50-a: identity snippet (first 300 chars): Michelle Bonaparte
Badge #1887, Black Female
Detective Grade 3 at 79th Precinct Detective Squad since April 2019
Also served at 84th Precinct
Service started January 2006, made $238,000 last year, Tax #940972
2025-10-19 00:45:02,303 [INFO] 50-a: badge extracted via selector 'span.badge': 1887
2025-10-19 00:45:02,315 [INFO] 50-a: service_start parsed: 01/01/2006
2025-10-19 00:45:02,328 [INFO] 50-a: last_earned extracted from span.compensation: $238,000
2025-10-19 00:45:02,337 [INFO] 50-a: has_discipline=N has_articles=N
2025-10-19 00:45:02,380 [INFO] 50-a: summary 'Complaints' -> 3
2025-10-19 00:45:02,403 [INFO] 50-a: summary 'Allegations' -> 6
2025-10-19 00:45:02,426 [INFO] 50-a: summary 'Substantiated' -> 0
2025-10-19 00:45:02,495 [INFO] 50-a: summary 'Unsubstantiated' -> 2
2025-10-19 00:45:02,519 [INFO] 50-a: summary 'Within NYPD Guidelines' -> 1
2025-10-19 00:45:02,523 [INFO] 50-a: enrichment complete for 'Michelle Bonaparte' (badge=1887, pct=79, started=01/01/2006, last_earned=$238,000)
2025-10-19 00:45:02,523 [INFO] Main: 50-a enrich record #24 - Michelle Bonaparte
2025-10-19 00:45:02,523 [INFO] 50-a: Searching for 'Michelle Bonaparte' (First='Michelle' Last='Bonaparte')
2025-10-19 00:45:03,046 [INFO] 50-a: loaded https://www.50-a.org/
2025-10-19 00:45:03,167 [INFO] 50-a: 21 search results for 'Michelle Bonaparte'
2025-10-19 00:45:03,178 [INFO] 50-a: candidate#1 'Bonaparte, Michelle' -> First='Michelle' Last='Bonaparte'
2025-10-19 00:45:03,178 [INFO] 50-a: exact match found on candidate#1 'Bonaparte, Michelle'
2025-10-19 00:45:03,250 [INFO] 50-a: officer profile loaded
2025-10-19 00:45:03,280 [INFO] 50-a: identity snippet (first 300 chars): Michelle Bonaparte
Badge #1887, Black Female
Detective Grade 3 at 79th Precinct Detective Squad since April 2019
Also served at 84th Precinct
Service started January 2006, made $238,000 last year, Tax #940972
2025-10-19 00:45:03,292 [INFO] 50-a: badge extracted via selector 'span.badge': 1887
2025-10-19 00:45:03,305 [INFO] 50-a: service_start parsed: 01/01/2006
2025-10-19 00:45:03,317 [INFO] 50-a: last_earned extracted from span.compensation: $238,000
2025-10-19 00:45:03,326 [INFO] 50-a: has_discipline=N has_articles=N
2025-10-19 00:45:03,369 [INFO] 50-a: summary 'Complaints' -> 3
2025-10-19 00:45:03,392 [INFO] 50-a: summary 'Allegations' -> 6
2025-10-19 00:45:03,416 [INFO] 50-a: summary 'Substantiated' -> 0
2025-10-19 00:45:03,484 [INFO] 50-a: summary 'Unsubstantiated' -> 2
2025-10-19 00:45:03,506 [INFO] 50-a: summary 'Within NYPD Guidelines' -> 1
2025-10-19 00:45:03,510 [INFO] 50-a: enrichment complete for 'Michelle Bonaparte' (badge=1887, pct=79, started=01/01/2006, last_earned=$238,000)
2025-10-19 00:45:03,510 [INFO] Main: 50-a enrich record #25 - Michelle Bonaparte
2025-10-19 00:45:03,510 [INFO] 50-a: Searching for 'Michelle Bonaparte' (First='Michelle' Last='Bonaparte')
2025-10-19 00:45:04,030 [INFO] 50-a: loaded https://www.50-a.org/
2025-10-19 00:45:04,151 [INFO] 50-a: 21 search results for 'Michelle Bonaparte'
2025-10-19 00:45:04,162 [INFO] 50-a: candidate#1 'Bonaparte, Michelle' -> First='Michelle' Last='Bonaparte'
2025-10-19 00:45:04,162 [INFO] 50-a: exact match found on candidate#1 'Bonaparte, Michelle'
2025-10-19 00:45:04,232 [INFO] 50-a: officer profile loaded
2025-10-19 00:45:04,248 [INFO] 50-a: identity snippet (first 300 chars): Michelle Bonaparte
Badge #1887, Black Female
Detective Grade 3 at 79th Precinct Detective Squad since April 2019
Also served at 84th Precinct
Service started January 2006, made $238,000 last year, Tax #940972
2025-10-19 00:45:04,260 [INFO] 50-a: badge extracted via selector 'span.badge': 1887
2025-10-19 00:45:04,272 [INFO] 50-a: service_start parsed: 01/01/2006
2025-10-19 00:45:04,284 [INFO] 50-a: last_earned extracted from span.compensation: $238,000
2025-10-19 00:45:04,294 [INFO] 50-a: has_discipline=N has_articles=N
2025-10-19 00:45:04,334 [INFO] 50-a: summary 'Complaints' -> 3
2025-10-19 00:45:04,357 [INFO] 50-a: summary 'Allegations' -> 6
2025-10-19 00:45:04,380 [INFO] 50-a: summary 'Substantiated' -> 0
2025-10-19 00:45:04,448 [INFO] 50-a: summary 'Unsubstantiated' -> 2
2025-10-19 00:45:04,471 [INFO] 50-a: summary 'Within NYPD Guidelines' -> 1
2025-10-19 00:45:04,475 [INFO] 50-a: enrichment complete for 'Michelle Bonaparte' (badge=1887, pct=79, started=01/01/2006, last_earned=$238,000)
2025-10-19 00:45:04,475 [INFO] Main: 50-a enrich record #26 - Ariel Peraltayascaribay
2025-10-19 00:45:04,475 [INFO] 50-a: Searching for 'Ariel Peraltayascaribay' (First='Ariel' Last='Peraltayascaribay')
2025-10-19 00:45:04,996 [INFO] 50-a: loaded https://www.50-a.org/
2025-10-19 00:45:11,939 [INFO] 50-a: 1 search results for 'Ariel Peraltayascaribay'
2025-10-19 00:45:11,951 [INFO] 50-a: candidate#1 'Peraltayascaribay, Ariel E.' -> First='Ariel' Last='Peraltayascaribay'
2025-10-19 00:45:11,951 [INFO] 50-a: exact match found on candidate#1 'Peraltayascaribay, Ariel E.'
2025-10-19 00:45:12,184 [INFO] 50-a: officer profile loaded
2025-10-19 00:45:12,199 [INFO] 50-a: identity snippet (first 300 chars): Ariel E. Peraltayascaribay
Badge #13628, Hispanic Male
Police Officer at Brooklyn Court Section since December 2024
Also served at Medical Division, 30th Precinct
Service started January 2020, Tax #969283
2025-10-19 00:45:12,211 [INFO] 50-a: badge extracted via selector 'span.badge': 13628
2025-10-19 00:45:12,223 [INFO] 50-a: service_start parsed: 01/01/2020
2025-10-19 00:45:12,237 [INFO] 50-a: has_discipline=N has_articles=N
2025-10-19 00:45:12,311 [INFO] 50-a: summary 'Allegations' -> 3
2025-10-19 00:45:12,336 [INFO] 50-a: summary 'Substantiated' -> 0
2025-10-19 00:45:12,393 [INFO] 50-a: lawsuits=0 settlements=0
2025-10-19 00:45:12,393 [INFO] 50-a: enrichment complete for 'Ariel Peraltayascaribay' (badge=13628, pct=36, started=01/01/2020, last_earned=None)
2025-10-19 00:45:12,393 [INFO] Main: 50-a enrich record #27 - Lenita Harrison
2025-10-19 00:45:12,393 [INFO] 50-a: Searching for 'Lenita Harrison' (First='Lenita' Last='Harrison')
2025-10-19 00:45:12,913 [INFO] 50-a: loaded https://www.50-a.org/
2025-10-19 00:45:22,006 [INFO] 50-a: 21 search results for 'Lenita Harrison'
2025-10-19 00:45:22,018 [INFO] 50-a: candidate#1 'Harrison, Lenita I.' -> First='Lenita' Last='Harrison'
2025-10-19 00:45:22,018 [INFO] 50-a: exact match found on candidate#1 'Harrison, Lenita I.'
2025-10-19 00:45:22,253 [INFO] 50-a: officer profile loaded
2025-10-19 00:45:22,267 [INFO] 50-a: identity snippet (first 300 chars): Lenita I. Harrison
Badge #26439, Black Female
Police Officer at Patrol Borough Brooklyn North since October 2021
Also served at 77th Precinct
Service started July 2003, made $132,000 last year, Tax #932776



Discipline Cases:

Case: 2013-9135
Closed: 7/22/2014
Document
Case: 2013=9135
Closed: 7/22/
2025-10-19 00:45:22,278 [INFO] 50-a: badge extracted via selector 'span.badge': 26439
2025-10-19 00:45:22,290 [INFO] 50-a: service_start parsed: 07/01/2003
2025-10-19 00:45:22,302 [INFO] 50-a: last_earned extracted from span.compensation: $132,000
2025-10-19 00:45:22,320 [INFO] 50-a: has_discipline=Y has_articles=N
2025-10-19 00:45:22,372 [INFO] 50-a: summary 'Complaints' -> 4
2025-10-19 00:45:22,398 [INFO] 50-a: summary 'Allegations' -> 5
2025-10-19 00:45:22,424 [INFO] 50-a: summary 'Substantiated' -> 0
2025-10-19 00:45:22,503 [INFO] 50-a: summary 'Unsubstantiated' -> 2
2025-10-19 00:45:22,508 [INFO] 50-a: enrichment complete for 'Lenita Harrison' (badge=26439, pct=PBBN, started=07/01/2003, last_earned=$132,000)
2025-10-19 00:45:22,508 [INFO] Main: 50-a enrich record #28 - Lenita Harrison
2025-10-19 00:45:22,508 [INFO] 50-a: Searching for 'Lenita Harrison' (First='Lenita' Last='Harrison')
2025-10-19 00:45:23,033 [INFO] 50-a: loaded https://www.50-a.org/
2025-10-19 00:45:23,153 [INFO] 50-a: 21 search results for 'Lenita Harrison'
2025-10-19 00:45:23,165 [INFO] 50-a: candidate#1 'Harrison, Lenita I.' -> First='Lenita' Last='Harrison'
2025-10-19 00:45:23,165 [INFO] 50-a: exact match found on candidate#1 'Harrison, Lenita I.'
2025-10-19 00:45:23,244 [INFO] 50-a: officer profile loaded
2025-10-19 00:45:23,259 [INFO] 50-a: identity snippet (first 300 chars): Lenita I. Harrison
Badge #26439, Black Female
Police Officer at Patrol Borough Brooklyn North since October 2021
Also served at 77th Precinct
Service started July 2003, made $132,000 last year, Tax #932776



Discipline Cases:

Case: 2013-9135
Closed: 7/22/2014
Document
Case: 2013=9135
Closed: 7/22/
2025-10-19 00:45:23,270 [INFO] 50-a: badge extracted via selector 'span.badge': 26439
2025-10-19 00:45:23,281 [INFO] 50-a: service_start parsed: 07/01/2003
2025-10-19 00:45:23,293 [INFO] 50-a: last_earned extracted from span.compensation: $132,000
2025-10-19 00:45:23,310 [INFO] 50-a: has_discipline=Y has_articles=N
2025-10-19 00:45:23,351 [INFO] 50-a: summary 'Complaints' -> 4
2025-10-19 00:45:23,373 [INFO] 50-a: summary 'Allegations' -> 5
2025-10-19 00:45:23,395 [INFO] 50-a: summary 'Substantiated' -> 0
2025-10-19 00:45:23,463 [INFO] 50-a: summary 'Unsubstantiated' -> 2
2025-10-19 00:45:23,466 [INFO] 50-a: enrichment complete for 'Lenita Harrison' (badge=26439, pct=PBBN, started=07/01/2003, last_earned=$132,000)
2025-10-19 00:45:23,467 [INFO] Main: beginning payroll enrichment pass
2025-10-19 00:45:23,645 [INFO] Main: payroll enrich record #1 - First='Julian' Last='Reyes'
2025-10-19 00:45:23,645 [INFO] Payroll: Searching for 'Julian Reyes'
2025-10-19 00:45:23,645 [INFO] Payroll: targeting 2024 first, then 2023
2025-10-19 00:45:23,646 [INFO] Payroll: using service_start tie-breaker = 2015-07-01
2025-10-19 00:45:23,646 [INFO] Payroll: attempt 1/3 for 'Julian Reyes'
2025-10-19 00:45:28,272 [INFO] Payroll: navigated to payroll site for attempt 1 for 'Julian Reyes'
2025-10-19 00:45:28,451 [INFO] Payroll: search submitted on attempt 1 for 'Julian Reyes'
2025-10-19 00:45:29,525 [INFO] Payroll: found 10 table rows for 'Julian Reyes' on attempt 1
2025-10-19 00:45:29,647 [INFO] Payroll: attempt 1 row#1 -> year=2025, first='JULIAN', last='REYES', agency_start='07/08/2015'
2025-10-19 00:45:29,775 [INFO] Payroll: attempt 1 row#2 -> year=2024, first='JULIAN', last='REYES', agency_start='07/08/2015'
2025-10-19 00:45:29,775 [INFO] Payroll: attempt 1 row#2 is 2024, chosen immediately
2025-10-19 00:45:29,776 [INFO] Payroll: chosen row year=2024 agency_start=07/08/2015 status=ACTIVE - payroll fields updated
2025-10-19 00:45:29,776 [INFO] Main: payroll enrich record #2 - First='Jovanna' Last='Martes'
2025-10-19 00:45:29,776 [INFO] Payroll: Searching for 'Jovanna Martes'
2025-10-19 00:45:29,776 [INFO] Payroll: targeting 2024 first, then 2023
2025-10-19 00:45:29,776 [INFO] Payroll: using service_start tie-breaker = 2012-07-01
2025-10-19 00:45:29,776 [INFO] Payroll: attempt 1/3 for 'Jovanna Martes'
2025-10-19 00:45:32,203 [INFO] Payroll: navigated to payroll site for attempt 1 for 'Jovanna Martes'
2025-10-19 00:45:32,560 [INFO] Payroll: search submitted on attempt 1 for 'Jovanna Martes'
2025-10-19 00:45:33,513 [INFO] Payroll: found 8 table rows for 'Jovanna Martes' on attempt 1
2025-10-19 00:45:33,639 [INFO] Payroll: attempt 1 row#1 -> year=2014, first='JOVANNA', last='MARTES', agency_start='07/11/2012'
2025-10-19 00:45:33,765 [INFO] Payroll: attempt 1 row#2 -> year=2025, first='JOVANNA', last='MARTES', agency_start='07/11/2012'
2025-10-19 00:45:33,889 [INFO] Payroll: attempt 1 row#3 -> year=2024, first='JOVANNA', last='MARTES', agency_start='07/11/2012'
2025-10-19 00:45:33,889 [INFO] Payroll: attempt 1 row#3 is 2024, chosen immediately
2025-10-19 00:45:33,889 [INFO] Payroll: chosen row year=2024 agency_start=07/11/2012 status=ACTIVE - payroll fields updated
2025-10-19 00:45:33,889 [INFO] Main: payroll enrich record #3 - First='Lucia' Last='Gaynor'
2025-10-19 00:45:33,890 [INFO] Payroll: Searching for 'Lucia Gaynor'
2025-10-19 00:45:33,890 [INFO] Payroll: targeting 2024 first, then 2023
2025-10-19 00:45:33,890 [INFO] Payroll: using service_start tie-breaker = 2013-07-01
2025-10-19 00:45:33,890 [INFO] Payroll: attempt 1/3 for 'Lucia Gaynor'
2025-10-19 00:45:36,082 [INFO] Payroll: navigated to payroll site for attempt 1 for 'Lucia Gaynor'
2025-10-19 00:45:36,321 [INFO] Payroll: search submitted on attempt 1 for 'Lucia Gaynor'
2025-10-19 00:45:37,416 [INFO] Payroll: found 12 table rows for 'Lucia Gaynor' on attempt 1
2025-10-19 00:45:37,560 [INFO] Payroll: attempt 1 row#1 -> year=2014, first='LUCIA', last='GAYNOR', agency_start='07/09/2013'
2025-10-19 00:45:37,674 [INFO] Payroll: attempt 1 row#2 -> year=2025, first='LUCIA', last='GAYNOR', agency_start='07/09/2013'
2025-10-19 00:45:37,785 [INFO] Payroll: attempt 1 row#3 -> year=2024, first='LUCIA', last='GAYNOR', agency_start='07/09/2013'
2025-10-19 00:45:37,786 [INFO] Payroll: attempt 1 row#3 is 2024, chosen immediately
2025-10-19 00:45:37,786 [INFO] Payroll: chosen row year=2024 agency_start=07/09/2013 status=ACTIVE - payroll fields updated
2025-10-19 00:45:37,786 [INFO] Main: payroll enrich record #4 - First='Alan' Last='Ye'
2025-10-19 00:45:37,786 [INFO] Payroll: Searching for 'Alan Ye'
2025-10-19 00:45:37,786 [INFO] Payroll: targeting 2024 first, then 2023
2025-10-19 00:45:37,786 [INFO] Payroll: using service_start tie-breaker = 2006-01-01
2025-10-19 00:45:37,786 [INFO] Payroll: attempt 1/3 for 'Alan Ye'
2025-10-19 00:45:40,525 [INFO] Payroll: navigated to payroll site for attempt 1 for 'Alan Ye'
2025-10-19 00:45:40,678 [INFO] Payroll: search submitted on attempt 1 for 'Alan Ye'
2025-10-19 00:45:41,692 [INFO] Payroll: found 12 table rows for 'Alan Ye' on attempt 1
2025-10-19 00:45:41,950 [INFO] Payroll: attempt 1 row#1 -> year=2014, first='ALAN', last='YE', agency_start='01/09/2006'
2025-10-19 00:45:42,110 [INFO] Payroll: attempt 1 row#2 -> year=2025, first='ALAN', last='YE', agency_start='01/09/2006'
2025-10-19 00:45:42,329 [INFO] Payroll: attempt 1 row#3 -> year=2024, first='ALAN', last='YE', agency_start='01/09/2006'
2025-10-19 00:45:42,330 [INFO] Payroll: attempt 1 row#3 is 2024, chosen immediately
2025-10-19 00:45:42,330 [INFO] Payroll: chosen row year=2024 agency_start=01/09/2006 status=ACTIVE - payroll fields updated
2025-10-19 00:45:42,330 [INFO] Main: payroll enrich record #5 - First='Kenneth' Last='Farrell'
2025-10-19 00:45:42,330 [INFO] Payroll: Searching for 'Kenneth Farrell'
2025-10-19 00:45:42,330 [INFO] Payroll: targeting 2024 first, then 2023
2025-10-19 00:45:42,330 [INFO] Payroll: using service_start tie-breaker = 2007-01-01
2025-10-19 00:45:42,330 [INFO] Payroll: attempt 1/3 for 'Kenneth Farrell'
2025-10-19 00:45:44,975 [INFO] Payroll: navigated to payroll site for attempt 1 for 'Kenneth Farrell'
2025-10-19 00:45:45,156 [INFO] Payroll: search submitted on attempt 1 for 'Kenneth Farrell'
2025-10-19 00:45:46,310 [INFO] Payroll: found 33 table rows for 'Kenneth Farrell' on attempt 1
2025-10-19 00:45:46,433 [INFO] Payroll: attempt 1 row#1 -> year=2014, first='KENNETH', last='FARRELL', agency_start='08/31/1998'
2025-10-19 00:45:46,563 [INFO] Payroll: attempt 1 row#2 -> year=2014, first='KENNETH', last='FARRELL', agency_start='01/10/2007'
2025-10-19 00:45:46,678 [INFO] Payroll: attempt 1 row#3 -> year=2014, first='KENNETH', last='FARRELL', agency_start='01/21/1985'
2025-10-19 00:45:46,791 [INFO] Payroll: attempt 1 row#4 -> year=2025, first='KENNETH', last='FARRELL', agency_start='01/10/2007'
2025-10-19 00:45:46,899 [INFO] Payroll: attempt 1 row#5 -> year=2024, first='KENNETH', last='FARRELL', agency_start='01/21/1985'
2025-10-19 00:45:46,900 [INFO] Payroll: attempt 1 row#5 is 2024, chosen immediately
2025-10-19 00:45:46,900 [INFO] Payroll: chosen row year=2024 agency_start=01/21/1985 status=CEASED - payroll fields updated
2025-10-19 00:45:46,900 [INFO] Main: payroll enrich record #6 - First='Alan' Last='Ye'
2025-10-19 00:45:46,900 [INFO] Payroll: Searching for 'Alan Ye'
2025-10-19 00:45:46,900 [INFO] Payroll: targeting 2024 first, then 2023
2025-10-19 00:45:46,900 [INFO] Payroll: using service_start tie-breaker = 2006-01-01
2025-10-19 00:45:46,900 [INFO] Payroll: attempt 1/3 for 'Alan Ye'
2025-10-19 00:45:49,065 [INFO] Payroll: navigated to payroll site for attempt 1 for 'Alan Ye'
2025-10-19 00:45:49,412 [INFO] Payroll: search submitted on attempt 1 for 'Alan Ye'
2025-10-19 00:45:50,445 [INFO] Payroll: found 12 table rows for 'Alan Ye' on attempt 1
2025-10-19 00:45:50,561 [INFO] Payroll: attempt 1 row#1 -> year=2014, first='ALAN', last='YE', agency_start='01/09/2006'
2025-10-19 00:45:50,682 [INFO] Payroll: attempt 1 row#2 -> year=2025, first='ALAN', last='YE', agency_start='01/09/2006'
2025-10-19 00:45:50,794 [INFO] Payroll: attempt 1 row#3 -> year=2024, first='ALAN', last='YE', agency_start='01/09/2006'
2025-10-19 00:45:50,794 [INFO] Payroll: attempt 1 row#3 is 2024, chosen immediately
2025-10-19 00:45:50,795 [INFO] Payroll: chosen row year=2024 agency_start=01/09/2006 status=ACTIVE - payroll fields updated
2025-10-19 00:45:50,795 [INFO] Main: payroll enrich record #7 - First='Lateef' Last='Stinson'
2025-10-19 00:45:50,795 [INFO] Payroll: Searching for 'Lateef Stinson'
2025-10-19 00:45:50,795 [INFO] Payroll: targeting 2024 first, then 2023
2025-10-19 00:45:50,795 [INFO] Payroll: using service_start tie-breaker = 2017-07-01
2025-10-19 00:45:50,795 [INFO] Payroll: attempt 1/3 for 'Lateef Stinson'
2025-10-19 00:45:53,866 [INFO] Payroll: navigated to payroll site for attempt 1 for 'Lateef Stinson'
2025-10-19 00:45:54,037 [INFO] Payroll: search submitted on attempt 1 for 'Lateef Stinson'
2025-10-19 00:45:55,016 [INFO] Payroll: found 8 table rows for 'Lateef Stinson' on attempt 1
2025-10-19 00:45:55,153 [INFO] Payroll: attempt 1 row#1 -> year=2025, first='LATEEF', last='STINSON', agency_start='07/05/2017'
2025-10-19 00:45:55,296 [INFO] Payroll: attempt 1 row#2 -> year=2024, first='LATEEF', last='STINSON', agency_start='07/05/2017'
2025-10-19 00:45:55,296 [INFO] Payroll: attempt 1 row#2 is 2024, chosen immediately
2025-10-19 00:45:55,296 [INFO] Payroll: chosen row year=2024 agency_start=07/05/2017 status=ACTIVE - payroll fields updated
2025-10-19 00:45:55,296 [INFO] Main: payroll enrich record #8 - First='Rayna' Last='Rampaul'
2025-10-19 00:45:55,296 [INFO] Payroll: Searching for 'Rayna Rampaul'
2025-10-19 00:45:55,296 [INFO] Payroll: targeting 2024 first, then 2023
2025-10-19 00:45:55,297 [INFO] Payroll: using service_start tie-breaker = 2006-01-01
2025-10-19 00:45:55,297 [INFO] Payroll: attempt 1/3 for 'Rayna Rampaul'
2025-10-19 00:45:58,023 [INFO] Payroll: navigated to payroll site for attempt 1 for 'Rayna Rampaul'
2025-10-19 00:45:58,188 [INFO] Payroll: search submitted on attempt 1 for 'Rayna Rampaul'
2025-10-19 00:45:59,083 [INFO] Payroll: found 1 table rows for 'Rayna Rampaul' on attempt 1
2025-10-19 00:45:59,295 [INFO] Payroll: attempt 1 row#1 -> year=2025, first='RAYNA', last='RAMPAUL', agency_start='01/09/2006'
2025-10-19 00:45:59,296 [INFO] Payroll: attempt 2/3 for 'Rayna Rampaul'
2025-10-19 00:46:02,144 [INFO] Payroll: navigated to payroll site for attempt 2 for 'Rayna Rampaul'
2025-10-19 00:46:02,317 [INFO] Payroll: search submitted on attempt 2 for 'Rayna Rampaul'
2025-10-19 00:46:03,254 [INFO] Payroll: found 1 table rows for 'Rayna Rampaul' on attempt 2
2025-10-19 00:46:03,397 [INFO] Payroll: attempt 2 row#1 -> year=2025, first='RAYNA', last='RAMPAUL', agency_start='01/09/2006'
2025-10-19 00:46:03,397 [INFO] Payroll: attempt 3/3 for 'Rayna Rampaul'
2025-10-19 00:46:06,459 [INFO] Payroll: navigated to payroll site for attempt 3 for 'Rayna Rampaul'
2025-10-19 00:46:06,636 [INFO] Payroll: search submitted on attempt 3 for 'Rayna Rampaul'
2025-10-19 00:46:07,568 [INFO] Payroll: found 1 table rows for 'Rayna Rampaul' on attempt 3
2025-10-19 00:46:07,691 [INFO] Payroll: attempt 3 row#1 -> year=2025, first='RAYNA', last='RAMPAUL', agency_start='01/09/2006'
2025-10-19 00:46:07,691 [WARNING] Payroll: no suitable payroll match found for 'Rayna Rampaul' — will attempt one refresh-and-retry
2025-10-19 00:46:10,363 [INFO] Payroll: page reloaded for retry for 'Rayna Rampaul'
2025-10-19 00:46:11,389 [INFO] Payroll: re-submitting search on final retry for 'Rayna Rampaul'
2025-10-19 00:46:11,444 [INFO] Payroll: retry found 1 rows for 'Rayna Rampaul'
2025-10-19 00:46:11,562 [INFO] Main: payroll enrich record #9 - First='Ivan' Last='Villanueva'
2025-10-19 00:46:11,562 [INFO] Payroll: Searching for 'Ivan Villanueva'
2025-10-19 00:46:11,562 [INFO] Payroll: targeting 2024 first, then 2023
2025-10-19 00:46:11,562 [INFO] Payroll: using service_start tie-breaker = 2008-07-01
2025-10-19 00:46:11,562 [INFO] Payroll: attempt 1/3 for 'Ivan Villanueva'
2025-10-19 00:46:14,135 [INFO] Payroll: navigated to payroll site for attempt 1 for 'Ivan Villanueva'
2025-10-19 00:46:14,318 [INFO] Payroll: search submitted on attempt 1 for 'Ivan Villanueva'
2025-10-19 00:46:15,345 [INFO] Payroll: found 12 table rows for 'Ivan Villanueva' on attempt 1
2025-10-19 00:46:15,476 [INFO] Payroll: attempt 1 row#1 -> year=2014, first='IVAN', last='VILLANUEVA', agency_start='07/08/2008'
2025-10-19 00:46:15,585 [INFO] Payroll: attempt 1 row#2 -> year=2025, first='IVAN', last='VILLANUEVA', agency_start='07/08/2008'
2025-10-19 00:46:15,698 [INFO] Payroll: attempt 1 row#3 -> year=2024, first='IVAN', last='VILLANUEVA', agency_start='07/08/2008'
2025-10-19 00:46:15,698 [INFO] Payroll: attempt 1 row#3 is 2024, chosen immediately
2025-10-19 00:46:15,698 [INFO] Payroll: chosen row year=2024 agency_start=07/08/2008 status=ACTIVE - payroll fields updated
2025-10-19 00:46:15,698 [INFO] Main: payroll enrich record #10 - First='Gregory' Last='Howard'
2025-10-19 00:46:15,698 [INFO] Payroll: Searching for 'Gregory Howard'
2025-10-19 00:46:15,698 [INFO] Payroll: targeting 2024 first, then 2023
2025-10-19 00:46:15,699 [INFO] Payroll: using service_start tie-breaker = 2006-01-01
2025-10-19 00:46:15,699 [INFO] Payroll: attempt 1/3 for 'Gregory Howard'
2025-10-19 00:46:18,513 [INFO] Payroll: navigated to payroll site for attempt 1 for 'Gregory Howard'
2025-10-19 00:46:18,677 [INFO] Payroll: search submitted on attempt 1 for 'Gregory Howard'
2025-10-19 00:46:19,529 [INFO] Payroll: found 12 table rows for 'Gregory Howard' on attempt 1
2025-10-19 00:46:19,800 [INFO] Payroll: attempt 1 row#1 -> year=2014, first='GREGORY', last='HOWARD', agency_start='01/31/2006'
2025-10-19 00:46:20,034 [INFO] Payroll: attempt 1 row#2 -> year=2025, first='GREGORY', last='HOWARD', agency_start='01/31/2006'
2025-10-19 00:46:20,153 [INFO] Payroll: attempt 1 row#3 -> year=2024, first='GREGORY', last='HOWARD', agency_start='01/31/2006'
2025-10-19 00:46:20,153 [INFO] Payroll: attempt 1 row#3 is 2024, chosen immediately
2025-10-19 00:46:20,153 [INFO] Payroll: chosen row year=2024 agency_start=01/31/2006 status=ACTIVE - payroll fields updated
2025-10-19 00:46:20,153 [INFO] Main: payroll enrich record #11 - First='Ivan' Last='Villanueva'
2025-10-19 00:46:20,153 [INFO] Payroll: Searching for 'Ivan Villanueva'
2025-10-19 00:46:20,154 [INFO] Payroll: targeting 2024 first, then 2023
2025-10-19 00:46:20,154 [INFO] Payroll: using service_start tie-breaker = 2008-07-01
2025-10-19 00:46:20,154 [INFO] Payroll: attempt 1/3 for 'Ivan Villanueva'
2025-10-19 00:46:23,019 [INFO] Payroll: navigated to payroll site for attempt 1 for 'Ivan Villanueva'
2025-10-19 00:46:23,197 [INFO] Payroll: search submitted on attempt 1 for 'Ivan Villanueva'
2025-10-19 00:46:24,259 [INFO] Payroll: found 12 table rows for 'Ivan Villanueva' on attempt 1
2025-10-19 00:46:24,398 [INFO] Payroll: attempt 1 row#1 -> year=2014, first='IVAN', last='VILLANUEVA', agency_start='07/08/2008'
2025-10-19 00:46:24,518 [INFO] Payroll: attempt 1 row#2 -> year=2025, first='IVAN', last='VILLANUEVA', agency_start='07/08/2008'
2025-10-19 00:46:24,639 [INFO] Payroll: attempt 1 row#3 -> year=2024, first='IVAN', last='VILLANUEVA', agency_start='07/08/2008'
2025-10-19 00:46:24,639 [INFO] Payroll: attempt 1 row#3 is 2024, chosen immediately
2025-10-19 00:46:24,639 [INFO] Payroll: chosen row year=2024 agency_start=07/08/2008 status=ACTIVE - payroll fields updated
2025-10-19 00:46:24,640 [INFO] Main: payroll enrich record #12 - First='Christopher' Last='Musa'
2025-10-19 00:46:24,640 [INFO] Payroll: Searching for 'Christopher Musa'
2025-10-19 00:46:24,640 [INFO] Payroll: targeting 2024 first, then 2023
2025-10-19 00:46:24,640 [INFO] Payroll: using service_start tie-breaker = 2012-01-01
2025-10-19 00:46:24,640 [INFO] Payroll: attempt 1/3 for 'Christopher Musa'
2025-10-19 00:46:27,422 [INFO] Payroll: navigated to payroll site for attempt 1 for 'Christopher Musa'
2025-10-19 00:46:27,593 [INFO] Payroll: search submitted on attempt 1 for 'Christopher Musa'
2025-10-19 00:46:28,534 [INFO] Payroll: found 12 table rows for 'Christopher Musa' on attempt 1
2025-10-19 00:46:28,758 [INFO] Payroll: attempt 1 row#1 -> year=2014, first='CHRISTOPHER', last='MUSA', agency_start='01/09/2012'
2025-10-19 00:46:28,890 [INFO] Payroll: attempt 1 row#2 -> year=2025, first='CHRISTOPHER', last='MUSA', agency_start='01/09/2012'
2025-10-19 00:46:29,002 [INFO] Payroll: attempt 1 row#3 -> year=2024, first='CHRISTOPHER', last='MUSA', agency_start='01/09/2012'
2025-10-19 00:46:29,003 [INFO] Payroll: attempt 1 row#3 is 2024, chosen immediately
2025-10-19 00:46:29,003 [INFO] Payroll: chosen row year=2024 agency_start=01/09/2012 status=ACTIVE - payroll fields updated
2025-10-19 00:46:29,003 [INFO] Main: payroll enrich record #13 - First='Gregory' Last='Howard'
2025-10-19 00:46:29,003 [INFO] Payroll: Searching for 'Gregory Howard'
2025-10-19 00:46:29,003 [INFO] Payroll: targeting 2024 first, then 2023
2025-10-19 00:46:29,003 [INFO] Payroll: using service_start tie-breaker = 2006-01-01
2025-10-19 00:46:29,003 [INFO] Payroll: attempt 1/3 for 'Gregory Howard'
2025-10-19 00:46:31,825 [INFO] Payroll: navigated to payroll site for attempt 1 for 'Gregory Howard'
2025-10-19 00:46:32,003 [INFO] Payroll: search submitted on attempt 1 for 'Gregory Howard'
2025-10-19 00:46:33,017 [INFO] Payroll: found 12 table rows for 'Gregory Howard' on attempt 1
2025-10-19 00:46:33,139 [INFO] Payroll: attempt 1 row#1 -> year=2014, first='GREGORY', last='HOWARD', agency_start='01/31/2006'
2025-10-19 00:46:33,260 [INFO] Payroll: attempt 1 row#2 -> year=2025, first='GREGORY', last='HOWARD', agency_start='01/31/2006'
2025-10-19 00:46:33,368 [INFO] Payroll: attempt 1 row#3 -> year=2024, first='GREGORY', last='HOWARD', agency_start='01/31/2006'
2025-10-19 00:46:33,368 [INFO] Payroll: attempt 1 row#3 is 2024, chosen immediately
2025-10-19 00:46:33,368 [INFO] Payroll: chosen row year=2024 agency_start=01/31/2006 status=ACTIVE - payroll fields updated
2025-10-19 00:46:33,368 [INFO] Main: payroll enrich record #14 - First='Harry' Last='Espinal'
2025-10-19 00:46:33,368 [INFO] Payroll: Searching for 'Harry Espinal'
2025-10-19 00:46:33,368 [INFO] Payroll: targeting 2024 first, then 2023
2025-10-19 00:46:33,368 [INFO] Payroll: using service_start tie-breaker = 2015-07-01
2025-10-19 00:46:33,368 [INFO] Payroll: attempt 1/3 for 'Harry Espinal'
2025-10-19 00:46:36,257 [INFO] Payroll: navigated to payroll site for attempt 1 for 'Harry Espinal'
2025-10-19 00:46:36,435 [INFO] Payroll: search submitted on attempt 1 for 'Harry Espinal'
2025-10-19 00:46:37,334 [INFO] Payroll: found 9 table rows for 'Harry Espinal' on attempt 1
2025-10-19 00:46:37,524 [INFO] Payroll: attempt 1 row#1 -> year=2025, first='HARRY', last='ESPINAL', agency_start='07/08/2015'
2025-10-19 00:46:37,639 [INFO] Payroll: attempt 1 row#2 -> year=2024, first='HARRY', last='ESPINAL', agency_start='07/08/2015'
2025-10-19 00:46:37,639 [INFO] Payroll: attempt 1 row#2 is 2024, chosen immediately
2025-10-19 00:46:37,639 [INFO] Payroll: chosen row year=2024 agency_start=07/08/2015 status=ACTIVE - payroll fields updated
2025-10-19 00:46:37,639 [INFO] Main: payroll enrich record #15 - First='Christopher' Last='Musa'
2025-10-19 00:46:37,639 [INFO] Payroll: Searching for 'Christopher Musa'
2025-10-19 00:46:37,639 [INFO] Payroll: targeting 2024 first, then 2023
2025-10-19 00:46:37,640 [INFO] Payroll: using service_start tie-breaker = 2012-01-01
2025-10-19 00:46:37,640 [INFO] Payroll: attempt 1/3 for 'Christopher Musa'
2025-10-19 00:46:40,357 [INFO] Payroll: navigated to payroll site for attempt 1 for 'Christopher Musa'
2025-10-19 00:46:40,637 [INFO] Payroll: search submitted on attempt 1 for 'Christopher Musa'
2025-10-19 00:46:42,585 [INFO] Payroll: found 12 table rows for 'Christopher Musa' on attempt 1
2025-10-19 00:46:42,884 [INFO] Payroll: attempt 1 row#1 -> year=2014, first='CHRISTOPHER', last='MUSA', agency_start='01/09/2012'
2025-10-19 00:46:43,024 [INFO] Payroll: attempt 1 row#2 -> year=2025, first='CHRISTOPHER', last='MUSA', agency_start='01/09/2012'
2025-10-19 00:46:43,140 [INFO] Payroll: attempt 1 row#3 -> year=2024, first='CHRISTOPHER', last='MUSA', agency_start='01/09/2012'
2025-10-19 00:46:43,140 [INFO] Payroll: attempt 1 row#3 is 2024, chosen immediately
2025-10-19 00:46:43,141 [INFO] Payroll: chosen row year=2024 agency_start=01/09/2012 status=ACTIVE - payroll fields updated
2025-10-19 00:46:43,141 [INFO] Main: payroll enrich record #16 - First='Laura' Last='Devoy'
2025-10-19 00:46:43,141 [INFO] Payroll: Searching for 'Laura Devoy'
2025-10-19 00:46:43,141 [INFO] Payroll: targeting 2024 first, then 2023
2025-10-19 00:46:43,141 [INFO] Payroll: attempt 1/3 for 'Laura Devoy'
2025-10-19 00:46:45,554 [INFO] Payroll: navigated to payroll site for attempt 1 for 'Laura Devoy'
2025-10-19 00:46:46,028 [INFO] Payroll: search submitted on attempt 1 for 'Laura Devoy'
2025-10-19 00:46:47,512 [INFO] Payroll: found 7 table rows for 'Laura Devoy' on attempt 1
2025-10-19 00:46:47,685 [INFO] Payroll: attempt 1 row#1 -> year=2025, first='LAURA', last='DEVOY', agency_start='10/01/2018'
2025-10-19 00:46:47,897 [INFO] Payroll: attempt 1 row#2 -> year=2024, first='LAURA', last='DEVOY', agency_start='10/01/2018'
2025-10-19 00:46:47,897 [INFO] Payroll: attempt 1 row#2 is 2024, chosen immediately
2025-10-19 00:46:47,897 [INFO] Payroll: chosen row year=2024 agency_start=10/01/2018 status=ON LEAVE - payroll fields updated
2025-10-19 00:46:47,897 [INFO] Main: payroll enrich record #17 - First='Miguel' Last='Estevez'
2025-10-19 00:46:47,897 [INFO] Payroll: Searching for 'Miguel Estevez'
2025-10-19 00:46:47,897 [INFO] Payroll: targeting 2024 first, then 2023
2025-10-19 00:46:47,898 [INFO] Payroll: using service_start tie-breaker = 2005-07-01
2025-10-19 00:46:47,898 [INFO] Payroll: attempt 1/3 for 'Miguel Estevez'
2025-10-19 00:46:50,195 [INFO] Payroll: navigated to payroll site for attempt 1 for 'Miguel Estevez'
2025-10-19 00:46:50,860 [INFO] Payroll: search submitted on attempt 1 for 'Miguel Estevez'
2025-10-19 00:46:52,244 [INFO] Payroll: found 12 table rows for 'Miguel Estevez' on attempt 1
2025-10-19 00:46:52,381 [INFO] Payroll: attempt 1 row#1 -> year=2014, first='MIGUEL', last='ESTEVEZ', agency_start='07/11/2005'
2025-10-19 00:46:52,518 [INFO] Payroll: attempt 1 row#2 -> year=2025, first='MIGUEL', last='ESTEVEZ', agency_start='07/11/2005'
2025-10-19 00:46:52,651 [INFO] Payroll: attempt 1 row#3 -> year=2024, first='MIGUEL', last='ESTEVEZ', agency_start='07/11/2005'
2025-10-19 00:46:52,651 [INFO] Payroll: attempt 1 row#3 is 2024, chosen immediately
2025-10-19 00:46:52,651 [INFO] Payroll: chosen row year=2024 agency_start=07/11/2005 status=ACTIVE - payroll fields updated
2025-10-19 00:46:52,651 [INFO] Main: payroll enrich record #18 - First='Michael' Last='Velazquez'
2025-10-19 00:46:52,651 [INFO] Payroll: Searching for 'Michael Velazquez'
2025-10-19 00:46:52,652 [INFO] Payroll: targeting 2024 first, then 2023
2025-10-19 00:46:52,652 [INFO] Payroll: using service_start tie-breaker = 2017-01-01
2025-10-19 00:46:52,652 [INFO] Payroll: attempt 1/3 for 'Michael Velazquez'
2025-10-19 00:46:54,917 [INFO] Payroll: navigated to payroll site for attempt 1 for 'Michael Velazquez'
2025-10-19 00:46:55,415 [INFO] Payroll: search submitted on attempt 1 for 'Michael Velazquez'
2025-10-19 00:46:56,877 [INFO] Payroll: found 10 table rows for 'Michael Velazquez' on attempt 1
2025-10-19 00:46:57,031 [INFO] Payroll: attempt 1 row#1 -> year=2025, first='MICHAEL', last='VELAZQUEZ', agency_start='01/04/2017'
2025-10-19 00:46:57,148 [INFO] Payroll: attempt 1 row#2 -> year=2024, first='MICHAEL', last='VELAZQUEZ', agency_start='01/04/2017'
2025-10-19 00:46:57,148 [INFO] Payroll: attempt 1 row#2 is 2024, chosen immediately
2025-10-19 00:46:57,148 [INFO] Payroll: chosen row year=2024 agency_start=01/04/2017 status=ACTIVE - payroll fields updated
2025-10-19 00:46:57,148 [INFO] Main: payroll enrich record #19 - First='Miguel' Last='Estevez'
2025-10-19 00:46:57,148 [INFO] Payroll: Searching for 'Miguel Estevez'
2025-10-19 00:46:57,149 [INFO] Payroll: targeting 2024 first, then 2023
2025-10-19 00:46:57,149 [INFO] Payroll: using service_start tie-breaker = 2005-07-01
2025-10-19 00:46:57,149 [INFO] Payroll: attempt 1/3 for 'Miguel Estevez'
2025-10-19 00:46:59,825 [INFO] Payroll: navigated to payroll site for attempt 1 for 'Miguel Estevez'
2025-10-19 00:47:00,498 [INFO] Payroll: search submitted on attempt 1 for 'Miguel Estevez'
2025-10-19 00:47:03,716 [INFO] Payroll: found 12 table rows for 'Miguel Estevez' on attempt 1
2025-10-19 00:47:04,027 [INFO] Payroll: attempt 1 row#1 -> year=2014, first='MIGUEL', last='ESTEVEZ', agency_start='07/11/2005'
2025-10-19 00:47:04,603 [INFO] Payroll: attempt 1 row#2 -> year=2025, first='MIGUEL', last='ESTEVEZ', agency_start='07/11/2005'
2025-10-19 00:47:05,098 [INFO] Payroll: attempt 1 row#3 -> year=2024, first='MIGUEL', last='ESTEVEZ', agency_start='07/11/2005'
2025-10-19 00:47:05,098 [INFO] Payroll: attempt 1 row#3 is 2024, chosen immediately
2025-10-19 00:47:05,098 [INFO] Payroll: chosen row year=2024 agency_start=07/11/2005 status=ACTIVE - payroll fields updated
2025-10-19 00:47:05,099 [INFO] Main: payroll enrich record #20 - First='Donald' Last='Aridas'
2025-10-19 00:47:05,099 [INFO] Payroll: Searching for 'Donald Aridas'
2025-10-19 00:47:05,099 [INFO] Payroll: targeting 2024 first, then 2023
2025-10-19 00:47:05,099 [INFO] Payroll: using service_start tie-breaker = 2006-01-01
2025-10-19 00:47:05,099 [INFO] Payroll: attempt 1/3 for 'Donald Aridas'
2025-10-19 00:47:06,811 [INFO] Payroll: navigated to payroll site for attempt 1 for 'Donald Aridas'
2025-10-19 00:47:09,900 [INFO] Payroll: search submitted on attempt 1 for 'Donald Aridas'
2025-10-19 00:47:11,345 [WARNING] Payroll: search input did not apply for 'Donald Aridas' on attempt 1 (input=''); will retry
2025-10-19 00:47:11,852 [INFO] Payroll: attempt 2/3 for 'Donald Aridas'
2025-10-19 00:47:14,507 [INFO] Payroll: navigated to payroll site for attempt 2 for 'Donald Aridas'
2025-10-19 00:47:15,662 [INFO] Payroll: search submitted on attempt 2 for 'Donald Aridas'
2025-10-19 00:47:17,681 [INFO] Payroll: found 12 table rows for 'Donald Aridas' on attempt 2
2025-10-19 00:47:17,885 [INFO] Payroll: attempt 2 row#1 -> year=2014, first='DONALD', last='ARIDAS', agency_start='01/09/2006'
2025-10-19 00:47:18,110 [INFO] Payroll: attempt 2 row#2 -> year=2025, first='DONALD', last='ARIDAS', agency_start='01/09/2006'
2025-10-19 00:47:18,284 [INFO] Payroll: attempt 2 row#3 -> year=2024, first='DONALD', last='ARIDAS', agency_start='01/09/2006'
2025-10-19 00:47:18,284 [INFO] Payroll: attempt 2 row#3 is 2024, chosen immediately
2025-10-19 00:47:18,284 [INFO] Payroll: chosen row year=2024 agency_start=01/09/2006 status=ACTIVE - payroll fields updated
2025-10-19 00:47:18,284 [INFO] Main: payroll enrich record #21 - First='Anthony' Last='Diaz'
2025-10-19 00:47:18,284 [INFO] Payroll: Searching for 'Anthony Diaz'
2025-10-19 00:47:18,284 [INFO] Payroll: targeting 2024 first, then 2023
2025-10-19 00:47:18,284 [INFO] Payroll: using service_start tie-breaker = 2013-07-01
2025-10-19 00:47:18,285 [INFO] Payroll: attempt 1/3 for 'Anthony Diaz'
2025-10-19 00:47:19,825 [INFO] Payroll: navigated to payroll site for attempt 1 for 'Anthony Diaz'
2025-10-19 00:47:21,339 [INFO] Payroll: search submitted on attempt 1 for 'Anthony Diaz'
2025-10-19 00:47:24,218 [WARNING] Payroll: search input did not apply for 'Anthony Diaz' on attempt 1 (input=''); will retry
2025-10-19 00:47:24,722 [INFO] Payroll: attempt 2/3 for 'Anthony Diaz'
2025-10-19 00:47:27,201 [INFO] Payroll: navigated to payroll site for attempt 2 for 'Anthony Diaz'
2025-10-19 00:47:29,365 [INFO] Payroll: search submitted on attempt 2 for 'Anthony Diaz'
2025-10-19 00:47:31,594 [INFO] Payroll: found 31 table rows for 'Anthony Diaz' on attempt 2
2025-10-19 00:47:31,843 [INFO] Payroll: attempt 2 row#1 -> year=2014, first='ANTHONY', last='DIAZ', agency_start='01/20/2004'
2025-10-19 00:47:32,096 [INFO] Payroll: attempt 2 row#2 -> year=2014, first='ANTHONY', last='DIAZ', agency_start='07/09/2013'
2025-10-19 00:47:32,365 [INFO] Payroll: attempt 2 row#3 -> year=2014, first='ANTHONY', last='DIAZ', agency_start='01/26/1988'
2025-10-19 00:47:33,161 [INFO] Payroll: attempt 2 row#4 -> year=2014, first='ANTHONY', last='DIAZ', agency_start='04/30/1995'
2025-10-19 00:47:33,410 [INFO] Payroll: attempt 2 row#5 -> year=2025, first='ANTHONY', last='DIAZ', agency_start='07/09/2013'
2025-10-19 00:47:33,662 [INFO] Payroll: attempt 2 row#6 -> year=2024, first='ANTHONY', last='DIAZ', agency_start='07/09/2013'
2025-10-19 00:47:33,662 [INFO] Payroll: attempt 2 row#6 is 2024, chosen immediately
2025-10-19 00:47:33,662 [INFO] Payroll: chosen row year=2024 agency_start=07/09/2013 status=ACTIVE - payroll fields updated
2025-10-19 00:47:33,662 [INFO] Main: payroll enrich record #22 - First='Christopher' Last='Rodrigo'
2025-10-19 00:47:33,662 [INFO] Payroll: Searching for 'Christopher Rodrigo'
2025-10-19 00:47:33,663 [INFO] Payroll: targeting 2024 first, then 2023
2025-10-19 00:47:33,663 [INFO] Payroll: using service_start tie-breaker = 2001-07-01
2025-10-19 00:47:33,663 [INFO] Payroll: attempt 1/3 for 'Christopher Rodrigo'
2025-10-19 00:47:35,109 [INFO] Payroll: navigated to payroll site for attempt 1 for 'Christopher Rodrigo'
2025-10-19 00:47:36,741 [INFO] Payroll: search submitted on attempt 1 for 'Christopher Rodrigo'
2025-10-19 00:47:38,167 [WARNING] Payroll: search input did not apply for 'Christopher Rodrigo' on attempt 1 (input=''); will retry
2025-10-19 00:47:38,672 [INFO] Payroll: attempt 2/3 for 'Christopher Rodrigo'
2025-10-19 00:47:40,226 [INFO] Payroll: navigated to payroll site for attempt 2 for 'Christopher Rodrigo'
2025-10-19 00:47:41,610 [INFO] Payroll: search submitted on attempt 2 for 'Christopher Rodrigo'
2025-10-19 00:47:43,277 [WARNING] Payroll: search input did not apply for 'Christopher Rodrigo' on attempt 2 (input=''); will retry
2025-10-19 00:47:43,785 [INFO] Payroll: attempt 3/3 for 'Christopher Rodrigo'
2025-10-19 00:47:45,639 [INFO] Payroll: navigated to payroll site for attempt 3 for 'Christopher Rodrigo'
2025-10-19 00:47:47,833 [INFO] Payroll: search submitted on attempt 3 for 'Christopher Rodrigo'
2025-10-19 00:47:49,555 [WARNING] Payroll: search input did not apply for 'Christopher Rodrigo' on attempt 3 (input=''); will retry
2025-10-19 00:47:50,063 [WARNING] Payroll: no suitable payroll match found for 'Christopher Rodrigo' — will attempt one refresh-and-retry
2025-10-19 00:47:51,556 [INFO] Payroll: page reloaded for retry for 'Christopher Rodrigo'
2025-10-19 00:47:53,194 [INFO] Payroll: re-submitting search on final retry for 'Christopher Rodrigo'
2025-10-19 00:47:54,726 [INFO] Payroll: retry found 12 rows for 'Christopher Rodrigo'
2025-10-19 00:47:55,981 [INFO] Payroll(retry): row#3 is 2024, chosen immediately
2025-10-19 00:47:55,981 [INFO] Payroll(retry): payroll fields updated from retry for 'Christopher Rodrigo'
2025-10-19 00:47:55,981 [INFO] Main: payroll enrich record #23 - First='Michelle' Last='Bonaparte'
2025-10-19 00:47:55,981 [INFO] Payroll: Searching for 'Michelle Bonaparte'
2025-10-19 00:47:55,981 [INFO] Payroll: targeting 2024 first, then 2023
2025-10-19 00:47:55,982 [INFO] Payroll: using service_start tie-breaker = 2006-01-01
2025-10-19 00:47:55,982 [INFO] Payroll: attempt 1/3 for 'Michelle Bonaparte'
2025-10-19 00:47:58,758 [INFO] Payroll: navigated to payroll site for attempt 1 for 'Michelle Bonaparte'
2025-10-19 00:47:59,629 [INFO] Payroll: search submitted on attempt 1 for 'Michelle Bonaparte'
2025-10-19 00:48:01,991 [INFO] Payroll: found 12 table rows for 'Michelle Bonaparte' on attempt 1
2025-10-19 00:48:02,254 [INFO] Payroll: attempt 1 row#1 -> year=2014, first='MICHELLE', last='BONAPARTE', agency_start='01/31/2006'
2025-10-19 00:48:02,469 [INFO] Payroll: attempt 1 row#2 -> year=2025, first='MICHELLE', last='BONAPARTE', agency_start='01/31/2006'
2025-10-19 00:48:02,688 [INFO] Payroll: attempt 1 row#3 -> year=2024, first='MICHELLE', last='BONAPARTE', agency_start='01/31/2006'
2025-10-19 00:48:02,689 [INFO] Payroll: attempt 1 row#3 is 2024, chosen immediately
2025-10-19 00:48:02,689 [INFO] Payroll: chosen row year=2024 agency_start=01/31/2006 status=ACTIVE - payroll fields updated
2025-10-19 00:48:02,689 [INFO] Main: payroll enrich record #24 - First='Michelle' Last='Bonaparte'
2025-10-19 00:48:02,689 [INFO] Payroll: Searching for 'Michelle Bonaparte'
2025-10-19 00:48:02,689 [INFO] Payroll: targeting 2024 first, then 2023
2025-10-19 00:48:02,689 [INFO] Payroll: using service_start tie-breaker = 2006-01-01
2025-10-19 00:48:02,690 [INFO] Payroll: attempt 1/3 for 'Michelle Bonaparte'
2025-10-19 00:48:06,352 [INFO] Payroll: navigated to payroll site for attempt 1 for 'Michelle Bonaparte'
2025-10-19 00:48:06,536 [INFO] Payroll: search submitted on attempt 1 for 'Michelle Bonaparte'
2025-10-19 00:48:07,767 [INFO] Payroll: found 12 table rows for 'Michelle Bonaparte' on attempt 1
2025-10-19 00:48:07,891 [INFO] Payroll: attempt 1 row#1 -> year=2014, first='MICHELLE', last='BONAPARTE', agency_start='01/31/2006'
2025-10-19 00:48:08,009 [INFO] Payroll: attempt 1 row#2 -> year=2025, first='MICHELLE', last='BONAPARTE', agency_start='01/31/2006'
2025-10-19 00:48:08,143 [INFO] Payroll: attempt 1 row#3 -> year=2024, first='MICHELLE', last='BONAPARTE', agency_start='01/31/2006'
2025-10-19 00:48:08,143 [INFO] Payroll: attempt 1 row#3 is 2024, chosen immediately
2025-10-19 00:48:08,143 [INFO] Payroll: chosen row year=2024 agency_start=01/31/2006 status=ACTIVE - payroll fields updated
2025-10-19 00:48:08,143 [INFO] Main: payroll enrich record #25 - First='Michelle' Last='Bonaparte'
2025-10-19 00:48:08,143 [INFO] Payroll: Searching for 'Michelle Bonaparte'
2025-10-19 00:48:08,143 [INFO] Payroll: targeting 2024 first, then 2023
2025-10-19 00:48:08,144 [INFO] Payroll: using service_start tie-breaker = 2006-01-01
2025-10-19 00:48:08,144 [INFO] Payroll: attempt 1/3 for 'Michelle Bonaparte'
2025-10-19 00:48:10,859 [INFO] Payroll: navigated to payroll site for attempt 1 for 'Michelle Bonaparte'
2025-10-19 00:48:11,032 [INFO] Payroll: search submitted on attempt 1 for 'Michelle Bonaparte'
2025-10-19 00:48:12,069 [INFO] Payroll: found 12 table rows for 'Michelle Bonaparte' on attempt 1
2025-10-19 00:48:12,195 [INFO] Payroll: attempt 1 row#1 -> year=2014, first='MICHELLE', last='BONAPARTE', agency_start='01/31/2006'
2025-10-19 00:48:12,315 [INFO] Payroll: attempt 1 row#2 -> year=2025, first='MICHELLE', last='BONAPARTE', agency_start='01/31/2006'
2025-10-19 00:48:12,429 [INFO] Payroll: attempt 1 row#3 -> year=2024, first='MICHELLE', last='BONAPARTE', agency_start='01/31/2006'
2025-10-19 00:48:12,429 [INFO] Payroll: attempt 1 row#3 is 2024, chosen immediately
2025-10-19 00:48:12,429 [INFO] Payroll: chosen row year=2024 agency_start=01/31/2006 status=ACTIVE - payroll fields updated
2025-10-19 00:48:12,429 [INFO] Main: payroll enrich record #26 - First='Ariel' Last='Peraltayascaribay'
2025-10-19 00:48:12,429 [INFO] Payroll: Searching for 'Ariel Peraltayascaribay'
2025-10-19 00:48:12,429 [INFO] Payroll: targeting 2024 first, then 2023
2025-10-19 00:48:12,429 [INFO] Payroll: using service_start tie-breaker = 2020-01-01
2025-10-19 00:48:12,429 [INFO] Payroll: attempt 1/3 for 'Ariel Peraltayascaribay'
2025-10-19 00:48:14,714 [INFO] Payroll: navigated to payroll site for attempt 1 for 'Ariel Peraltayascaribay'
2025-10-19 00:48:14,965 [INFO] Payroll: search submitted on attempt 1 for 'Ariel Peraltayascaribay'
2025-10-19 00:48:16,388 [INFO] Payroll: found 0 table rows for 'Ariel Peraltayascaribay' on attempt 1
2025-10-19 00:48:16,389 [WARNING] Payroll: no rows returned for 'Ariel Peraltayascaribay' on attempt 1
2025-10-19 00:48:16,389 [INFO] Payroll: attempt 2/3 for 'Ariel Peraltayascaribay'
2025-10-19 00:48:19,081 [INFO] Payroll: navigated to payroll site for attempt 2 for 'Ariel Peraltayascaribay'
2025-10-19 00:48:19,282 [INFO] Payroll: search submitted on attempt 2 for 'Ariel Peraltayascaribay'
2025-10-19 00:48:20,725 [INFO] Payroll: found 0 table rows for 'Ariel Peraltayascaribay' on attempt 2
2025-10-19 00:48:20,726 [WARNING] Payroll: no rows returned for 'Ariel Peraltayascaribay' on attempt 2
2025-10-19 00:48:20,726 [INFO] Payroll: attempt 3/3 for 'Ariel Peraltayascaribay'
2025-10-19 00:48:23,390 [INFO] Payroll: navigated to payroll site for attempt 3 for 'Ariel Peraltayascaribay'
2025-10-19 00:48:23,565 [INFO] Payroll: search submitted on attempt 3 for 'Ariel Peraltayascaribay'
2025-10-19 00:48:25,493 [INFO] Payroll: found 0 table rows for 'Ariel Peraltayascaribay' on attempt 3
2025-10-19 00:48:25,494 [WARNING] Payroll: no rows returned for 'Ariel Peraltayascaribay' on attempt 3
2025-10-19 00:48:25,494 [WARNING] Payroll: no suitable payroll match found for 'Ariel Peraltayascaribay' — will attempt one refresh-and-retry
2025-10-19 00:48:27,965 [INFO] Payroll: page reloaded for retry for 'Ariel Peraltayascaribay'
2025-10-19 00:48:28,998 [INFO] Payroll: re-submitting search on final retry for 'Ariel Peraltayascaribay'
2025-10-19 00:48:36,037 [WARNING] Payroll: final retry search timed out for 'Ariel Peraltayascaribay'
2025-10-19 00:48:36,046 [INFO] Payroll: retry found 0 rows for 'Ariel Peraltayascaribay'
2025-10-19 00:48:36,046 [INFO] Main: payroll enrich record #27 - First='Lenita' Last='Harrison'
2025-10-19 00:48:36,047 [INFO] Payroll: Searching for 'Lenita Harrison'
2025-10-19 00:48:36,047 [INFO] Payroll: targeting 2024 first, then 2023
2025-10-19 00:48:36,047 [INFO] Payroll: using service_start tie-breaker = 2003-07-01
2025-10-19 00:48:36,047 [INFO] Payroll: attempt 1/3 for 'Lenita Harrison'
2025-10-19 00:48:38,790 [INFO] Payroll: navigated to payroll site for attempt 1 for 'Lenita Harrison'
2025-10-19 00:48:38,966 [INFO] Payroll: search submitted on attempt 1 for 'Lenita Harrison'
2025-10-19 00:48:40,064 [INFO] Payroll: found 12 table rows for 'Lenita Harrison' on attempt 1
2025-10-19 00:48:40,202 [INFO] Payroll: attempt 1 row#1 -> year=2014, first='LENITA', last='HARRISON', agency_start='07/01/2003'
2025-10-19 00:48:40,314 [INFO] Payroll: attempt 1 row#2 -> year=2025, first='LENITA', last='HARRISON', agency_start='07/01/2003'
2025-10-19 00:48:40,429 [INFO] Payroll: attempt 1 row#3 -> year=2024, first='LENITA', last='HARRISON', agency_start='07/01/2003'
2025-10-19 00:48:40,429 [INFO] Payroll: attempt 1 row#3 is 2024, chosen immediately
2025-10-19 00:48:40,429 [INFO] Payroll: chosen row year=2024 agency_start=07/01/2003 status=ACTIVE - payroll fields updated
2025-10-19 00:48:40,429 [INFO] Main: payroll enrich record #28 - First='Lenita' Last='Harrison'
2025-10-19 00:48:40,429 [INFO] Payroll: Searching for 'Lenita Harrison'
2025-10-19 00:48:40,429 [INFO] Payroll: targeting 2024 first, then 2023
2025-10-19 00:48:40,429 [INFO] Payroll: using service_start tie-breaker = 2003-07-01
2025-10-19 00:48:40,429 [INFO] Payroll: attempt 1/3 for 'Lenita Harrison'
2025-10-19 00:48:43,084 [INFO] Payroll: navigated to payroll site for attempt 1 for 'Lenita Harrison'
2025-10-19 00:48:43,257 [INFO] Payroll: search submitted on attempt 1 for 'Lenita Harrison'
2025-10-19 00:48:44,265 [INFO] Payroll: found 12 table rows for 'Lenita Harrison' on attempt 1
2025-10-19 00:48:44,461 [INFO] Payroll: attempt 1 row#1 -> year=2014, first='LENITA', last='HARRISON', agency_start='07/01/2003'
2025-10-19 00:48:44,591 [INFO] Payroll: attempt 1 row#2 -> year=2025, first='LENITA', last='HARRISON', agency_start='07/01/2003'
2025-10-19 00:48:44,698 [INFO] Payroll: attempt 1 row#3 -> year=2024, first='LENITA', last='HARRISON', agency_start='07/01/2003'
2025-10-19 00:48:44,698 [INFO] Payroll: attempt 1 row#3 is 2024, chosen immediately
2025-10-19 00:48:44,698 [INFO] Payroll: chosen row year=2024 agency_start=07/01/2003 status=ACTIVE - payroll fields updated
2025-10-19 00:48:44,879 [INFO] Browser closed, Dogs returned
2025-10-19 00:48:44,904 [INFO] Writing CSV to ../CSV/2510-copwatchdog.csv
2025-10-19 00:48:44,907 [INFO] Writing CSV to copwatchdog.csv
2025-10-19 00:48:44,909 [INFO] === THOTH Mission Complete ===
2025-10-19 00:48:44,909 [INFO] Monthly CSV file (../CSV/2510-copwatchdog.csv): 28 rows
2025-10-19 00:48:44,909 [INFO] Local CSV file (copwatchdog.csv): 28 rows
2025-10-19 00:48:44,909 [INFO] Successful Operation - Ready for HERMES ETL
[2025-10-19 00:48:45] [INFO] [HERMES] [run_copwatchdog.sh] THOTH completed successfully
[2025-10-19 00:48:45] [INFO] [HERMES] [run_copwatchdog.sh] Waiting for THOTH data collection and enrichment to complete...
[2025-10-19 00:48:45] [INFO] [HERMES] [run_copwatchdog.sh] THOTH data collection and enrichment completed successfully
[2025-10-19 00:48:45] [INFO] [HERMES] [run_copwatchdog.sh] Setting up database connection...
[2025-10-19 00:49:15] [WARNING] [COPWATCHDOG] [run_copwatchdog.sh] Direct database connection failed, trying SSH tunnel...
[2025-10-19 00:49:19] [INFO] [THOTH] [run_copwatchdog.sh] SSH tunnel established successfully
[2025-10-19 00:49:19] [INFO] [THOTH] [run_copwatchdog.sh] Starting database import process...
[2025-10-19 00:49:19] [INFO] [THOTH_IMPORT] [import_to_db.sh] Starting THOTH import script
[2025-10-19 00:49:19] [INFO] [THOTH_IMPORT] [import_to_db.sh] Starting database import process
[2025-10-19 00:49:19] [INFO] [THOTH_IMPORT] [import_to_db.sh] Using SSH tunnel for database connection
[2025-10-19 00:49:19] [INFO] [THOTH_IMPORT] [import_to_db.sh] Proceeding to CSV import...
[2025-10-19 00:49:19] [INFO] [THOTH_IMPORT] [import_to_db.sh] Applying schema fixes before import
[2025-10-19 00:49:49] [ERROR] [THOTH_IMPORT] [import_to_db.sh] Failed to apply schema fixes - import may fail
[2025-10-19 00:49:49] [INFO] [THOTH_IMPORT] [import_to_db.sh] Found 2 CSV files to process
[2025-10-19 00:49:49] [INFO] [THOTH_IMPORT] [import_to_db.sh]   - 2509-copwatchdog.csv
[2025-10-19 00:49:49] [INFO] [THOTH_IMPORT] [import_to_db.sh]   - 2510-copwatchdog.csv
[2025-10-19 00:49:49] [INFO] [THOTH_IMPORT] [import_to_db.sh] Importing /Users/vicstizzi/ART/YUMYODA/TECH/HERMES/THOTH/NYC/CSV/2509-copwatchdog.csv
[2025-10-19 00:49:49] [INFO] [THOTH_IMPORT] [import_to_db.sh] Using service=copwatchdog configuration
[2025-10-19 00:49:49] [INFO] [THOTH_IMPORT] [import_to_db.sh] Using helper script to import /Users/vicstizzi/ART/YUMYODA/TECH/HERMES/THOTH/NYC/CSV/2509-copwatchdog.csv
[2025-10-19 00:50:20] [ERROR] [THOTH_IMPORT] [import_to_db.sh] Import FAILED for /Users/vicstizzi/ART/YUMYODA/TECH/HERMES/THOTH/NYC/CSV/2509-copwatchdog.csv
[2025-10-19 00:50:20] [INFO] [THOTH_IMPORT] [import_to_db.sh] Importing /Users/vicstizzi/ART/YUMYODA/TECH/HERMES/THOTH/NYC/CSV/2510-copwatchdog.csv
[2025-10-19 00:50:20] [INFO] [THOTH_IMPORT] [import_to_db.sh] Using service=copwatchdog configuration
[2025-10-19 00:50:20] [INFO] [THOTH_IMPORT] [import_to_db.sh] Using helper script to import /Users/vicstizzi/ART/YUMYODA/TECH/HERMES/THOTH/NYC/CSV/2510-copwatchdog.csv
[2025-10-19 00:50:50] [ERROR] [THOTH_IMPORT] [import_to_db.sh] Import FAILED for /Users/vicstizzi/ART/YUMYODA/TECH/HERMES/THOTH/NYC/CSV/2510-copwatchdog.csv
[2025-10-19 00:50:50] [INFO] [THOTH_IMPORT] [import_to_db.sh] Import run complete: processed=0 failed=2
[2025-10-19 00:50:50] [INFO] [THOTH] [run_copwatchdog.sh] Database import completed successfully
[2025-10-19 00:50:50] [INFO] [THOTH] [run_copwatchdog.sh] Starting HERMES ETL transformation...
[2025-10-19 00:51:21] [ERROR] [THOTH] [run_copwatchdog.sh] HERMES ETL transformation failed
